L 01/10/2024 - 00:13:10: SourceMod error session started
L 01/10/2024 - 00:13:10: Info (map "tumtara") (file "e:\steam\steamapps\common\left 4 dead 2\left4dead2\addons\sourcemod\logs\errors_20240110.log")
L 01/10/2024 - 00:13:10: [SM] Unable to load extension "sourcescramble.ext": The specified module could not be found.

L 01/10/2024 - 00:13:10: [SM] Failed to load plugin "nextmap.smx": Unable to load plugin (unsupported feature set; code is too new).
L 01/10/2024 - 00:13:10: [SM] Failed to load plugin "[L4D2] Left4dhooks.smx": 
====================
This plugin replaces Left4Downtown. Delete the extension to run.
====================.
L 01/10/2024 - 00:13:10: [SM] Unable to load plugin "Charger_Collision_patch.smx": Required extension "Source Scramble" file("sourcescramble.ext") not running
L 01/10/2024 - 00:13:10: [SM] Exception reported: 
==========
Missing required file: "addons\sourcemod\gamedata\l4d2_melee_range.txt".
Read installation instructions again.
==========
L 01/10/2024 - 00:13:10: [SM] Blaming: l4d2_melee_range.smx
L 01/10/2024 - 00:13:10: [SM] Call stack trace:
L 01/10/2024 - 00:13:10: [SM]   [0] SetFailState
L 01/10/2024 - 00:13:10: [SM]   [1] Line 125, /home/forums/content/files/8/5/7/7/8/177585.attach::OnPluginStart
L 01/10/2024 - 00:13:10: [SM] Unable to load plugin "l4d2_melee_range.smx": Error detected in plugin startup (see error logs)
L 01/10/2024 - 00:13:17: [SM] Exception reported: Function signature "L4DD::CTerrorPlayer::OnIncapacitatedAsSurvivor" was not found.
L 01/10/2024 - 00:13:17: [SM] Blaming: left4dhooks.smx
L 01/10/2024 - 00:13:17: [SM] Call stack trace:
L 01/10/2024 - 00:13:17: [SM]   [0] DynamicDetour.FromConf
L 01/10/2024 - 00:13:17: [SM]   [1] Line 595, l4dd\l4dd_forwards.sp::CreateDetour
L 01/10/2024 - 00:13:17: [SM]   [2] Line 405, l4dd\l4dd_forwards.sp::SetupDetours
L 01/10/2024 - 00:13:17: [SM]   [3] Line 1438, C:\Servers\L4D2\left4dead2\addons\sourcemod\scripting\left4dhooks.sp::OnMapStart
L 01/10/2024 - 00:13:30: [SM] Exception reported: 
==========
Native 'L4D2_IsRealismMode' should not be used before OnMapStart, please report to 3rd party plugin author.
==========
L 01/10/2024 - 00:13:30: [SM] Blaming: left4dhooks.smx
L 01/10/2024 - 00:13:30: [SM] Call stack trace:
L 01/10/2024 - 00:13:30: [SM]   [0] ThrowNativeError
L 01/10/2024 - 00:13:30: [SM]   [1] Line 900, C:\Servers\L4D2\left4dead2\addons\sourcemod\scripting\left4dhooks.sp::Native_Internal_IsRealismMode
L 01/10/2024 - 00:13:30: [SM]   [3] L4D2_IsRealismMode
L 01/10/2024 - 00:13:30: [SM]   [4] Line 889, d:\Github\Private-Work\L4D2-插件\scripting_1.11\l4dmultislots.sp::Timer_PluginStart
L 01/10/2024 - 00:16:04: Error log file session closed.
L 01/10/2024 - 00:23:28: SourceMod error session started
L 01/10/2024 - 00:23:28: Info (map "tumtara") (file "e:\steam\steamapps\common\left 4 dead 2\left4dead2\addons\sourcemod\logs\errors_20240110.log")
L 01/10/2024 - 00:23:28: [SM] Unable to load extension "sourcescramble.ext": The specified module could not be found.

L 01/10/2024 - 00:23:28: [SM] Failed to load plugin "nextmap.smx": Unable to load plugin (unsupported feature set; code is too new).
L 01/10/2024 - 00:23:28: [SM] Failed to load plugin "[L4D2] Left4dhooks.smx": 
====================
This plugin replaces Left4Downtown. Delete the extension to run.
====================.
L 01/10/2024 - 00:23:28: [SM] Unable to load plugin "Charger_Collision_patch.smx": Required extension "Source Scramble" file("sourcescramble.ext") not running
L 01/10/2024 - 00:23:28: [SM] Exception reported: 
==========
Missing required file: "addons\sourcemod\gamedata\l4d2_melee_range.txt".
Read installation instructions again.
==========
L 01/10/2024 - 00:23:28: [SM] Blaming: l4d2_melee_range.smx
L 01/10/2024 - 00:23:28: [SM] Call stack trace:
L 01/10/2024 - 00:23:28: [SM]   [0] SetFailState
L 01/10/2024 - 00:23:28: [SM]   [1] Line 125, /home/forums/content/files/8/5/7/7/8/177585.attach::OnPluginStart
L 01/10/2024 - 00:23:28: [SM] Unable to load plugin "l4d2_melee_range.smx": Error detected in plugin startup (see error logs)
L 01/10/2024 - 00:23:34: [SM] Exception reported: Function signature "L4DD::CTerrorPlayer::OnIncapacitatedAsSurvivor" was not found.
L 01/10/2024 - 00:23:34: [SM] Blaming: left4dhooks.smx
L 01/10/2024 - 00:23:34: [SM] Call stack trace:
L 01/10/2024 - 00:23:34: [SM]   [0] DynamicDetour.FromConf
L 01/10/2024 - 00:23:34: [SM]   [1] Line 595, l4dd\l4dd_forwards.sp::CreateDetour
L 01/10/2024 - 00:23:34: [SM]   [2] Line 405, l4dd\l4dd_forwards.sp::SetupDetours
L 01/10/2024 - 00:23:34: [SM]   [3] Line 1438, C:\Servers\L4D2\left4dead2\addons\sourcemod\scripting\left4dhooks.sp::OnMapStart
L 01/10/2024 - 00:23:47: [SM] Exception reported: 
==========
Native 'L4D2_IsRealismMode' should not be used before OnMapStart, please report to 3rd party plugin author.
==========
L 01/10/2024 - 00:23:47: [SM] Blaming: left4dhooks.smx
L 01/10/2024 - 00:23:47: [SM] Call stack trace:
L 01/10/2024 - 00:23:47: [SM]   [0] ThrowNativeError
L 01/10/2024 - 00:23:47: [SM]   [1] Line 900, C:\Servers\L4D2\left4dead2\addons\sourcemod\scripting\left4dhooks.sp::Native_Internal_IsRealismMode
L 01/10/2024 - 00:23:47: [SM]   [3] L4D2_IsRealismMode
L 01/10/2024 - 00:23:47: [SM]   [4] Line 889, d:\Github\Private-Work\L4D2-插件\scripting_1.11\l4dmultislots.sp::Timer_PluginStart
L 01/10/2024 - 00:28:20: Error log file session closed.
L 01/10/2024 - 00:32:14: SourceMod error session started
L 01/10/2024 - 00:32:14: Info (map "tumtara") (file "e:\steam\steamapps\common\left 4 dead 2\left4dead2\addons\sourcemod\logs\errors_20240110.log")
L 01/10/2024 - 00:32:14: [SM] Unable to load extension "sourcescramble.ext": The specified module could not be found.

L 01/10/2024 - 00:32:14: [SM] Failed to load plugin "nextmap.smx": Unable to load plugin (unsupported feature set; code is too new).
L 01/10/2024 - 00:32:14: [SM] Failed to load plugin "[L4D2] Left4dhooks.smx": 
====================
This plugin replaces Left4Downtown. Delete the extension to run.
====================.
L 01/10/2024 - 00:32:14: [SM] Unable to load plugin "Charger_Collision_patch.smx": Required extension "Source Scramble" file("sourcescramble.ext") not running
L 01/10/2024 - 00:32:15: [SM] Exception reported: 
==========
Missing required file: "addons\sourcemod\gamedata\l4d2_melee_range.txt".
Read installation instructions again.
==========
L 01/10/2024 - 00:32:15: [SM] Blaming: l4d2_melee_range.smx
L 01/10/2024 - 00:32:15: [SM] Call stack trace:
L 01/10/2024 - 00:32:15: [SM]   [0] SetFailState
L 01/10/2024 - 00:32:15: [SM]   [1] Line 125, /home/forums/content/files/8/5/7/7/8/177585.attach::OnPluginStart
L 01/10/2024 - 00:32:15: [SM] Unable to load plugin "l4d2_melee_range.smx": Error detected in plugin startup (see error logs)
L 01/10/2024 - 00:32:21: [SM] Exception reported: Function signature "L4DD::CTerrorPlayer::OnIncapacitatedAsSurvivor" was not found.
L 01/10/2024 - 00:32:21: [SM] Blaming: left4dhooks.smx
L 01/10/2024 - 00:32:21: [SM] Call stack trace:
L 01/10/2024 - 00:32:21: [SM]   [0] DynamicDetour.FromConf
L 01/10/2024 - 00:32:21: [SM]   [1] Line 595, l4dd\l4dd_forwards.sp::CreateDetour
L 01/10/2024 - 00:32:21: [SM]   [2] Line 405, l4dd\l4dd_forwards.sp::SetupDetours
L 01/10/2024 - 00:32:21: [SM]   [3] Line 1438, C:\Servers\L4D2\left4dead2\addons\sourcemod\scripting\left4dhooks.sp::OnMapStart
L 01/10/2024 - 00:32:34: [SM] Exception reported: 
==========
Native 'L4D2_IsRealismMode' should not be used before OnMapStart, please report to 3rd party plugin author.
==========
L 01/10/2024 - 00:32:34: [SM] Blaming: left4dhooks.smx
L 01/10/2024 - 00:32:34: [SM] Call stack trace:
L 01/10/2024 - 00:32:34: [SM]   [0] ThrowNativeError
L 01/10/2024 - 00:32:34: [SM]   [1] Line 900, C:\Servers\L4D2\left4dead2\addons\sourcemod\scripting\left4dhooks.sp::Native_Internal_IsRealismMode
L 01/10/2024 - 00:32:34: [SM]   [3] L4D2_IsRealismMode
L 01/10/2024 - 00:32:34: [SM]   [4] Line 889, d:\Github\Private-Work\L4D2-插件\scripting_1.11\l4dmultislots.sp::Timer_PluginStart
L 01/10/2024 - 00:34:46: Error log file session closed.
L 01/10/2024 - 00:38:03: SourceMod error session started
L 01/10/2024 - 00:38:03: Info (map "tumtara") (file "e:\steam\steamapps\common\left 4 dead 2\left4dead2\addons\sourcemod\logs\errors_20240110.log")
L 01/10/2024 - 00:38:03: [SM] Unable to load extension "sourcescramble.ext": The specified module could not be found.

L 01/10/2024 - 00:38:03: [SM] Failed to load plugin "nextmap.smx": Unable to load plugin (unsupported feature set; code is too new).
L 01/10/2024 - 00:38:03: [SM] Failed to load plugin "[L4D2] Left4dhooks.smx": 
====================
This plugin replaces Left4Downtown. Delete the extension to run.
====================.
L 01/10/2024 - 00:38:03: [SM] Unable to load plugin "Charger_Collision_patch.smx": Required extension "Source Scramble" file("sourcescramble.ext") not running
L 01/10/2024 - 00:38:03: [SM] Exception reported: 
==========
Missing required file: "addons\sourcemod\gamedata\l4d2_melee_range.txt".
Read installation instructions again.
==========
L 01/10/2024 - 00:38:03: [SM] Blaming: l4d2_melee_range.smx
L 01/10/2024 - 00:38:03: [SM] Call stack trace:
L 01/10/2024 - 00:38:03: [SM]   [0] SetFailState
L 01/10/2024 - 00:38:03: [SM]   [1] Line 125, /home/forums/content/files/8/5/7/7/8/177585.attach::OnPluginStart
L 01/10/2024 - 00:38:03: [SM] Unable to load plugin "l4d2_melee_range.smx": Error detected in plugin startup (see error logs)
L 01/10/2024 - 00:38:09: [SM] Exception reported: Function signature "L4DD::CTerrorPlayer::OnIncapacitatedAsSurvivor" was not found.
L 01/10/2024 - 00:38:09: [SM] Blaming: left4dhooks.smx
L 01/10/2024 - 00:38:09: [SM] Call stack trace:
L 01/10/2024 - 00:38:09: [SM]   [0] DynamicDetour.FromConf
L 01/10/2024 - 00:38:09: [SM]   [1] Line 595, l4dd\l4dd_forwards.sp::CreateDetour
L 01/10/2024 - 00:38:09: [SM]   [2] Line 405, l4dd\l4dd_forwards.sp::SetupDetours
L 01/10/2024 - 00:38:09: [SM]   [3] Line 1438, C:\Servers\L4D2\left4dead2\addons\sourcemod\scripting\left4dhooks.sp::OnMapStart
L 01/10/2024 - 00:38:23: [SM] Exception reported: 
==========
Native 'L4D2_IsRealismMode' should not be used before OnMapStart, please report to 3rd party plugin author.
==========
L 01/10/2024 - 00:38:23: [SM] Blaming: left4dhooks.smx
L 01/10/2024 - 00:38:23: [SM] Call stack trace:
L 01/10/2024 - 00:38:23: [SM]   [0] ThrowNativeError
L 01/10/2024 - 00:38:23: [SM]   [1] Line 900, C:\Servers\L4D2\left4dead2\addons\sourcemod\scripting\left4dhooks.sp::Native_Internal_IsRealismMode
L 01/10/2024 - 00:38:23: [SM]   [3] L4D2_IsRealismMode
L 01/10/2024 - 00:38:23: [SM]   [4] Line 889, d:\Github\Private-Work\L4D2-插件\scripting_1.11\l4dmultislots.sp::Timer_PluginStart
L 01/10/2024 - 00:39:44: Error log file session closed.
L 01/10/2024 - 22:37:17: SourceMod error session started
L 01/10/2024 - 22:37:17: Info (map "tumtara") (file "e:\steam\steamapps\common\left 4 dead 2\left4dead2\addons\sourcemod\logs\errors_20240110.log")
L 01/10/2024 - 22:37:17: [SM] Unable to load extension "sourcescramble.ext": The specified module could not be found.

L 01/10/2024 - 22:37:18: [SM] Failed to load plugin "nextmap.smx": Unable to load plugin (unsupported feature set; code is too new).
L 01/10/2024 - 22:37:18: [SM] Failed to load plugin "[L4D2] Left4dhooks.smx": 
====================
This plugin replaces Left4Downtown. Delete the extension to run.
====================.
L 01/10/2024 - 22:37:19: [SM] Unable to load plugin "Charger_Collision_patch.smx": Required extension "Source Scramble" file("sourcescramble.ext") not running
L 01/10/2024 - 22:37:20: [SM] Exception reported: 
==========
Missing required file: "addons\sourcemod\gamedata\l4d2_melee_range.txt".
Read installation instructions again.
==========
L 01/10/2024 - 22:37:20: [SM] Blaming: l4d2_melee_range.smx
L 01/10/2024 - 22:37:20: [SM] Call stack trace:
L 01/10/2024 - 22:37:20: [SM]   [0] SetFailState
L 01/10/2024 - 22:37:20: [SM]   [1] Line 125, /home/forums/content/files/8/5/7/7/8/177585.attach::OnPluginStart
L 01/10/2024 - 22:37:20: [SM] Unable to load plugin "l4d2_melee_range.smx": Error detected in plugin startup (see error logs)
L 01/10/2024 - 22:37:30: [SM] Exception reported: Function signature "L4DD::CTerrorPlayer::OnIncapacitatedAsSurvivor" was not found.
L 01/10/2024 - 22:37:30: [SM] Blaming: left4dhooks.smx
L 01/10/2024 - 22:37:30: [SM] Call stack trace:
L 01/10/2024 - 22:37:30: [SM]   [0] DynamicDetour.FromConf
L 01/10/2024 - 22:37:30: [SM]   [1] Line 595, l4dd\l4dd_forwards.sp::CreateDetour
L 01/10/2024 - 22:37:30: [SM]   [2] Line 405, l4dd\l4dd_forwards.sp::SetupDetours
L 01/10/2024 - 22:37:30: [SM]   [3] Line 1438, C:\Servers\L4D2\left4dead2\addons\sourcemod\scripting\left4dhooks.sp::OnMapStart
L 01/10/2024 - 22:37:45: [SM] Exception reported: 
==========
Native 'L4D2_IsRealismMode' should not be used before OnMapStart, please report to 3rd party plugin author.
==========
L 01/10/2024 - 22:37:45: [SM] Blaming: left4dhooks.smx
L 01/10/2024 - 22:37:45: [SM] Call stack trace:
L 01/10/2024 - 22:37:45: [SM]   [0] ThrowNativeError
L 01/10/2024 - 22:37:45: [SM]   [1] Line 900, C:\Servers\L4D2\left4dead2\addons\sourcemod\scripting\left4dhooks.sp::Native_Internal_IsRealismMode
L 01/10/2024 - 22:37:45: [SM]   [3] L4D2_IsRealismMode
L 01/10/2024 - 22:37:45: [SM]   [4] Line 889, d:\Github\Private-Work\L4D2-插件\scripting_1.11\l4dmultislots.sp::Timer_PluginStart
L 01/10/2024 - 22:40:36: [SM] Exception reported: Property "m_strMapSetScriptName" not found (entity 545/weapon_pistol_magnum)
L 01/10/2024 - 22:40:36: [SM] Blaming: l4d2_ty_saveweapon_4.smx
L 01/10/2024 - 22:40:36: [SM] Call stack trace:
L 01/10/2024 - 22:40:36: [SM]   [0] GetEntPropString
L 01/10/2024 - 22:40:36: [SM]   [1] Line 470, /home/forums/content/files/1/6/4/8/0/1/196278.attach::Event_ItemPickup
L 01/10/2024 - 22:44:41: Error log file session closed.
L 01/10/2024 - 22:53:08: SourceMod error session started
L 01/10/2024 - 22:53:08: Info (map "tumtara") (file "e:\steam\steamapps\common\left 4 dead 2\left4dead2\addons\sourcemod\logs\errors_20240110.log")
L 01/10/2024 - 22:53:08: [SM] Unable to load extension "sourcescramble.ext": The specified module could not be found.

L 01/10/2024 - 22:53:08: [SM] Failed to load plugin "nextmap.smx": Unable to load plugin (unsupported feature set; code is too new).
L 01/10/2024 - 22:53:08: [SM] Failed to load plugin "[L4D2] Left4dhooks.smx": 
====================
This plugin replaces Left4Downtown. Delete the extension to run.
====================.
L 01/10/2024 - 22:53:08: [SM] Unable to load plugin "Charger_Collision_patch.smx": Required extension "Source Scramble" file("sourcescramble.ext") not running
L 01/10/2024 - 22:53:08: [SM] Exception reported: 
==========
Missing required file: "addons\sourcemod\gamedata\l4d2_melee_range.txt".
Read installation instructions again.
==========
L 01/10/2024 - 22:53:08: [SM] Blaming: l4d2_melee_range.smx
L 01/10/2024 - 22:53:08: [SM] Call stack trace:
L 01/10/2024 - 22:53:08: [SM]   [0] SetFailState
L 01/10/2024 - 22:53:08: [SM]   [1] Line 125, /home/forums/content/files/8/5/7/7/8/177585.attach::OnPluginStart
L 01/10/2024 - 22:53:08: [SM] Unable to load plugin "l4d2_melee_range.smx": Error detected in plugin startup (see error logs)
L 01/10/2024 - 22:53:33: Error log file session closed.
L 01/10/2024 - 22:53:33: SourceMod error session started
L 01/10/2024 - 22:53:33: Info (map "tumtara") (file "e:\steam\steamapps\common\left 4 dead 2\left4dead2\addons\sourcemod\logs\errors_20240110.log")
L 01/10/2024 - 22:53:33: [SM] Failed to load plugin "nextmap.smx": Unable to load plugin (unsupported feature set; code is too new).
L 01/10/2024 - 22:54:17: Error log file session closed.
L 01/10/2024 - 22:54:17: SourceMod error session started
L 01/10/2024 - 22:54:17: Info (map "tumtara") (file "e:\steam\steamapps\common\left 4 dead 2\left4dead2\addons\sourcemod\logs\errors_20240110.log")
L 01/10/2024 - 22:54:17: [SM] Failed to load plugin "nextmap.smx": Unable to load plugin (unsupported feature set; code is too new).
L 01/10/2024 - 22:54:25: Error log file session closed.
L 01/10/2024 - 22:56:24: SourceMod error session started
L 01/10/2024 - 22:56:24: Info (map "tumtara") (file "e:\steam\steamapps\common\left 4 dead 2\left4dead2\addons\sourcemod\logs\errors_20240110.log")
L 01/10/2024 - 22:56:24: [SM] Unable to load extension "sourcescramble.ext": The specified module could not be found.

L 01/10/2024 - 22:56:24: [SM] Failed to load plugin "nextmap.smx": Unable to load plugin (unsupported feature set; code is too new).
L 01/10/2024 - 22:56:24: [SM] Failed to load plugin "[L4D2] Left4dhooks.smx": 
====================
This plugin replaces Left4Downtown. Delete the extension to run.
====================.
L 01/10/2024 - 22:56:24: [SM] Unable to load plugin "Charger_Collision_patch.smx": Required extension "Source Scramble" file("sourcescramble.ext") not running
L 01/10/2024 - 22:56:24: [SM] Exception reported: 
==========
Missing required file: "addons\sourcemod\gamedata\l4d2_melee_range.txt".
Read installation instructions again.
==========
L 01/10/2024 - 22:56:24: [SM] Blaming: l4d2_melee_range.smx
L 01/10/2024 - 22:56:24: [SM] Call stack trace:
L 01/10/2024 - 22:56:24: [SM]   [0] SetFailState
L 01/10/2024 - 22:56:24: [SM]   [1] Line 125, /home/forums/content/files/8/5/7/7/8/177585.attach::OnPluginStart
L 01/10/2024 - 22:56:24: [SM] Unable to load plugin "l4d2_melee_range.smx": Error detected in plugin startup (see error logs)
L 01/10/2024 - 22:57:03: Error log file session closed.
L 01/10/2024 - 22:57:03: SourceMod error session started
L 01/10/2024 - 22:57:03: Info (map "c1m1_hotel") (file "e:\steam\steamapps\common\left 4 dead 2\left4dead2\addons\sourcemod\logs\errors_20240110.log")
L 01/10/2024 - 22:57:03: [SM] Failed to load plugin "nextmap.smx": Unable to load plugin (unsupported feature set; code is too new).
L 01/10/2024 - 22:57:13: Error log file session closed.
L 01/10/2024 - 23:02:22: SourceMod error session started
L 01/10/2024 - 23:02:22: Info (map "tumtara") (file "e:\steam\steamapps\common\left 4 dead 2\left4dead2\addons\sourcemod\logs\errors_20240110.log")
L 01/10/2024 - 23:02:22: [SM] Unable to load extension "sourcescramble.ext": The specified module could not be found.

L 01/10/2024 - 23:02:22: [SM] Failed to load plugin "nextmap.smx": Unable to load plugin (unsupported feature set; code is too new).
L 01/10/2024 - 23:02:22: [SM] Failed to load plugin "[L4D2] Left4dhooks.smx": 
====================
This plugin replaces Left4Downtown. Delete the extension to run.
====================.
L 01/10/2024 - 23:02:22: [SM] Unable to load plugin "Charger_Collision_patch.smx": Required extension "Source Scramble" file("sourcescramble.ext") not running
L 01/10/2024 - 23:02:22: [SM] Exception reported: 
==========
Missing required file: "addons\sourcemod\gamedata\l4d2_melee_range.txt".
Read installation instructions again.
==========
L 01/10/2024 - 23:02:22: [SM] Blaming: l4d2_melee_range.smx
L 01/10/2024 - 23:02:22: [SM] Call stack trace:
L 01/10/2024 - 23:02:22: [SM]   [0] SetFailState
L 01/10/2024 - 23:02:22: [SM]   [1] Line 125, /home/forums/content/files/8/5/7/7/8/177585.attach::OnPluginStart
L 01/10/2024 - 23:02:22: [SM] Unable to load plugin "l4d2_melee_range.smx": Error detected in plugin startup (see error logs)
L 01/10/2024 - 23:03:06: Error log file session closed.
L 01/10/2024 - 23:05:10: SourceMod error session started
L 01/10/2024 - 23:05:10: Info (map "tumtara") (file "e:\steam\steamapps\common\left 4 dead 2\left4dead2\addons\sourcemod\logs\errors_20240110.log")
L 01/10/2024 - 23:05:10: [SM] Unable to load extension "sourcescramble.ext": The specified module could not be found.

L 01/10/2024 - 23:05:10: [SM] Failed to load plugin "nextmap.smx": Unable to load plugin (unsupported feature set; code is too new).
L 01/10/2024 - 23:05:10: [SM] Failed to load plugin "[L4D2] Left4dhooks.smx": 
====================
This plugin replaces Left4Downtown. Delete the extension to run.
====================.
L 01/10/2024 - 23:05:10: [SM] Unable to load plugin "Charger_Collision_patch.smx": Required extension "Source Scramble" file("sourcescramble.ext") not running
L 01/10/2024 - 23:05:10: [SM] Exception reported: 
==========
Missing required file: "addons\sourcemod\gamedata\l4d2_melee_range.txt".
Read installation instructions again.
==========
L 01/10/2024 - 23:05:10: [SM] Blaming: l4d2_melee_range.smx
L 01/10/2024 - 23:05:10: [SM] Call stack trace:
L 01/10/2024 - 23:05:10: [SM]   [0] SetFailState
L 01/10/2024 - 23:05:10: [SM]   [1] Line 125, /home/forums/content/files/8/5/7/7/8/177585.attach::OnPluginStart
L 01/10/2024 - 23:05:10: [SM] Unable to load plugin "l4d2_melee_range.smx": Error detected in plugin startup (see error logs)
L 01/10/2024 - 23:05:17: [SM] Exception reported: Function signature "L4DD::CTerrorPlayer::OnIncapacitatedAsSurvivor" was not found.
L 01/10/2024 - 23:05:17: [SM] Blaming: left4dhooks.smx
L 01/10/2024 - 23:05:17: [SM] Call stack trace:
L 01/10/2024 - 23:05:17: [SM]   [0] DynamicDetour.FromConf
L 01/10/2024 - 23:05:17: [SM]   [1] Line 595, l4dd\l4dd_forwards.sp::CreateDetour
L 01/10/2024 - 23:05:17: [SM]   [2] Line 405, l4dd\l4dd_forwards.sp::SetupDetours
L 01/10/2024 - 23:05:17: [SM]   [3] Line 1438, C:\Servers\L4D2\left4dead2\addons\sourcemod\scripting\left4dhooks.sp::OnMapStart
L 01/10/2024 - 23:05:30: [SM] Exception reported: 
==========
Native 'L4D2_IsRealismMode' should not be used before OnMapStart, please report to 3rd party plugin author.
==========
L 01/10/2024 - 23:05:30: [SM] Blaming: left4dhooks.smx
L 01/10/2024 - 23:05:30: [SM] Call stack trace:
L 01/10/2024 - 23:05:30: [SM]   [0] ThrowNativeError
L 01/10/2024 - 23:05:30: [SM]   [1] Line 900, C:\Servers\L4D2\left4dead2\addons\sourcemod\scripting\left4dhooks.sp::Native_Internal_IsRealismMode
L 01/10/2024 - 23:05:30: [SM]   [3] L4D2_IsRealismMode
L 01/10/2024 - 23:05:30: [SM]   [4] Line 889, d:\Github\Private-Work\L4D2-插件\scripting_1.11\l4dmultislots.sp::Timer_PluginStart
L 01/10/2024 - 23:06:06: Error log file session closed.
L 01/10/2024 - 23:12:06: SourceMod error session started
L 01/10/2024 - 23:12:06: Info (map "tumtara") (file "e:\steam\steamapps\common\left 4 dead 2\left4dead2\addons\sourcemod\logs\errors_20240110.log")
L 01/10/2024 - 23:12:06: [SM] Unable to load extension "sourcescramble.ext": The specified module could not be found.

L 01/10/2024 - 23:12:06: [SM] Failed to load plugin "nextmap.smx": Unable to load plugin (unsupported feature set; code is too new).
L 01/10/2024 - 23:12:06: [SM] Failed to load plugin "[L4D2] Left4dhooks.smx": 
====================
This plugin replaces Left4Downtown. Delete the extension to run.
====================.
L 01/10/2024 - 23:12:06: [SM] Unable to load plugin "Charger_Collision_patch.smx": Required extension "Source Scramble" file("sourcescramble.ext") not running
L 01/10/2024 - 23:12:06: [SM] Exception reported: 
==========
Missing required file: "addons\sourcemod\gamedata\l4d2_melee_range.txt".
Read installation instructions again.
==========
L 01/10/2024 - 23:12:06: [SM] Blaming: l4d2_melee_range.smx
L 01/10/2024 - 23:12:06: [SM] Call stack trace:
L 01/10/2024 - 23:12:06: [SM]   [0] SetFailState
L 01/10/2024 - 23:12:06: [SM]   [1] Line 125, /home/forums/content/files/8/5/7/7/8/177585.attach::OnPluginStart
L 01/10/2024 - 23:12:06: [SM] Unable to load plugin "l4d2_melee_range.smx": Error detected in plugin startup (see error logs)
L 01/10/2024 - 23:12:16: Error log file session closed.
L 01/10/2024 - 23:16:45: SourceMod error session started
L 01/10/2024 - 23:16:45: Info (map "tumtara") (file "e:\steam\steamapps\common\left 4 dead 2\left4dead2\addons\sourcemod\logs\errors_20240110.log")
L 01/10/2024 - 23:16:45: [SM] Unable to load extension "sourcescramble.ext": The specified module could not be found.

L 01/10/2024 - 23:16:45: [SM] Failed to load plugin "nextmap.smx": Unable to load plugin (unsupported feature set; code is too new).
L 01/10/2024 - 23:16:45: [SM] Failed to load plugin "[L4D2] Left4dhooks.smx": 
====================
This plugin replaces Left4Downtown. Delete the extension to run.
====================.
L 01/10/2024 - 23:16:45: [SM] Unable to load plugin "Charger_Collision_patch.smx": Required extension "Source Scramble" file("sourcescramble.ext") not running
L 01/10/2024 - 23:16:45: [SM] Exception reported: 
==========
Missing required file: "addons\sourcemod\gamedata\l4d2_melee_range.txt".
Read installation instructions again.
==========
L 01/10/2024 - 23:16:45: [SM] Blaming: l4d2_melee_range.smx
L 01/10/2024 - 23:16:45: [SM] Call stack trace:
L 01/10/2024 - 23:16:45: [SM]   [0] SetFailState
L 01/10/2024 - 23:16:45: [SM]   [1] Line 125, /home/forums/content/files/8/5/7/7/8/177585.attach::OnPluginStart
L 01/10/2024 - 23:16:45: [SM] Unable to load plugin "l4d2_melee_range.smx": Error detected in plugin startup (see error logs)
L 01/10/2024 - 23:16:55: Error log file session closed.
L 01/10/2024 - 23:23:15: SourceMod error session started
L 01/10/2024 - 23:23:15: Info (map "tumtara") (file "e:\steam\steamapps\common\left 4 dead 2\left4dead2\addons\sourcemod\logs\errors_20240110.log")
L 01/10/2024 - 23:23:15: [SM] Unable to load extension "sourcescramble.ext": The specified module could not be found.

L 01/10/2024 - 23:23:15: [SM] Failed to load plugin "nextmap.smx": Unable to load plugin (unsupported feature set; code is too new).
L 01/10/2024 - 23:23:15: [SM] Failed to load plugin "[L4D2] Left4dhooks.smx": 
====================
This plugin replaces Left4Downtown. Delete the extension to run.
====================.
L 01/10/2024 - 23:23:15: [SM] Unable to load plugin "Charger_Collision_patch.smx": Required extension "Source Scramble" file("sourcescramble.ext") not running
L 01/10/2024 - 23:23:15: [SM] Exception reported: 
==========
Missing required file: "addons\sourcemod\gamedata\l4d2_melee_range.txt".
Read installation instructions again.
==========
L 01/10/2024 - 23:23:15: [SM] Blaming: l4d2_melee_range.smx
L 01/10/2024 - 23:23:15: [SM] Call stack trace:
L 01/10/2024 - 23:23:15: [SM]   [0] SetFailState
L 01/10/2024 - 23:23:15: [SM]   [1] Line 125, /home/forums/content/files/8/5/7/7/8/177585.attach::OnPluginStart
L 01/10/2024 - 23:23:15: [SM] Unable to load plugin "l4d2_melee_range.smx": Error detected in plugin startup (see error logs)
L 01/10/2024 - 23:23:27: Error log file session closed.
L 01/10/2024 - 23:32:45: SourceMod error session started
L 01/10/2024 - 23:32:45: Info (map "tumtara") (file "e:\steam\steamapps\common\left 4 dead 2\left4dead2\addons\sourcemod\logs\errors_20240110.log")
L 01/10/2024 - 23:32:45: [SM] Unable to load extension "sourcescramble.ext": The specified module could not be found.

L 01/10/2024 - 23:32:45: [SM] Failed to load plugin "nextmap.smx": Unable to load plugin (unsupported feature set; code is too new).
L 01/10/2024 - 23:32:45: [SM] Failed to load plugin "[L4D2] Left4dhooks.smx": 
====================
This plugin replaces Left4Downtown. Delete the extension to run.
====================.
L 01/10/2024 - 23:32:45: [SM] Unable to load plugin "Charger_Collision_patch.smx": Required extension "Source Scramble" file("sourcescramble.ext") not running
L 01/10/2024 - 23:32:45: [SM] Exception reported: 
==========
Missing required file: "addons\sourcemod\gamedata\l4d2_melee_range.txt".
Read installation instructions again.
==========
L 01/10/2024 - 23:32:45: [SM] Blaming: l4d2_melee_range.smx
L 01/10/2024 - 23:32:45: [SM] Call stack trace:
L 01/10/2024 - 23:32:45: [SM]   [0] SetFailState
L 01/10/2024 - 23:32:45: [SM]   [1] Line 125, /home/forums/content/files/8/5/7/7/8/177585.attach::OnPluginStart
L 01/10/2024 - 23:32:45: [SM] Unable to load plugin "l4d2_melee_range.smx": Error detected in plugin startup (see error logs)
L 01/10/2024 - 23:32:53: [SM] Exception reported: Function signature "L4DD::CTerrorPlayer::OnIncapacitatedAsSurvivor" was not found.
L 01/10/2024 - 23:32:53: [SM] Blaming: left4dhooks.smx
L 01/10/2024 - 23:32:53: [SM] Call stack trace:
L 01/10/2024 - 23:32:53: [SM]   [0] DynamicDetour.FromConf
L 01/10/2024 - 23:32:53: [SM]   [1] Line 595, l4dd\l4dd_forwards.sp::CreateDetour
L 01/10/2024 - 23:32:53: [SM]   [2] Line 405, l4dd\l4dd_forwards.sp::SetupDetours
L 01/10/2024 - 23:32:53: [SM]   [3] Line 1438, C:\Servers\L4D2\left4dead2\addons\sourcemod\scripting\left4dhooks.sp::OnMapStart
L 01/10/2024 - 23:33:07: [SM] Exception reported: 
==========
Native 'L4D2_IsRealismMode' should not be used before OnMapStart, please report to 3rd party plugin author.
==========
L 01/10/2024 - 23:33:07: [SM] Blaming: left4dhooks.smx
L 01/10/2024 - 23:33:07: [SM] Call stack trace:
L 01/10/2024 - 23:33:07: [SM]   [0] ThrowNativeError
L 01/10/2024 - 23:33:07: [SM]   [1] Line 900, C:\Servers\L4D2\left4dead2\addons\sourcemod\scripting\left4dhooks.sp::Native_Internal_IsRealismMode
L 01/10/2024 - 23:33:07: [SM]   [3] L4D2_IsRealismMode
L 01/10/2024 - 23:33:07: [SM]   [4] Line 889, d:\Github\Private-Work\L4D2-插件\scripting_1.11\l4dmultislots.sp::Timer_PluginStart
L 01/10/2024 - 23:37:27: Error log file session closed.
L 01/10/2024 - 23:42:36: SourceMod error session started
L 01/10/2024 - 23:42:36: Info (map "tumtara") (file "e:\steam\steamapps\common\left 4 dead 2\left4dead2\addons\sourcemod\logs\errors_20240110.log")
L 01/10/2024 - 23:42:36: [SM] Unable to load extension "sourcescramble.ext": The specified module could not be found.

L 01/10/2024 - 23:42:36: [SM] Failed to load plugin "nextmap.smx": Unable to load plugin (unsupported feature set; code is too new).
L 01/10/2024 - 23:42:36: [SM] Failed to load plugin "[L4D2] Left4dhooks.smx": 
====================
This plugin replaces Left4Downtown. Delete the extension to run.
====================.
L 01/10/2024 - 23:42:36: [SM] Unable to load plugin "Charger_Collision_patch.smx": Required extension "Source Scramble" file("sourcescramble.ext") not running
L 01/10/2024 - 23:42:36: [SM] Exception reported: 
==========
Missing required file: "addons\sourcemod\gamedata\l4d2_melee_range.txt".
Read installation instructions again.
==========
L 01/10/2024 - 23:42:36: [SM] Blaming: l4d2_melee_range.smx
L 01/10/2024 - 23:42:36: [SM] Call stack trace:
L 01/10/2024 - 23:42:36: [SM]   [0] SetFailState
L 01/10/2024 - 23:42:36: [SM]   [1] Line 125, /home/forums/content/files/8/5/7/7/8/177585.attach::OnPluginStart
L 01/10/2024 - 23:42:36: [SM] Unable to load plugin "l4d2_melee_range.smx": Error detected in plugin startup (see error logs)
L 01/10/2024 - 23:42:43: [SM] Exception reported: Function signature "L4DD::CTerrorPlayer::OnIncapacitatedAsSurvivor" was not found.
L 01/10/2024 - 23:42:43: [SM] Blaming: left4dhooks.smx
L 01/10/2024 - 23:42:43: [SM] Call stack trace:
L 01/10/2024 - 23:42:43: [SM]   [0] DynamicDetour.FromConf
L 01/10/2024 - 23:42:43: [SM]   [1] Line 595, l4dd\l4dd_forwards.sp::CreateDetour
L 01/10/2024 - 23:42:43: [SM]   [2] Line 405, l4dd\l4dd_forwards.sp::SetupDetours
L 01/10/2024 - 23:42:43: [SM]   [3] Line 1438, C:\Servers\L4D2\left4dead2\addons\sourcemod\scripting\left4dhooks.sp::OnMapStart
L 01/10/2024 - 23:42:57: [SM] Exception reported: 
==========
Native 'L4D2_IsRealismMode' should not be used before OnMapStart, please report to 3rd party plugin author.
==========
L 01/10/2024 - 23:42:57: [SM] Blaming: left4dhooks.smx
L 01/10/2024 - 23:42:57: [SM] Call stack trace:
L 01/10/2024 - 23:42:57: [SM]   [0] ThrowNativeError
L 01/10/2024 - 23:42:57: [SM]   [1] Line 900, C:\Servers\L4D2\left4dead2\addons\sourcemod\scripting\left4dhooks.sp::Native_Internal_IsRealismMode
L 01/10/2024 - 23:42:57: [SM]   [3] L4D2_IsRealismMode
L 01/10/2024 - 23:42:57: [SM]   [4] Line 889, d:\Github\Private-Work\L4D2-插件\scripting_1.11\l4dmultislots.sp::Timer_PluginStart
L 01/10/2024 - 23:47:25: Error log file session closed.
L 01/10/2024 - 23:53:47: SourceMod error session started
L 01/10/2024 - 23:53:47: Info (map "tumtara") (file "e:\steam\steamapps\common\left 4 dead 2\left4dead2\addons\sourcemod\logs\errors_20240110.log")
L 01/10/2024 - 23:53:47: [SM] Unable to load extension "sourcescramble.ext": The specified module could not be found.

L 01/10/2024 - 23:53:47: [SM] Failed to load plugin "nextmap.smx": Unable to load plugin (unsupported feature set; code is too new).
L 01/10/2024 - 23:53:47: [SM] Failed to load plugin "[L4D2] Left4dhooks.smx": 
====================
This plugin replaces Left4Downtown. Delete the extension to run.
====================.
L 01/10/2024 - 23:53:47: [SM] Unable to load plugin "Charger_Collision_patch.smx": Required extension "Source Scramble" file("sourcescramble.ext") not running
L 01/10/2024 - 23:53:47: [SM] Exception reported: 
==========
Missing required file: "addons\sourcemod\gamedata\l4d2_melee_range.txt".
Read installation instructions again.
==========
L 01/10/2024 - 23:53:47: [SM] Blaming: l4d2_melee_range.smx
L 01/10/2024 - 23:53:47: [SM] Call stack trace:
L 01/10/2024 - 23:53:47: [SM]   [0] SetFailState
L 01/10/2024 - 23:53:47: [SM]   [1] Line 125, /home/forums/content/files/8/5/7/7/8/177585.attach::OnPluginStart
L 01/10/2024 - 23:53:47: [SM] Unable to load plugin "l4d2_melee_range.smx": Error detected in plugin startup (see error logs)
L 01/10/2024 - 23:53:53: [SM] Exception reported: Function signature "L4DD::CTerrorPlayer::OnIncapacitatedAsSurvivor" was not found.
L 01/10/2024 - 23:53:53: [SM] Blaming: left4dhooks.smx
L 01/10/2024 - 23:53:53: [SM] Call stack trace:
L 01/10/2024 - 23:53:53: [SM]   [0] DynamicDetour.FromConf
L 01/10/2024 - 23:53:53: [SM]   [1] Line 595, l4dd\l4dd_forwards.sp::CreateDetour
L 01/10/2024 - 23:53:53: [SM]   [2] Line 405, l4dd\l4dd_forwards.sp::SetupDetours
L 01/10/2024 - 23:53:53: [SM]   [3] Line 1438, C:\Servers\L4D2\left4dead2\addons\sourcemod\scripting\left4dhooks.sp::OnMapStart
L 01/10/2024 - 23:54:07: [SM] Exception reported: 
==========
Native 'L4D2_IsRealismMode' should not be used before OnMapStart, please report to 3rd party plugin author.
==========
L 01/10/2024 - 23:54:07: [SM] Blaming: left4dhooks.smx
L 01/10/2024 - 23:54:07: [SM] Call stack trace:
L 01/10/2024 - 23:54:07: [SM]   [0] ThrowNativeError
L 01/10/2024 - 23:54:07: [SM]   [1] Line 900, C:\Servers\L4D2\left4dead2\addons\sourcemod\scripting\left4dhooks.sp::Native_Internal_IsRealismMode
L 01/10/2024 - 23:54:07: [SM]   [3] L4D2_IsRealismMode
L 01/10/2024 - 23:54:07: [SM]   [4] Line 889, d:\Github\Private-Work\L4D2-插件\scripting_1.11\l4dmultislots.sp::Timer_PluginStart
L 01/10/2024 - 23:57:17: Error log file session closed.
