L 01/12/2024 - 19:55:22: SourceMod error session started
L 01/12/2024 - 19:55:22: Info (map "tumtara") (file "e:\steam\steamapps\common\left 4 dead 2\left4dead2\addons\sourcemod\logs\errors_20240112.log")
L 01/12/2024 - 19:55:22: [SM] Unable to load extension "sourcescramble.ext": The specified module could not be found.

L 01/12/2024 - 19:55:23: [SM] Failed to load plugin "nextmap.smx": Unable to load plugin (unsupported feature set; code is too new).
L 01/12/2024 - 19:55:23: [SM] Failed to load plugin "[L4D2] Left4dhooks.smx": 
====================
This plugin replaces Left4Downtown. Delete the extension to run.
====================.
L 01/12/2024 - 19:55:24: [SM] Unable to load plugin "Charger_Collision_patch.smx": Required extension "Source Scramble" file("sourcescramble.ext") not running
L 01/12/2024 - 19:55:24: [SM] Exception reported: 
==========
Missing required file: "addons\sourcemod\gamedata\l4d2_melee_range.txt".
Read installation instructions again.
==========
L 01/12/2024 - 19:55:24: [SM] Blaming: l4d2_melee_range.smx
L 01/12/2024 - 19:55:24: [SM] Call stack trace:
L 01/12/2024 - 19:55:24: [SM]   [0] SetFailState
L 01/12/2024 - 19:55:24: [SM]   [1] Line 125, /home/forums/content/files/8/5/7/7/8/177585.attach::OnPluginStart
L 01/12/2024 - 19:55:24: [SM] Unable to load plugin "l4d2_melee_range.smx": Error detected in plugin startup (see error logs)
L 01/12/2024 - 19:55:35: [SM] Exception reported: Function signature "L4DD::CTerrorPlayer::OnIncapacitatedAsSurvivor" was not found.
L 01/12/2024 - 19:55:35: [SM] Blaming: left4dhooks.smx
L 01/12/2024 - 19:55:35: [SM] Call stack trace:
L 01/12/2024 - 19:55:35: [SM]   [0] DynamicDetour.FromConf
L 01/12/2024 - 19:55:35: [SM]   [1] Line 595, l4dd\l4dd_forwards.sp::CreateDetour
L 01/12/2024 - 19:55:35: [SM]   [2] Line 405, l4dd\l4dd_forwards.sp::SetupDetours
L 01/12/2024 - 19:55:35: [SM]   [3] Line 1438, C:\Servers\L4D2\left4dead2\addons\sourcemod\scripting\left4dhooks.sp::OnMapStart
L 01/12/2024 - 19:55:50: [SM] Exception reported: 
==========
Native 'L4D2_IsRealismMode' should not be used before OnMapStart, please report to 3rd party plugin author.
==========
L 01/12/2024 - 19:55:50: [SM] Blaming: left4dhooks.smx
L 01/12/2024 - 19:55:50: [SM] Call stack trace:
L 01/12/2024 - 19:55:50: [SM]   [0] ThrowNativeError
L 01/12/2024 - 19:55:50: [SM]   [1] Line 900, C:\Servers\L4D2\left4dead2\addons\sourcemod\scripting\left4dhooks.sp::Native_Internal_IsRealismMode
L 01/12/2024 - 19:55:50: [SM]   [3] L4D2_IsRealismMode
L 01/12/2024 - 19:55:50: [SM]   [4] Line 889, d:\Github\Private-Work\L4D2-插件\scripting_1.11\l4dmultislots.sp::Timer_PluginStart
L 01/12/2024 - 19:56:16: Error log file session closed.
L 01/12/2024 - 19:59:02: SourceMod error session started
L 01/12/2024 - 19:59:02: Info (map "tumtara") (file "e:\steam\steamapps\common\left 4 dead 2\left4dead2\addons\sourcemod\logs\errors_20240112.log")
L 01/12/2024 - 19:59:02: [SM] Unable to load extension "sourcescramble.ext": The specified module could not be found.

L 01/12/2024 - 19:59:02: [SM] Failed to load plugin "nextmap.smx": Unable to load plugin (unsupported feature set; code is too new).
L 01/12/2024 - 19:59:02: [SM] Failed to load plugin "[L4D2] Left4dhooks.smx": 
====================
This plugin replaces Left4Downtown. Delete the extension to run.
====================.
L 01/12/2024 - 19:59:02: [SM] Unable to load plugin "Charger_Collision_patch.smx": Required extension "Source Scramble" file("sourcescramble.ext") not running
L 01/12/2024 - 19:59:02: [SM] Exception reported: 
==========
Missing required file: "addons\sourcemod\gamedata\l4d2_melee_range.txt".
Read installation instructions again.
==========
L 01/12/2024 - 19:59:02: [SM] Blaming: l4d2_melee_range.smx
L 01/12/2024 - 19:59:02: [SM] Call stack trace:
L 01/12/2024 - 19:59:02: [SM]   [0] SetFailState
L 01/12/2024 - 19:59:02: [SM]   [1] Line 125, /home/forums/content/files/8/5/7/7/8/177585.attach::OnPluginStart
L 01/12/2024 - 19:59:02: [SM] Unable to load plugin "l4d2_melee_range.smx": Error detected in plugin startup (see error logs)
L 01/12/2024 - 19:59:08: [SM] Exception reported: Function signature "L4DD::CTerrorPlayer::OnIncapacitatedAsSurvivor" was not found.
L 01/12/2024 - 19:59:08: [SM] Blaming: left4dhooks.smx
L 01/12/2024 - 19:59:08: [SM] Call stack trace:
L 01/12/2024 - 19:59:08: [SM]   [0] DynamicDetour.FromConf
L 01/12/2024 - 19:59:08: [SM]   [1] Line 595, l4dd\l4dd_forwards.sp::CreateDetour
L 01/12/2024 - 19:59:08: [SM]   [2] Line 405, l4dd\l4dd_forwards.sp::SetupDetours
L 01/12/2024 - 19:59:08: [SM]   [3] Line 1438, C:\Servers\L4D2\left4dead2\addons\sourcemod\scripting\left4dhooks.sp::OnMapStart
L 01/12/2024 - 19:59:21: [SM] Exception reported: 
==========
Native 'L4D2_IsRealismMode' should not be used before OnMapStart, please report to 3rd party plugin author.
==========
L 01/12/2024 - 19:59:21: [SM] Blaming: left4dhooks.smx
L 01/12/2024 - 19:59:21: [SM] Call stack trace:
L 01/12/2024 - 19:59:21: [SM]   [0] ThrowNativeError
L 01/12/2024 - 19:59:21: [SM]   [1] Line 900, C:\Servers\L4D2\left4dead2\addons\sourcemod\scripting\left4dhooks.sp::Native_Internal_IsRealismMode
L 01/12/2024 - 19:59:21: [SM]   [3] L4D2_IsRealismMode
L 01/12/2024 - 19:59:21: [SM]   [4] Line 889, d:\Github\Private-Work\L4D2-插件\scripting_1.11\l4dmultislots.sp::Timer_PluginStart
L 01/12/2024 - 20:06:25: Error log file session closed.
L 01/12/2024 - 20:28:03: SourceMod error session started
L 01/12/2024 - 20:28:03: Info (map "tumtara") (file "e:\steam\steamapps\common\left 4 dead 2\left4dead2\addons\sourcemod\logs\errors_20240112.log")
L 01/12/2024 - 20:28:03: [SM] Unable to load extension "sourcescramble.ext": The specified module could not be found.

L 01/12/2024 - 20:28:03: [SM] Failed to load plugin "nextmap.smx": Unable to load plugin (unsupported feature set; code is too new).
L 01/12/2024 - 20:28:03: [SM] Failed to load plugin "[L4D2] Left4dhooks.smx": 
====================
This plugin replaces Left4Downtown. Delete the extension to run.
====================.
L 01/12/2024 - 20:28:04: [SM] Unable to load plugin "Charger_Collision_patch.smx": Required extension "Source Scramble" file("sourcescramble.ext") not running
L 01/12/2024 - 20:28:04: [SM] Exception reported: 
==========
Missing required file: "addons\sourcemod\gamedata\l4d2_melee_range.txt".
Read installation instructions again.
==========
L 01/12/2024 - 20:28:04: [SM] Blaming: l4d2_melee_range.smx
L 01/12/2024 - 20:28:04: [SM] Call stack trace:
L 01/12/2024 - 20:28:04: [SM]   [0] SetFailState
L 01/12/2024 - 20:28:04: [SM]   [1] Line 125, /home/forums/content/files/8/5/7/7/8/177585.attach::OnPluginStart
L 01/12/2024 - 20:28:04: [SM] Unable to load plugin "l4d2_melee_range.smx": Error detected in plugin startup (see error logs)
L 01/12/2024 - 20:28:11: [SM] Exception reported: Function signature "L4DD::CTerrorPlayer::OnIncapacitatedAsSurvivor" was not found.
L 01/12/2024 - 20:28:11: [SM] Blaming: left4dhooks.smx
L 01/12/2024 - 20:28:11: [SM] Call stack trace:
L 01/12/2024 - 20:28:11: [SM]   [0] DynamicDetour.FromConf
L 01/12/2024 - 20:28:11: [SM]   [1] Line 595, l4dd\l4dd_forwards.sp::CreateDetour
L 01/12/2024 - 20:28:11: [SM]   [2] Line 405, l4dd\l4dd_forwards.sp::SetupDetours
L 01/12/2024 - 20:28:11: [SM]   [3] Line 1438, C:\Servers\L4D2\left4dead2\addons\sourcemod\scripting\left4dhooks.sp::OnMapStart
L 01/12/2024 - 20:28:24: [SM] Exception reported: 
==========
Native 'L4D2_IsRealismMode' should not be used before OnMapStart, please report to 3rd party plugin author.
==========
L 01/12/2024 - 20:28:24: [SM] Blaming: left4dhooks.smx
L 01/12/2024 - 20:28:24: [SM] Call stack trace:
L 01/12/2024 - 20:28:24: [SM]   [0] ThrowNativeError
L 01/12/2024 - 20:28:24: [SM]   [1] Line 900, C:\Servers\L4D2\left4dead2\addons\sourcemod\scripting\left4dhooks.sp::Native_Internal_IsRealismMode
L 01/12/2024 - 20:28:24: [SM]   [3] L4D2_IsRealismMode
L 01/12/2024 - 20:28:24: [SM]   [4] Line 889, d:\Github\Private-Work\L4D2-插件\scripting_1.11\l4dmultislots.sp::Timer_PluginStart
L 01/12/2024 - 20:30:09: Error log file session closed.
