L 01/30/2024 - 00:32:11: SourceMod error session started
L 01/30/2024 - 00:32:11: Info (map "tumtara") (file "e:\steam\steamapps\common\left 4 dead 2\left4dead2\addons\sourcemod\logs\errors_20240130.log")
L 01/30/2024 - 00:32:11: [SM] Unable to load extension "sourcescramble.ext": The specified module could not be found.

L 01/30/2024 - 00:32:12: [SM] Unable to load extension "left4downtown.ext": The specified module could not be found.

L 01/30/2024 - 00:32:13: [SM] Failed to load plugin "nextmap.smx": Unable to load plugin (unsupported feature set; code is too new).
L 01/30/2024 - 00:32:13: [SM] Failed to load plugin "[L4D2] Left4dhooks.smx": 
====================
This plugin replaces Left4Downtown. Delete the extension to run.
====================.
L 01/30/2024 - 00:32:16: [SM] Unable to load plugin "Charger_Collision_patch.smx": Required extension "Source Scramble" file("sourcescramble.ext") not running
L 01/30/2024 - 00:32:16: [SM] Unable to load plugin "grenade_throwing_bots-l4d2.smx": Required extension "Left 4 Downtown" file("left4downtown.ext") not running
L 01/30/2024 - 00:32:17: [SM] Exception reported: 
==========
Missing required file: "addons\sourcemod\gamedata\l4d2_melee_range.txt".
Read installation instructions again.
==========
L 01/30/2024 - 00:32:17: [SM] Blaming: l4d2_melee_range.smx
L 01/30/2024 - 00:32:17: [SM] Call stack trace:
L 01/30/2024 - 00:32:17: [SM]   [0] SetFailState
L 01/30/2024 - 00:32:17: [SM]   [1] Line 125, /home/forums/content/files/8/5/7/7/8/177585.attach::OnPluginStart
L 01/30/2024 - 00:32:17: [SM] Unable to load plugin "l4d2_melee_range.smx": Error detected in plugin startup (see error logs)
L 01/30/2024 - 00:32:32: [SM] Exception reported: Function signature "L4DD::CTerrorPlayer::OnIncapacitatedAsSurvivor" was not found.
L 01/30/2024 - 00:32:32: [SM] Blaming: left4dhooks.smx
L 01/30/2024 - 00:32:32: [SM] Call stack trace:
L 01/30/2024 - 00:32:32: [SM]   [0] DynamicDetour.FromConf
L 01/30/2024 - 00:32:32: [SM]   [1] Line 595, l4dd\l4dd_forwards.sp::CreateDetour
L 01/30/2024 - 00:32:32: [SM]   [2] Line 405, l4dd\l4dd_forwards.sp::SetupDetours
L 01/30/2024 - 00:32:32: [SM]   [3] Line 1438, C:\Servers\L4D2\left4dead2\addons\sourcemod\scripting\left4dhooks.sp::OnMapStart
L 01/30/2024 - 00:32:51: [SM] Exception reported: 
==========
Native 'L4D2_IsRealismMode' should not be used before OnMapStart, please report to 3rd party plugin author.
==========
L 01/30/2024 - 00:32:51: [SM] Blaming: left4dhooks.smx
L 01/30/2024 - 00:32:52: [SM] Call stack trace:
L 01/30/2024 - 00:32:52: [SM]   [0] ThrowNativeError
L 01/30/2024 - 00:32:52: [SM]   [1] Line 900, C:\Servers\L4D2\left4dead2\addons\sourcemod\scripting\left4dhooks.sp::Native_Internal_IsRealismMode
L 01/30/2024 - 00:32:52: [SM]   [3] L4D2_IsRealismMode
L 01/30/2024 - 00:32:52: [SM]   [4] Line 889, d:\Github\Private-Work\L4D2-插件\scripting_1.11\l4dmultislots.sp::Timer_PluginStart
L 01/30/2024 - 00:52:11: [SM] Exception reported: Property "m_strMapSetScriptName" not found (entity 499/weapon_pistol)
L 01/30/2024 - 00:52:11: [SM] Blaming: l4d2_ty_saveweapon_4.smx
L 01/30/2024 - 00:52:11: [SM] Call stack trace:
L 01/30/2024 - 00:52:11: [SM]   [0] GetEntPropString
L 01/30/2024 - 00:52:11: [SM]   [1] Line 470, /home/forums/content/files/1/6/4/8/0/1/196278.attach::Event_ItemPickup
L 01/30/2024 - 00:52:14: [SM] Exception reported: Property "m_strMapSetScriptName" not found (entity 499/weapon_pistol)
L 01/30/2024 - 00:52:14: [SM] Blaming: l4d2_ty_saveweapon_4.smx
L 01/30/2024 - 00:52:14: [SM] Call stack trace:
L 01/30/2024 - 00:52:15: [SM]   [0] GetEntPropString
L 01/30/2024 - 00:52:15: [SM]   [1] Line 470, /home/forums/content/files/1/6/4/8/0/1/196278.attach::Event_ItemPickup
L 01/30/2024 - 00:52:22: [SM] Exception reported: Property "m_strMapSetScriptName" not found (entity 499/weapon_pistol)
L 01/30/2024 - 00:52:22: [SM] Blaming: l4d2_ty_saveweapon_4.smx
L 01/30/2024 - 00:52:22: [SM] Call stack trace:
L 01/30/2024 - 00:52:22: [SM]   [0] GetEntPropString
L 01/30/2024 - 00:52:22: [SM]   [1] Line 470, /home/forums/content/files/1/6/4/8/0/1/196278.attach::Event_ItemPickup
L 01/30/2024 - 00:52:28: [SM] Exception reported: Property "m_strMapSetScriptName" not found (entity 499/weapon_pistol)
L 01/30/2024 - 00:52:28: [SM] Blaming: l4d2_ty_saveweapon_4.smx
L 01/30/2024 - 00:52:28: [SM] Call stack trace:
L 01/30/2024 - 00:52:28: [SM]   [0] GetEntPropString
L 01/30/2024 - 00:52:28: [SM]   [1] Line 470, /home/forums/content/files/1/6/4/8/0/1/196278.attach::Event_ItemPickup
L 01/30/2024 - 00:52:55: [SM] Exception reported: Property "m_strMapSetScriptName" not found (entity 557/weapon_pistol_magnum)
L 01/30/2024 - 00:52:55: [SM] Blaming: l4d2_ty_saveweapon_4.smx
L 01/30/2024 - 00:52:55: [SM] Call stack trace:
L 01/30/2024 - 00:52:55: [SM]   [0] GetEntPropString
L 01/30/2024 - 00:52:55: [SM]   [1] Line 470, /home/forums/content/files/1/6/4/8/0/1/196278.attach::Event_ItemPickup
L 01/30/2024 - 00:52:58: [SM] Exception reported: Property "m_strMapSetScriptName" not found (entity 557/weapon_pistol_magnum)
L 01/30/2024 - 00:52:58: [SM] Blaming: l4d2_ty_saveweapon_4.smx
L 01/30/2024 - 00:52:58: [SM] Call stack trace:
L 01/30/2024 - 00:52:58: [SM]   [0] GetEntPropString
L 01/30/2024 - 00:52:58: [SM]   [1] Line 470, /home/forums/content/files/1/6/4/8/0/1/196278.attach::Event_ItemPickup
L 01/30/2024 - 00:53:34: [SM] Exception reported: Property "m_strMapSetScriptName" not found (entity 557/weapon_pistol_magnum)
L 01/30/2024 - 00:53:34: [SM] Blaming: l4d2_ty_saveweapon_4.smx
L 01/30/2024 - 00:53:34: [SM] Call stack trace:
L 01/30/2024 - 00:53:34: [SM]   [0] GetEntPropString
L 01/30/2024 - 00:53:34: [SM]   [1] Line 470, /home/forums/content/files/1/6/4/8/0/1/196278.attach::Event_ItemPickup
L 01/30/2024 - 00:53:41: [SM] Exception reported: Property "m_strMapSetScriptName" not found (entity 557/weapon_pistol_magnum)
L 01/30/2024 - 00:53:41: [SM] Blaming: l4d2_ty_saveweapon_4.smx
L 01/30/2024 - 00:53:41: [SM] Call stack trace:
L 01/30/2024 - 00:53:41: [SM]   [0] GetEntPropString
L 01/30/2024 - 00:53:41: [SM]   [1] Line 470, /home/forums/content/files/1/6/4/8/0/1/196278.attach::Event_ItemPickup
L 01/30/2024 - 00:53:44: [SM] Exception reported: Property "m_strMapSetScriptName" not found (entity 557/weapon_pistol_magnum)
L 01/30/2024 - 00:53:44: [SM] Blaming: l4d2_ty_saveweapon_4.smx
L 01/30/2024 - 00:53:44: [SM] Call stack trace:
L 01/30/2024 - 00:53:44: [SM]   [0] GetEntPropString
L 01/30/2024 - 00:53:44: [SM]   [1] Line 470, /home/forums/content/files/1/6/4/8/0/1/196278.attach::Event_ItemPickup
L 01/30/2024 - 22:10:35: SourceMod error session started
L 01/30/2024 - 22:10:35: Info (map "tumtara") (file "e:\steam\steamapps\common\left 4 dead 2\left4dead2\addons\sourcemod\logs\errors_20240130.log")
L 01/30/2024 - 22:10:35: [SM] Unable to load extension "sourcescramble.ext": The specified module could not be found.

L 01/30/2024 - 22:10:36: [SM] Unable to load extension "left4downtown.ext": The specified module could not be found.

L 01/30/2024 - 22:10:37: [SM] Failed to load plugin "nextmap.smx": Unable to load plugin (unsupported feature set; code is too new).
L 01/30/2024 - 22:10:37: [SM] Failed to load plugin "[L4D2] Left4dhooks.smx": 
====================
This plugin replaces Left4Downtown. Delete the extension to run.
====================.
L 01/30/2024 - 22:10:39: [SM] Unable to load plugin "Charger_Collision_patch.smx": Required extension "Source Scramble" file("sourcescramble.ext") not running
L 01/30/2024 - 22:10:40: [SM] Unable to load plugin "grenade_throwing_bots-l4d2.smx": Required extension "Left 4 Downtown" file("left4downtown.ext") not running
L 01/30/2024 - 22:10:40: [SM] Exception reported: 
==========
Missing required file: "addons\sourcemod\gamedata\l4d2_melee_range.txt".
Read installation instructions again.
==========
L 01/30/2024 - 22:10:40: [SM] Blaming: l4d2_melee_range.smx
L 01/30/2024 - 22:10:40: [SM] Call stack trace:
L 01/30/2024 - 22:10:40: [SM]   [0] SetFailState
L 01/30/2024 - 22:10:40: [SM]   [1] Line 125, /home/forums/content/files/8/5/7/7/8/177585.attach::OnPluginStart
L 01/30/2024 - 22:10:40: [SM] Unable to load plugin "l4d2_melee_range.smx": Error detected in plugin startup (see error logs)
L 01/30/2024 - 22:10:40: [SM] Exception reported: 
==========
Missing required file: "addons\sourcemod\gamedata\l4d2_spitter_acid_damage.txt".
Read installation instructions again.
==========
L 01/30/2024 - 22:10:40: [SM] Blaming: l4d2_spitter_acid_damage.smx
L 01/30/2024 - 22:10:40: [SM] Call stack trace:
L 01/30/2024 - 22:10:40: [SM]   [0] SetFailState
L 01/30/2024 - 22:10:40: [SM]   [1] Line 169, /home/forums/content/files/8/5/7/7/8/178164.attach::OnPluginStart
L 01/30/2024 - 22:10:40: [SM] Unable to load plugin "l4d2_spitter_acid_damage.smx": Error detected in plugin startup (see error logs)
L 01/30/2024 - 22:10:55: [SM] Exception reported: Function signature "L4DD::CTerrorPlayer::OnIncapacitatedAsSurvivor" was not found.
L 01/30/2024 - 22:10:55: [SM] Blaming: left4dhooks.smx
L 01/30/2024 - 22:10:55: [SM] Call stack trace:
L 01/30/2024 - 22:10:55: [SM]   [0] DynamicDetour.FromConf
L 01/30/2024 - 22:10:55: [SM]   [1] Line 595, l4dd\l4dd_forwards.sp::CreateDetour
L 01/30/2024 - 22:10:55: [SM]   [2] Line 405, l4dd\l4dd_forwards.sp::SetupDetours
L 01/30/2024 - 22:10:55: [SM]   [3] Line 1438, C:\Servers\L4D2\left4dead2\addons\sourcemod\scripting\left4dhooks.sp::OnMapStart
L 01/30/2024 - 22:11:12: [SM] Exception reported: 
==========
Native 'L4D2_IsRealismMode' should not be used before OnMapStart, please report to 3rd party plugin author.
==========
L 01/30/2024 - 22:11:12: [SM] Blaming: left4dhooks.smx
L 01/30/2024 - 22:11:12: [SM] Call stack trace:
L 01/30/2024 - 22:11:12: [SM]   [0] ThrowNativeError
L 01/30/2024 - 22:11:12: [SM]   [1] Line 900, C:\Servers\L4D2\left4dead2\addons\sourcemod\scripting\left4dhooks.sp::Native_Internal_IsRealismMode
L 01/30/2024 - 22:11:12: [SM]   [3] L4D2_IsRealismMode
L 01/30/2024 - 22:11:12: [SM]   [4] Line 889, d:\Github\Private-Work\L4D2-插件\scripting_1.11\l4dmultislots.sp::Timer_PluginStart
L 01/30/2024 - 22:17:56: SourceMod error session started
L 01/30/2024 - 22:17:56: Info (map "tumtara") (file "e:\steam\steamapps\common\left 4 dead 2\left4dead2\addons\sourcemod\logs\errors_20240130.log")
L 01/30/2024 - 22:17:56: [SM] Unable to load extension "sourcescramble.ext": The specified module could not be found.

L 01/30/2024 - 22:17:56: [SM] Unable to load extension "left4downtown.ext": The specified module could not be found.

L 01/30/2024 - 22:17:56: [SM] Failed to load plugin "nextmap.smx": Unable to load plugin (unsupported feature set; code is too new).
L 01/30/2024 - 22:17:56: [SM] Failed to load plugin "[L4D2] Left4dhooks.smx": 
====================
This plugin replaces Left4Downtown. Delete the extension to run.
====================.
L 01/30/2024 - 22:17:56: [SM] Unable to load plugin "Charger_Collision_patch.smx": Required extension "Source Scramble" file("sourcescramble.ext") not running
L 01/30/2024 - 22:17:56: [SM] Unable to load plugin "grenade_throwing_bots-l4d2.smx": Required extension "Left 4 Downtown" file("left4downtown.ext") not running
L 01/30/2024 - 22:17:56: [SM] Exception reported: 
==========
Missing required file: "addons\sourcemod\gamedata\l4d2_melee_range.txt".
Read installation instructions again.
==========
L 01/30/2024 - 22:17:56: [SM] Blaming: l4d2_melee_range.smx
L 01/30/2024 - 22:17:56: [SM] Call stack trace:
L 01/30/2024 - 22:17:56: [SM]   [0] SetFailState
L 01/30/2024 - 22:17:56: [SM]   [1] Line 125, /home/forums/content/files/8/5/7/7/8/177585.attach::OnPluginStart
L 01/30/2024 - 22:17:56: [SM] Unable to load plugin "l4d2_melee_range.smx": Error detected in plugin startup (see error logs)
L 01/30/2024 - 22:18:06: [SM] Exception reported: Function signature "L4DD::CTerrorPlayer::OnIncapacitatedAsSurvivor" was not found.
L 01/30/2024 - 22:18:06: [SM] Blaming: left4dhooks.smx
L 01/30/2024 - 22:18:06: [SM] Call stack trace:
L 01/30/2024 - 22:18:06: [SM]   [0] DynamicDetour.FromConf
L 01/30/2024 - 22:18:06: [SM]   [1] Line 595, l4dd\l4dd_forwards.sp::CreateDetour
L 01/30/2024 - 22:18:06: [SM]   [2] Line 405, l4dd\l4dd_forwards.sp::SetupDetours
L 01/30/2024 - 22:18:06: [SM]   [3] Line 1438, C:\Servers\L4D2\left4dead2\addons\sourcemod\scripting\left4dhooks.sp::OnMapStart
L 01/30/2024 - 22:18:22: [SM] Exception reported: 
==========
Native 'L4D2_IsRealismMode' should not be used before OnMapStart, please report to 3rd party plugin author.
==========
L 01/30/2024 - 22:18:22: [SM] Blaming: left4dhooks.smx
L 01/30/2024 - 22:18:22: [SM] Call stack trace:
L 01/30/2024 - 22:18:22: [SM]   [0] ThrowNativeError
L 01/30/2024 - 22:18:22: [SM]   [1] Line 900, C:\Servers\L4D2\left4dead2\addons\sourcemod\scripting\left4dhooks.sp::Native_Internal_IsRealismMode
L 01/30/2024 - 22:18:22: [SM]   [3] L4D2_IsRealismMode
L 01/30/2024 - 22:18:22: [SM]   [4] Line 889, d:\Github\Private-Work\L4D2-插件\scripting_1.11\l4dmultislots.sp::Timer_PluginStart
L 01/30/2024 - 22:19:26: Error log file session closed.
L 01/30/2024 - 22:24:41: SourceMod error session started
L 01/30/2024 - 22:24:41: Info (map "tumtara") (file "e:\steam\steamapps\common\left 4 dead 2\left4dead2\addons\sourcemod\logs\errors_20240130.log")
L 01/30/2024 - 22:24:41: [SM] Unable to load extension "sourcescramble.ext": The specified module could not be found.

L 01/30/2024 - 22:24:41: [SM] Unable to load extension "left4downtown.ext": The specified module could not be found.

L 01/30/2024 - 22:24:41: [SM] Failed to load plugin "nextmap.smx": Unable to load plugin (unsupported feature set; code is too new).
L 01/30/2024 - 22:24:41: [SM] Failed to load plugin "[L4D2] Left4dhooks.smx": 
====================
This plugin replaces Left4Downtown. Delete the extension to run.
====================.
L 01/30/2024 - 22:24:41: [SM] Unable to load plugin "Charger_Collision_patch.smx": Required extension "Source Scramble" file("sourcescramble.ext") not running
L 01/30/2024 - 22:24:41: [SM] Unable to load plugin "grenade_throwing_bots-l4d2.smx": Required extension "Left 4 Downtown" file("left4downtown.ext") not running
L 01/30/2024 - 22:24:41: [SM] Exception reported: 
==========
Missing required file: "addons\sourcemod\gamedata\l4d2_melee_range.txt".
Read installation instructions again.
==========
L 01/30/2024 - 22:24:41: [SM] Blaming: l4d2_melee_range.smx
L 01/30/2024 - 22:24:41: [SM] Call stack trace:
L 01/30/2024 - 22:24:41: [SM]   [0] SetFailState
L 01/30/2024 - 22:24:41: [SM]   [1] Line 125, /home/forums/content/files/8/5/7/7/8/177585.attach::OnPluginStart
L 01/30/2024 - 22:24:41: [SM] Unable to load plugin "l4d2_melee_range.smx": Error detected in plugin startup (see error logs)
L 01/30/2024 - 22:24:52: [SM] Exception reported: Function signature "L4DD::CTerrorPlayer::OnIncapacitatedAsSurvivor" was not found.
L 01/30/2024 - 22:24:52: [SM] Blaming: left4dhooks.smx
L 01/30/2024 - 22:24:52: [SM] Call stack trace:
L 01/30/2024 - 22:24:52: [SM]   [0] DynamicDetour.FromConf
L 01/30/2024 - 22:24:52: [SM]   [1] Line 595, l4dd\l4dd_forwards.sp::CreateDetour
L 01/30/2024 - 22:24:52: [SM]   [2] Line 405, l4dd\l4dd_forwards.sp::SetupDetours
L 01/30/2024 - 22:24:52: [SM]   [3] Line 1438, C:\Servers\L4D2\left4dead2\addons\sourcemod\scripting\left4dhooks.sp::OnMapStart
L 01/30/2024 - 22:25:07: [SM] Exception reported: 
==========
Native 'L4D2_IsRealismMode' should not be used before OnMapStart, please report to 3rd party plugin author.
==========
L 01/30/2024 - 22:25:07: [SM] Blaming: left4dhooks.smx
L 01/30/2024 - 22:25:07: [SM] Call stack trace:
L 01/30/2024 - 22:25:07: [SM]   [0] ThrowNativeError
L 01/30/2024 - 22:25:07: [SM]   [1] Line 900, C:\Servers\L4D2\left4dead2\addons\sourcemod\scripting\left4dhooks.sp::Native_Internal_IsRealismMode
L 01/30/2024 - 22:25:07: [SM]   [3] L4D2_IsRealismMode
L 01/30/2024 - 22:25:07: [SM]   [4] Line 889, d:\Github\Private-Work\L4D2-插件\scripting_1.11\l4dmultislots.sp::Timer_PluginStart
L 01/30/2024 - 22:26:09: Error log file session closed.
L 01/30/2024 - 22:32:01: SourceMod error session started
L 01/30/2024 - 22:32:01: Info (map "tumtara") (file "e:\steam\steamapps\common\left 4 dead 2\left4dead2\addons\sourcemod\logs\errors_20240130.log")
L 01/30/2024 - 22:32:01: [SM] Unable to load extension "sourcescramble.ext": The specified module could not be found.

L 01/30/2024 - 22:32:01: [SM] Unable to load extension "left4downtown.ext": The specified module could not be found.

L 01/30/2024 - 22:32:01: [SM] Failed to load plugin "nextmap.smx": Unable to load plugin (unsupported feature set; code is too new).
L 01/30/2024 - 22:32:01: [SM] Failed to load plugin "[L4D2] Left4dhooks.smx": 
====================
This plugin replaces Left4Downtown. Delete the extension to run.
====================.
L 01/30/2024 - 22:32:01: [SM] Unable to load plugin "Charger_Collision_patch.smx": Required extension "Source Scramble" file("sourcescramble.ext") not running
L 01/30/2024 - 22:32:01: [SM] Unable to load plugin "grenade_throwing_bots-l4d2.smx": Required extension "Left 4 Downtown" file("left4downtown.ext") not running
L 01/30/2024 - 22:32:01: [SM] Exception reported: 
==========
Missing required file: "addons\sourcemod\gamedata\l4d2_melee_range.txt".
Read installation instructions again.
==========
L 01/30/2024 - 22:32:01: [SM] Blaming: l4d2_melee_range.smx
L 01/30/2024 - 22:32:01: [SM] Call stack trace:
L 01/30/2024 - 22:32:01: [SM]   [0] SetFailState
L 01/30/2024 - 22:32:01: [SM]   [1] Line 125, /home/forums/content/files/8/5/7/7/8/177585.attach::OnPluginStart
L 01/30/2024 - 22:32:01: [SM] Unable to load plugin "l4d2_melee_range.smx": Error detected in plugin startup (see error logs)
L 01/30/2024 - 22:32:12: [SM] Exception reported: Function signature "L4DD::CTerrorPlayer::OnIncapacitatedAsSurvivor" was not found.
L 01/30/2024 - 22:32:12: [SM] Blaming: left4dhooks.smx
L 01/30/2024 - 22:32:12: [SM] Call stack trace:
L 01/30/2024 - 22:32:12: [SM]   [0] DynamicDetour.FromConf
L 01/30/2024 - 22:32:12: [SM]   [1] Line 595, l4dd\l4dd_forwards.sp::CreateDetour
L 01/30/2024 - 22:32:12: [SM]   [2] Line 405, l4dd\l4dd_forwards.sp::SetupDetours
L 01/30/2024 - 22:32:12: [SM]   [3] Line 1438, C:\Servers\L4D2\left4dead2\addons\sourcemod\scripting\left4dhooks.sp::OnMapStart
L 01/30/2024 - 22:32:29: [SM] Exception reported: 
==========
Native 'L4D2_IsRealismMode' should not be used before OnMapStart, please report to 3rd party plugin author.
==========
L 01/30/2024 - 22:32:29: [SM] Blaming: left4dhooks.smx
L 01/30/2024 - 22:32:29: [SM] Call stack trace:
L 01/30/2024 - 22:32:29: [SM]   [0] ThrowNativeError
L 01/30/2024 - 22:32:29: [SM]   [1] Line 900, C:\Servers\L4D2\left4dead2\addons\sourcemod\scripting\left4dhooks.sp::Native_Internal_IsRealismMode
L 01/30/2024 - 22:32:29: [SM]   [3] L4D2_IsRealismMode
L 01/30/2024 - 22:32:29: [SM]   [4] Line 889, d:\Github\Private-Work\L4D2-插件\scripting_1.11\l4dmultislots.sp::Timer_PluginStart
L 01/30/2024 - 22:33:58: Error log file session closed.
L 01/30/2024 - 22:35:56: SourceMod error session started
L 01/30/2024 - 22:35:56: Info (map "tumtara") (file "e:\steam\steamapps\common\left 4 dead 2\left4dead2\addons\sourcemod\logs\errors_20240130.log")
L 01/30/2024 - 22:35:56: [SM] Unable to load extension "sourcescramble.ext": The specified module could not be found.

L 01/30/2024 - 22:35:56: [SM] Unable to load extension "left4downtown.ext": The specified module could not be found.

L 01/30/2024 - 22:35:56: [SM] Failed to load plugin "nextmap.smx": Unable to load plugin (unsupported feature set; code is too new).
L 01/30/2024 - 22:35:56: [SM] Failed to load plugin "[L4D2] Left4dhooks.smx": 
====================
This plugin replaces Left4Downtown. Delete the extension to run.
====================.
L 01/30/2024 - 22:35:56: [SM] Unable to load plugin "Charger_Collision_patch.smx": Required extension "Source Scramble" file("sourcescramble.ext") not running
L 01/30/2024 - 22:35:56: [SM] Unable to load plugin "grenade_throwing_bots-l4d2.smx": Required extension "Left 4 Downtown" file("left4downtown.ext") not running
L 01/30/2024 - 22:35:56: [SM] Exception reported: 
==========
Missing required file: "addons\sourcemod\gamedata\l4d2_melee_range.txt".
Read installation instructions again.
==========
L 01/30/2024 - 22:35:56: [SM] Blaming: l4d2_melee_range.smx
L 01/30/2024 - 22:35:56: [SM] Call stack trace:
L 01/30/2024 - 22:35:56: [SM]   [0] SetFailState
L 01/30/2024 - 22:35:56: [SM]   [1] Line 125, /home/forums/content/files/8/5/7/7/8/177585.attach::OnPluginStart
L 01/30/2024 - 22:35:56: [SM] Unable to load plugin "l4d2_melee_range.smx": Error detected in plugin startup (see error logs)
L 01/30/2024 - 22:36:07: [SM] Exception reported: Function signature "L4DD::CTerrorPlayer::OnIncapacitatedAsSurvivor" was not found.
L 01/30/2024 - 22:36:07: [SM] Blaming: left4dhooks.smx
L 01/30/2024 - 22:36:07: [SM] Call stack trace:
L 01/30/2024 - 22:36:07: [SM]   [0] DynamicDetour.FromConf
L 01/30/2024 - 22:36:07: [SM]   [1] Line 595, l4dd\l4dd_forwards.sp::CreateDetour
L 01/30/2024 - 22:36:07: [SM]   [2] Line 405, l4dd\l4dd_forwards.sp::SetupDetours
L 01/30/2024 - 22:36:07: [SM]   [3] Line 1438, C:\Servers\L4D2\left4dead2\addons\sourcemod\scripting\left4dhooks.sp::OnMapStart
L 01/30/2024 - 22:36:23: [SM] Exception reported: 
==========
Native 'L4D2_IsRealismMode' should not be used before OnMapStart, please report to 3rd party plugin author.
==========
L 01/30/2024 - 22:36:23: [SM] Blaming: left4dhooks.smx
L 01/30/2024 - 22:36:23: [SM] Call stack trace:
L 01/30/2024 - 22:36:23: [SM]   [0] ThrowNativeError
L 01/30/2024 - 22:36:23: [SM]   [1] Line 900, C:\Servers\L4D2\left4dead2\addons\sourcemod\scripting\left4dhooks.sp::Native_Internal_IsRealismMode
L 01/30/2024 - 22:36:23: [SM]   [3] L4D2_IsRealismMode
L 01/30/2024 - 22:36:23: [SM]   [4] Line 889, d:\Github\Private-Work\L4D2-插件\scripting_1.11\l4dmultislots.sp::Timer_PluginStart
L 01/30/2024 - 22:52:55: [SM] Exception reported: Property "m_strMapSetScriptName" not found (entity 550/weapon_chainsaw)
L 01/30/2024 - 22:52:55: [SM] Blaming: l4d2_ty_saveweapon_4.smx
L 01/30/2024 - 22:52:55: [SM] Call stack trace:
L 01/30/2024 - 22:52:55: [SM]   [0] GetEntPropString
L 01/30/2024 - 22:52:55: [SM]   [1] Line 470, /home/forums/content/files/1/6/4/8/0/1/196278.attach::Event_ItemPickup
L 01/30/2024 - 22:52:55: [SM] Exception reported: Property "m_strMapSetScriptName" not found (entity 550/weapon_chainsaw)
L 01/30/2024 - 22:52:55: [SM] Blaming: l4d2_ty_saveweapon_4.smx
L 01/30/2024 - 22:52:55: [SM] Call stack trace:
L 01/30/2024 - 22:52:55: [SM]   [0] GetEntPropString
L 01/30/2024 - 22:52:55: [SM]   [1] Line 470, /home/forums/content/files/1/6/4/8/0/1/196278.attach::Event_ItemPickup
L 01/30/2024 - 22:59:30: Error log file session closed.
