L 01/28/2024 - 00:43:03: SourceMod error session started
L 01/28/2024 - 00:43:03: Info (map "tumtara") (file "e:\steam\steamapps\common\left 4 dead 2\left4dead2\addons\sourcemod\logs\errors_20240128.log")
L 01/28/2024 - 00:43:03: [SM] Unable to load extension "sourcescramble.ext": The specified module could not be found.

L 01/28/2024 - 00:43:04: [SM] Unable to load extension "left4downtown.ext": The specified module could not be found.

L 01/28/2024 - 00:43:04: [SM] Failed to load plugin "nextmap.smx": Unable to load plugin (unsupported feature set; code is too new).
L 01/28/2024 - 00:43:04: [SM] Failed to load plugin "[L4D2] Left4dhooks.smx": 
====================
This plugin replaces Left4Downtown. Delete the extension to run.
====================.
L 01/28/2024 - 00:43:07: [SM] Unable to load plugin "Charger_Collision_patch.smx": Required extension "Source Scramble" file("sourcescramble.ext") not running
L 01/28/2024 - 00:43:07: [SM] Unable to load plugin "grenade_throwing_bots-l4d2.smx": Required extension "Left 4 Downtown" file("left4downtown.ext") not running
L 01/28/2024 - 00:43:07: [SM] Exception reported: 
==========
Missing required file: "addons\sourcemod\gamedata\l4d2_melee_range.txt".
Read installation instructions again.
==========
L 01/28/2024 - 00:43:07: [SM] Blaming: l4d2_melee_range.smx
L 01/28/2024 - 00:43:07: [SM] Call stack trace:
L 01/28/2024 - 00:43:07: [SM]   [0] SetFailState
L 01/28/2024 - 00:43:07: [SM]   [1] Line 125, /home/forums/content/files/8/5/7/7/8/177585.attach::OnPluginStart
L 01/28/2024 - 00:43:07: [SM] Unable to load plugin "l4d2_melee_range.smx": Error detected in plugin startup (see error logs)
L 01/28/2024 - 00:43:20: [SM] Exception reported: Function signature "L4DD::CTerrorPlayer::OnIncapacitatedAsSurvivor" was not found.
L 01/28/2024 - 00:43:20: [SM] Blaming: left4dhooks.smx
L 01/28/2024 - 00:43:20: [SM] Call stack trace:
L 01/28/2024 - 00:43:20: [SM]   [0] DynamicDetour.FromConf
L 01/28/2024 - 00:43:20: [SM]   [1] Line 595, l4dd\l4dd_forwards.sp::CreateDetour
L 01/28/2024 - 00:43:20: [SM]   [2] Line 405, l4dd\l4dd_forwards.sp::SetupDetours
L 01/28/2024 - 00:43:20: [SM]   [3] Line 1438, C:\Servers\L4D2\left4dead2\addons\sourcemod\scripting\left4dhooks.sp::OnMapStart
L 01/28/2024 - 00:43:36: [SM] Exception reported: 
==========
Native 'L4D2_IsRealismMode' should not be used before OnMapStart, please report to 3rd party plugin author.
==========
L 01/28/2024 - 00:43:36: [SM] Blaming: left4dhooks.smx
L 01/28/2024 - 00:43:36: [SM] Call stack trace:
L 01/28/2024 - 00:43:36: [SM]   [0] ThrowNativeError
L 01/28/2024 - 00:43:37: [SM]   [1] Line 900, C:\Servers\L4D2\left4dead2\addons\sourcemod\scripting\left4dhooks.sp::Native_Internal_IsRealismMode
L 01/28/2024 - 00:43:37: [SM]   [3] L4D2_IsRealismMode
L 01/28/2024 - 00:43:37: [SM]   [4] Line 889, d:\Github\Private-Work\L4D2-插件\scripting_1.11\l4dmultislots.sp::Timer_PluginStart
L 01/28/2024 - 00:50:56: SourceMod error session started
L 01/28/2024 - 00:50:56: Info (map "tumtara") (file "e:\steam\steamapps\common\left 4 dead 2\left4dead2\addons\sourcemod\logs\errors_20240128.log")
L 01/28/2024 - 00:50:56: [SM] Unable to load extension "sourcescramble.ext": The specified module could not be found.

L 01/28/2024 - 00:50:56: [SM] Unable to load extension "left4downtown.ext": The specified module could not be found.

L 01/28/2024 - 00:50:56: [SM] Failed to load plugin "nextmap.smx": Unable to load plugin (unsupported feature set; code is too new).
L 01/28/2024 - 00:50:56: [SM] Failed to load plugin "[L4D2] Left4dhooks.smx": 
====================
This plugin replaces Left4Downtown. Delete the extension to run.
====================.
L 01/28/2024 - 00:50:56: [SM] Unable to load plugin "Charger_Collision_patch.smx": Required extension "Source Scramble" file("sourcescramble.ext") not running
L 01/28/2024 - 00:50:56: [SM] Unable to load plugin "grenade_throwing_bots-l4d2.smx": Required extension "Left 4 Downtown" file("left4downtown.ext") not running
L 01/28/2024 - 00:50:56: [SM] Exception reported: 
==========
Missing required file: "addons\sourcemod\gamedata\l4d2_melee_range.txt".
Read installation instructions again.
==========
L 01/28/2024 - 00:50:56: [SM] Blaming: l4d2_melee_range.smx
L 01/28/2024 - 00:50:56: [SM] Call stack trace:
L 01/28/2024 - 00:50:56: [SM]   [0] SetFailState
L 01/28/2024 - 00:50:56: [SM]   [1] Line 125, /home/forums/content/files/8/5/7/7/8/177585.attach::OnPluginStart
L 01/28/2024 - 00:50:56: [SM] Unable to load plugin "l4d2_melee_range.smx": Error detected in plugin startup (see error logs)
L 01/28/2024 - 00:51:06: [SM] Exception reported: Function signature "L4DD::CTerrorPlayer::OnIncapacitatedAsSurvivor" was not found.
L 01/28/2024 - 00:51:06: [SM] Blaming: left4dhooks.smx
L 01/28/2024 - 00:51:06: [SM] Call stack trace:
L 01/28/2024 - 00:51:06: [SM]   [0] DynamicDetour.FromConf
L 01/28/2024 - 00:51:06: [SM]   [1] Line 595, l4dd\l4dd_forwards.sp::CreateDetour
L 01/28/2024 - 00:51:06: [SM]   [2] Line 405, l4dd\l4dd_forwards.sp::SetupDetours
L 01/28/2024 - 00:51:06: [SM]   [3] Line 1438, C:\Servers\L4D2\left4dead2\addons\sourcemod\scripting\left4dhooks.sp::OnMapStart
L 01/28/2024 - 00:51:22: [SM] Exception reported: 
==========
Native 'L4D2_IsRealismMode' should not be used before OnMapStart, please report to 3rd party plugin author.
==========
L 01/28/2024 - 00:51:22: [SM] Blaming: left4dhooks.smx
L 01/28/2024 - 00:51:22: [SM] Call stack trace:
L 01/28/2024 - 00:51:22: [SM]   [0] ThrowNativeError
L 01/28/2024 - 00:51:22: [SM]   [1] Line 900, C:\Servers\L4D2\left4dead2\addons\sourcemod\scripting\left4dhooks.sp::Native_Internal_IsRealismMode
L 01/28/2024 - 00:51:22: [SM]   [3] L4D2_IsRealismMode
L 01/28/2024 - 00:51:22: [SM]   [4] Line 889, d:\Github\Private-Work\L4D2-插件\scripting_1.11\l4dmultislots.sp::Timer_PluginStart
L 01/28/2024 - 00:53:18: Error log file session closed.
L 01/28/2024 - 01:12:05: SourceMod error session started
L 01/28/2024 - 01:12:05: Info (map "tumtara") (file "e:\steam\steamapps\common\left 4 dead 2\left4dead2\addons\sourcemod\logs\errors_20240128.log")
L 01/28/2024 - 01:12:05: [SM] Unable to load extension "sourcescramble.ext": The specified module could not be found.

L 01/28/2024 - 01:12:06: [SM] Unable to load extension "left4downtown.ext": The specified module could not be found.

L 01/28/2024 - 01:12:07: [SM] Failed to load plugin "nextmap.smx": Unable to load plugin (unsupported feature set; code is too new).
L 01/28/2024 - 01:12:07: [SM] Failed to load plugin "[L4D2] Left4dhooks.smx": 
====================
This plugin replaces Left4Downtown. Delete the extension to run.
====================.
L 01/28/2024 - 01:12:09: [SM] Unable to load plugin "Charger_Collision_patch.smx": Required extension "Source Scramble" file("sourcescramble.ext") not running
L 01/28/2024 - 01:12:10: [SM] Unable to load plugin "grenade_throwing_bots-l4d2.smx": Required extension "Left 4 Downtown" file("left4downtown.ext") not running
L 01/28/2024 - 01:12:10: [SM] Exception reported: 
==========
Missing required file: "addons\sourcemod\gamedata\l4d2_melee_range.txt".
Read installation instructions again.
==========
L 01/28/2024 - 01:12:10: [SM] Blaming: l4d2_melee_range.smx
L 01/28/2024 - 01:12:10: [SM] Call stack trace:
L 01/28/2024 - 01:12:10: [SM]   [0] SetFailState
L 01/28/2024 - 01:12:10: [SM]   [1] Line 125, /home/forums/content/files/8/5/7/7/8/177585.attach::OnPluginStart
L 01/28/2024 - 01:12:10: [SM] Unable to load plugin "l4d2_melee_range.smx": Error detected in plugin startup (see error logs)
L 01/28/2024 - 01:12:26: [SM] Exception reported: Function signature "L4DD::CTerrorPlayer::OnIncapacitatedAsSurvivor" was not found.
L 01/28/2024 - 01:12:26: [SM] Blaming: left4dhooks.smx
L 01/28/2024 - 01:12:26: [SM] Call stack trace:
L 01/28/2024 - 01:12:26: [SM]   [0] DynamicDetour.FromConf
L 01/28/2024 - 01:12:26: [SM]   [1] Line 595, l4dd\l4dd_forwards.sp::CreateDetour
L 01/28/2024 - 01:12:26: [SM]   [2] Line 405, l4dd\l4dd_forwards.sp::SetupDetours
L 01/28/2024 - 01:12:26: [SM]   [3] Line 1438, C:\Servers\L4D2\left4dead2\addons\sourcemod\scripting\left4dhooks.sp::OnMapStart
L 01/28/2024 - 01:12:47: [SM] Exception reported: 
==========
Native 'L4D2_IsRealismMode' should not be used before OnMapStart, please report to 3rd party plugin author.
==========
L 01/28/2024 - 01:12:47: [SM] Blaming: left4dhooks.smx
L 01/28/2024 - 01:12:47: [SM] Call stack trace:
L 01/28/2024 - 01:12:47: [SM]   [0] ThrowNativeError
L 01/28/2024 - 01:12:47: [SM]   [1] Line 900, C:\Servers\L4D2\left4dead2\addons\sourcemod\scripting\left4dhooks.sp::Native_Internal_IsRealismMode
L 01/28/2024 - 01:12:47: [SM]   [3] L4D2_IsRealismMode
L 01/28/2024 - 01:12:47: [SM]   [4] Line 889, d:\Github\Private-Work\L4D2-插件\scripting_1.11\l4dmultislots.sp::Timer_PluginStart
L 01/28/2024 - 01:13:56: Error log file session closed.
L 01/28/2024 - 01:34:56: SourceMod error session started
L 01/28/2024 - 01:34:56: Info (map "tumtara") (file "e:\steam\steamapps\common\left 4 dead 2\left4dead2\addons\sourcemod\logs\errors_20240128.log")
L 01/28/2024 - 01:34:56: [SM] Unable to load extension "sourcescramble.ext": The specified module could not be found.

L 01/28/2024 - 01:34:56: [SM] Unable to load extension "left4downtown.ext": The specified module could not be found.

L 01/28/2024 - 01:34:56: [SM] Failed to load plugin "nextmap.smx": Unable to load plugin (unsupported feature set; code is too new).
L 01/28/2024 - 01:34:56: [SM] Failed to load plugin "[L4D2] Left4dhooks.smx": 
====================
This plugin replaces Left4Downtown. Delete the extension to run.
====================.
L 01/28/2024 - 01:34:56: [SM] Unable to load plugin "Charger_Collision_patch.smx": Required extension "Source Scramble" file("sourcescramble.ext") not running
L 01/28/2024 - 01:34:56: [SM] Unable to load plugin "grenade_throwing_bots-l4d2.smx": Required extension "Left 4 Downtown" file("left4downtown.ext") not running
L 01/28/2024 - 01:34:56: [SM] Exception reported: 
==========
Missing required file: "addons\sourcemod\gamedata\l4d2_melee_range.txt".
Read installation instructions again.
==========
L 01/28/2024 - 01:34:56: [SM] Blaming: l4d2_melee_range.smx
L 01/28/2024 - 01:34:56: [SM] Call stack trace:
L 01/28/2024 - 01:34:56: [SM]   [0] SetFailState
L 01/28/2024 - 01:34:56: [SM]   [1] Line 125, /home/forums/content/files/8/5/7/7/8/177585.attach::OnPluginStart
L 01/28/2024 - 01:34:56: [SM] Unable to load plugin "l4d2_melee_range.smx": Error detected in plugin startup (see error logs)
L 01/28/2024 - 01:35:07: [SM] Exception reported: Function signature "L4DD::CTerrorPlayer::OnIncapacitatedAsSurvivor" was not found.
L 01/28/2024 - 01:35:07: [SM] Blaming: left4dhooks.smx
L 01/28/2024 - 01:35:07: [SM] Call stack trace:
L 01/28/2024 - 01:35:07: [SM]   [0] DynamicDetour.FromConf
L 01/28/2024 - 01:35:07: [SM]   [1] Line 595, l4dd\l4dd_forwards.sp::CreateDetour
L 01/28/2024 - 01:35:07: [SM]   [2] Line 405, l4dd\l4dd_forwards.sp::SetupDetours
L 01/28/2024 - 01:35:07: [SM]   [3] Line 1438, C:\Servers\L4D2\left4dead2\addons\sourcemod\scripting\left4dhooks.sp::OnMapStart
L 01/28/2024 - 01:35:22: [SM] Exception reported: 
==========
Native 'L4D2_IsRealismMode' should not be used before OnMapStart, please report to 3rd party plugin author.
==========
L 01/28/2024 - 01:35:22: [SM] Blaming: left4dhooks.smx
L 01/28/2024 - 01:35:22: [SM] Call stack trace:
L 01/28/2024 - 01:35:22: [SM]   [0] ThrowNativeError
L 01/28/2024 - 01:35:22: [SM]   [1] Line 900, C:\Servers\L4D2\left4dead2\addons\sourcemod\scripting\left4dhooks.sp::Native_Internal_IsRealismMode
L 01/28/2024 - 01:35:22: [SM]   [3] L4D2_IsRealismMode
L 01/28/2024 - 01:35:22: [SM]   [4] Line 889, d:\Github\Private-Work\L4D2-插件\scripting_1.11\l4dmultislots.sp::Timer_PluginStart
L 01/28/2024 - 01:37:02: [SM] Exception reported: Property "m_strMapSetScriptName" not found (entity 457/weapon_pistol)
L 01/28/2024 - 01:37:02: [SM] Blaming: l4d2_ty_saveweapon_4.smx
L 01/28/2024 - 01:37:02: [SM] Call stack trace:
L 01/28/2024 - 01:37:02: [SM]   [0] GetEntPropString
L 01/28/2024 - 01:37:02: [SM]   [1] Line 470, /home/forums/content/files/1/6/4/8/0/1/196278.attach::Event_ItemPickup
L 01/28/2024 - 01:40:47: Error log file session closed.
L 01/28/2024 - 01:47:43: SourceMod error session started
L 01/28/2024 - 01:47:43: Info (map "tumtara") (file "e:\steam\steamapps\common\left 4 dead 2\left4dead2\addons\sourcemod\logs\errors_20240128.log")
L 01/28/2024 - 01:47:43: [SM] Unable to load extension "sourcescramble.ext": The specified module could not be found.

L 01/28/2024 - 01:47:43: [SM] Unable to load extension "left4downtown.ext": The specified module could not be found.

L 01/28/2024 - 01:47:43: [SM] Failed to load plugin "nextmap.smx": Unable to load plugin (unsupported feature set; code is too new).
L 01/28/2024 - 01:47:43: [SM] Failed to load plugin "[L4D2] Left4dhooks.smx": 
====================
This plugin replaces Left4Downtown. Delete the extension to run.
====================.
L 01/28/2024 - 01:47:43: [SM] Unable to load plugin "Charger_Collision_patch.smx": Required extension "Source Scramble" file("sourcescramble.ext") not running
L 01/28/2024 - 01:47:43: [SM] Unable to load plugin "grenade_throwing_bots-l4d2.smx": Required extension "Left 4 Downtown" file("left4downtown.ext") not running
L 01/28/2024 - 01:47:43: [SM] Exception reported: 
==========
Missing required file: "addons\sourcemod\gamedata\l4d2_melee_range.txt".
Read installation instructions again.
==========
L 01/28/2024 - 01:47:43: [SM] Blaming: l4d2_melee_range.smx
L 01/28/2024 - 01:47:43: [SM] Call stack trace:
L 01/28/2024 - 01:47:43: [SM]   [0] SetFailState
L 01/28/2024 - 01:47:43: [SM]   [1] Line 125, /home/forums/content/files/8/5/7/7/8/177585.attach::OnPluginStart
L 01/28/2024 - 01:47:43: [SM] Unable to load plugin "l4d2_melee_range.smx": Error detected in plugin startup (see error logs)
L 01/28/2024 - 01:47:53: [SM] Exception reported: Function signature "L4DD::CTerrorPlayer::OnIncapacitatedAsSurvivor" was not found.
L 01/28/2024 - 01:47:53: [SM] Blaming: left4dhooks.smx
L 01/28/2024 - 01:47:53: [SM] Call stack trace:
L 01/28/2024 - 01:47:53: [SM]   [0] DynamicDetour.FromConf
L 01/28/2024 - 01:47:53: [SM]   [1] Line 595, l4dd\l4dd_forwards.sp::CreateDetour
L 01/28/2024 - 01:47:53: [SM]   [2] Line 405, l4dd\l4dd_forwards.sp::SetupDetours
L 01/28/2024 - 01:47:53: [SM]   [3] Line 1438, C:\Servers\L4D2\left4dead2\addons\sourcemod\scripting\left4dhooks.sp::OnMapStart
L 01/28/2024 - 01:48:07: [SM] Exception reported: 
==========
Native 'L4D2_IsRealismMode' should not be used before OnMapStart, please report to 3rd party plugin author.
==========
L 01/28/2024 - 01:48:07: [SM] Blaming: left4dhooks.smx
L 01/28/2024 - 01:48:07: [SM] Call stack trace:
L 01/28/2024 - 01:48:08: [SM]   [0] ThrowNativeError
L 01/28/2024 - 01:48:08: [SM]   [1] Line 900, C:\Servers\L4D2\left4dead2\addons\sourcemod\scripting\left4dhooks.sp::Native_Internal_IsRealismMode
L 01/28/2024 - 01:48:08: [SM]   [3] L4D2_IsRealismMode
L 01/28/2024 - 01:48:08: [SM]   [4] Line 889, d:\Github\Private-Work\L4D2-插件\scripting_1.11\l4dmultislots.sp::Timer_PluginStart
L 01/28/2024 - 01:51:15: Error log file session closed.
L 01/28/2024 - 01:56:01: SourceMod error session started
L 01/28/2024 - 01:56:01: Info (map "tumtara") (file "e:\steam\steamapps\common\left 4 dead 2\left4dead2\addons\sourcemod\logs\errors_20240128.log")
L 01/28/2024 - 01:56:01: [SM] Unable to load extension "sourcescramble.ext": The specified module could not be found.

L 01/28/2024 - 01:56:01: [SM] Unable to load extension "left4downtown.ext": The specified module could not be found.

L 01/28/2024 - 01:56:01: [SM] Failed to load plugin "nextmap.smx": Unable to load plugin (unsupported feature set; code is too new).
L 01/28/2024 - 01:56:01: [SM] Failed to load plugin "[L4D2] Left4dhooks.smx": 
====================
This plugin replaces Left4Downtown. Delete the extension to run.
====================.
L 01/28/2024 - 01:56:01: [SM] Unable to load plugin "Charger_Collision_patch.smx": Required extension "Source Scramble" file("sourcescramble.ext") not running
L 01/28/2024 - 01:56:01: [SM] Unable to load plugin "grenade_throwing_bots-l4d2.smx": Required extension "Left 4 Downtown" file("left4downtown.ext") not running
L 01/28/2024 - 01:56:01: [SM] Exception reported: 
==========
Missing required file: "addons\sourcemod\gamedata\l4d2_melee_range.txt".
Read installation instructions again.
==========
L 01/28/2024 - 01:56:01: [SM] Blaming: l4d2_melee_range.smx
L 01/28/2024 - 01:56:01: [SM] Call stack trace:
L 01/28/2024 - 01:56:01: [SM]   [0] SetFailState
L 01/28/2024 - 01:56:01: [SM]   [1] Line 125, /home/forums/content/files/8/5/7/7/8/177585.attach::OnPluginStart
L 01/28/2024 - 01:56:01: [SM] Unable to load plugin "l4d2_melee_range.smx": Error detected in plugin startup (see error logs)
L 01/28/2024 - 01:56:11: [SM] Exception reported: Function signature "L4DD::CTerrorPlayer::OnIncapacitatedAsSurvivor" was not found.
L 01/28/2024 - 01:56:11: [SM] Blaming: left4dhooks.smx
L 01/28/2024 - 01:56:11: [SM] Call stack trace:
L 01/28/2024 - 01:56:11: [SM]   [0] DynamicDetour.FromConf
L 01/28/2024 - 01:56:11: [SM]   [1] Line 595, l4dd\l4dd_forwards.sp::CreateDetour
L 01/28/2024 - 01:56:11: [SM]   [2] Line 405, l4dd\l4dd_forwards.sp::SetupDetours
L 01/28/2024 - 01:56:11: [SM]   [3] Line 1438, C:\Servers\L4D2\left4dead2\addons\sourcemod\scripting\left4dhooks.sp::OnMapStart
L 01/28/2024 - 01:56:25: [SM] Exception reported: 
==========
Native 'L4D2_IsRealismMode' should not be used before OnMapStart, please report to 3rd party plugin author.
==========
L 01/28/2024 - 01:56:25: [SM] Blaming: left4dhooks.smx
L 01/28/2024 - 01:56:25: [SM] Call stack trace:
L 01/28/2024 - 01:56:25: [SM]   [0] ThrowNativeError
L 01/28/2024 - 01:56:25: [SM]   [1] Line 900, C:\Servers\L4D2\left4dead2\addons\sourcemod\scripting\left4dhooks.sp::Native_Internal_IsRealismMode
L 01/28/2024 - 01:56:25: [SM]   [3] L4D2_IsRealismMode
L 01/28/2024 - 01:56:26: [SM]   [4] Line 889, d:\Github\Private-Work\L4D2-插件\scripting_1.11\l4dmultislots.sp::Timer_PluginStart
L 01/28/2024 - 02:03:45: Error log file session closed.
L 01/28/2024 - 20:27:06: SourceMod error session started
L 01/28/2024 - 20:27:06: Info (map "c1m1_hotel") (file "e:\steam\steamapps\common\left 4 dead 2\left4dead2\addons\sourcemod\logs\errors_20240128.log")
L 01/28/2024 - 20:27:06: [SM] Unable to load extension "sourcescramble.ext": The specified module could not be found.

L 01/28/2024 - 20:27:07: [SM] Unable to load extension "left4downtown.ext": The specified module could not be found.

L 01/28/2024 - 20:27:07: [SM] Failed to load plugin "nextmap.smx": Unable to load plugin (unsupported feature set; code is too new).
L 01/28/2024 - 20:27:07: [SM] Failed to load plugin "[L4D2] Left4dhooks.smx": 
====================
This plugin replaces Left4Downtown. Delete the extension to run.
====================.
L 01/28/2024 - 20:27:09: [SM] Unable to load plugin "Charger_Collision_patch.smx": Required extension "Source Scramble" file("sourcescramble.ext") not running
L 01/28/2024 - 20:27:10: [SM] Unable to load plugin "grenade_throwing_bots-l4d2.smx": Required extension "Left 4 Downtown" file("left4downtown.ext") not running
L 01/28/2024 - 20:27:10: [SM] Exception reported: 
==========
Missing required file: "addons\sourcemod\gamedata\l4d2_melee_range.txt".
Read installation instructions again.
==========
L 01/28/2024 - 20:27:10: [SM] Blaming: l4d2_melee_range.smx
L 01/28/2024 - 20:27:10: [SM] Call stack trace:
L 01/28/2024 - 20:27:10: [SM]   [0] SetFailState
L 01/28/2024 - 20:27:10: [SM]   [1] Line 125, /home/forums/content/files/8/5/7/7/8/177585.attach::OnPluginStart
L 01/28/2024 - 20:27:10: [SM] Unable to load plugin "l4d2_melee_range.smx": Error detected in plugin startup (see error logs)
L 01/28/2024 - 20:27:24: [SM] Exception reported: Function signature "L4DD::CTerrorPlayer::OnIncapacitatedAsSurvivor" was not found.
L 01/28/2024 - 20:27:24: [SM] Blaming: left4dhooks.smx
L 01/28/2024 - 20:27:24: [SM] Call stack trace:
L 01/28/2024 - 20:27:24: [SM]   [0] DynamicDetour.FromConf
L 01/28/2024 - 20:27:24: [SM]   [1] Line 595, l4dd\l4dd_forwards.sp::CreateDetour
L 01/28/2024 - 20:27:24: [SM]   [2] Line 405, l4dd\l4dd_forwards.sp::SetupDetours
L 01/28/2024 - 20:27:24: [SM]   [3] Line 1438, C:\Servers\L4D2\left4dead2\addons\sourcemod\scripting\left4dhooks.sp::OnMapStart
L 01/28/2024 - 20:27:51: [SM] Exception reported: 
==========
Native 'L4D2_IsRealismMode' should not be used before OnMapStart, please report to 3rd party plugin author.
==========
L 01/28/2024 - 20:27:51: [SM] Blaming: left4dhooks.smx
L 01/28/2024 - 20:27:51: [SM] Call stack trace:
L 01/28/2024 - 20:27:51: [SM]   [0] ThrowNativeError
L 01/28/2024 - 20:27:51: [SM]   [1] Line 900, C:\Servers\L4D2\left4dead2\addons\sourcemod\scripting\left4dhooks.sp::Native_Internal_IsRealismMode
L 01/28/2024 - 20:27:51: [SM]   [3] L4D2_IsRealismMode
L 01/28/2024 - 20:27:51: [SM]   [4] Line 889, d:\Github\Private-Work\L4D2-插件\scripting_1.11\l4dmultislots.sp::Timer_PluginStart
L 01/28/2024 - 20:37:25: SourceMod error session started
L 01/28/2024 - 20:37:25: Info (map "c1m1_hotel") (file "e:\steam\steamapps\common\left 4 dead 2\left4dead2\addons\sourcemod\logs\errors_20240128.log")
L 01/28/2024 - 20:37:25: [SM] Unable to load extension "sourcescramble.ext": The specified module could not be found.

L 01/28/2024 - 20:37:25: [SM] Unable to load extension "left4downtown.ext": The specified module could not be found.

L 01/28/2024 - 20:37:25: [SM] Failed to load plugin "nextmap.smx": Unable to load plugin (unsupported feature set; code is too new).
L 01/28/2024 - 20:37:25: [SM] Failed to load plugin "[L4D2] Left4dhooks.smx": 
====================
This plugin replaces Left4Downtown. Delete the extension to run.
====================.
L 01/28/2024 - 20:37:25: [SM] Unable to load plugin "Charger_Collision_patch.smx": Required extension "Source Scramble" file("sourcescramble.ext") not running
L 01/28/2024 - 20:37:25: [SM] Unable to load plugin "grenade_throwing_bots-l4d2.smx": Required extension "Left 4 Downtown" file("left4downtown.ext") not running
L 01/28/2024 - 20:37:25: [SM] Exception reported: 
==========
Missing required file: "addons\sourcemod\gamedata\l4d2_melee_range.txt".
Read installation instructions again.
==========
L 01/28/2024 - 20:37:25: [SM] Blaming: l4d2_melee_range.smx
L 01/28/2024 - 20:37:25: [SM] Call stack trace:
L 01/28/2024 - 20:37:25: [SM]   [0] SetFailState
L 01/28/2024 - 20:37:25: [SM]   [1] Line 125, /home/forums/content/files/8/5/7/7/8/177585.attach::OnPluginStart
L 01/28/2024 - 20:37:25: [SM] Unable to load plugin "l4d2_melee_range.smx": Error detected in plugin startup (see error logs)
L 01/28/2024 - 20:37:35: [SM] Exception reported: Function signature "L4DD::CTerrorPlayer::OnIncapacitatedAsSurvivor" was not found.
L 01/28/2024 - 20:37:35: [SM] Blaming: left4dhooks.smx
L 01/28/2024 - 20:37:35: [SM] Call stack trace:
L 01/28/2024 - 20:37:35: [SM]   [0] DynamicDetour.FromConf
L 01/28/2024 - 20:37:35: [SM]   [1] Line 595, l4dd\l4dd_forwards.sp::CreateDetour
L 01/28/2024 - 20:37:35: [SM]   [2] Line 405, l4dd\l4dd_forwards.sp::SetupDetours
L 01/28/2024 - 20:37:35: [SM]   [3] Line 1438, C:\Servers\L4D2\left4dead2\addons\sourcemod\scripting\left4dhooks.sp::OnMapStart
L 01/28/2024 - 20:37:59: [SM] Exception reported: 
==========
Native 'L4D2_IsRealismMode' should not be used before OnMapStart, please report to 3rd party plugin author.
==========
L 01/28/2024 - 20:37:59: [SM] Blaming: left4dhooks.smx
L 01/28/2024 - 20:37:59: [SM] Call stack trace:
L 01/28/2024 - 20:37:59: [SM]   [0] ThrowNativeError
L 01/28/2024 - 20:37:59: [SM]   [1] Line 900, C:\Servers\L4D2\left4dead2\addons\sourcemod\scripting\left4dhooks.sp::Native_Internal_IsRealismMode
L 01/28/2024 - 20:37:59: [SM]   [3] L4D2_IsRealismMode
L 01/28/2024 - 20:37:59: [SM]   [4] Line 889, d:\Github\Private-Work\L4D2-插件\scripting_1.11\l4dmultislots.sp::Timer_PluginStart
L 01/28/2024 - 20:38:28: Error log file session closed.
L 01/28/2024 - 21:15:38: SourceMod error session started
L 01/28/2024 - 21:15:38: Info (map "c1m1_hotel") (file "e:\steam\steamapps\common\left 4 dead 2\left4dead2\addons\sourcemod\logs\errors_20240128.log")
L 01/28/2024 - 21:15:38: [SM] Unable to load extension "sourcescramble.ext": The specified module could not be found.

L 01/28/2024 - 21:15:39: [SM] Unable to load extension "left4downtown.ext": The specified module could not be found.

L 01/28/2024 - 21:15:39: [SM] Failed to load plugin "nextmap.smx": Unable to load plugin (unsupported feature set; code is too new).
L 01/28/2024 - 21:15:39: [SM] Failed to load plugin "[L4D2] Left4dhooks.smx": 
====================
This plugin replaces Left4Downtown. Delete the extension to run.
====================.
L 01/28/2024 - 21:15:42: [SM] Unable to load plugin "Charger_Collision_patch.smx": Required extension "Source Scramble" file("sourcescramble.ext") not running
L 01/28/2024 - 21:15:42: [SM] Unable to load plugin "grenade_throwing_bots-l4d2.smx": Required extension "Left 4 Downtown" file("left4downtown.ext") not running
L 01/28/2024 - 21:15:42: [SM] Exception reported: 
==========
Missing required file: "addons\sourcemod\gamedata\l4d2_melee_range.txt".
Read installation instructions again.
==========
L 01/28/2024 - 21:15:42: [SM] Blaming: l4d2_melee_range.smx
L 01/28/2024 - 21:15:42: [SM] Call stack trace:
L 01/28/2024 - 21:15:42: [SM]   [0] SetFailState
L 01/28/2024 - 21:15:42: [SM]   [1] Line 125, /home/forums/content/files/8/5/7/7/8/177585.attach::OnPluginStart
L 01/28/2024 - 21:15:42: [SM] Unable to load plugin "l4d2_melee_range.smx": Error detected in plugin startup (see error logs)
L 01/28/2024 - 21:15:56: [SM] Exception reported: Function signature "L4DD::CTerrorPlayer::OnIncapacitatedAsSurvivor" was not found.
L 01/28/2024 - 21:15:56: [SM] Blaming: left4dhooks.smx
L 01/28/2024 - 21:15:56: [SM] Call stack trace:
L 01/28/2024 - 21:15:56: [SM]   [0] DynamicDetour.FromConf
L 01/28/2024 - 21:15:56: [SM]   [1] Line 595, l4dd\l4dd_forwards.sp::CreateDetour
L 01/28/2024 - 21:15:56: [SM]   [2] Line 405, l4dd\l4dd_forwards.sp::SetupDetours
L 01/28/2024 - 21:15:56: [SM]   [3] Line 1438, C:\Servers\L4D2\left4dead2\addons\sourcemod\scripting\left4dhooks.sp::OnMapStart
L 01/28/2024 - 21:16:23: [SM] Exception reported: 
==========
Native 'L4D2_IsRealismMode' should not be used before OnMapStart, please report to 3rd party plugin author.
==========
L 01/28/2024 - 21:16:23: [SM] Blaming: left4dhooks.smx
L 01/28/2024 - 21:16:23: [SM] Call stack trace:
L 01/28/2024 - 21:16:23: [SM]   [0] ThrowNativeError
L 01/28/2024 - 21:16:23: [SM]   [1] Line 900, C:\Servers\L4D2\left4dead2\addons\sourcemod\scripting\left4dhooks.sp::Native_Internal_IsRealismMode
L 01/28/2024 - 21:16:23: [SM]   [3] L4D2_IsRealismMode
L 01/28/2024 - 21:16:23: [SM]   [4] Line 889, d:\Github\Private-Work\L4D2-插件\scripting_1.11\l4dmultislots.sp::Timer_PluginStart
L 01/28/2024 - 21:18:06: Error log file session closed.
