L 09/11/2025 - 07:31:42: SourceMod error session started
L 09/11/2025 - 07:31:42: Info (map "c1m1_hotel") (file "d:\steam\steamapps\common\left 4 dead 2\left4dead2\addons\sourcemod\logs\errors_20250911.log")
L 09/11/2025 - 07:31:42: [SM] Unable to load extension "left4downtown.ext": The specified module could not be found.

L 09/11/2025 - 07:31:42: [SM] Failed to load plugin "nextmap.smx": Nextmap is incompatible with this game.
L 09/11/2025 - 07:31:42: [SM] Failed to load plugin "[L4D2] Left4dhooks.smx": 
====================
This plugin replaces Left4Downtown. Delete the extension to run.
====================.
L 09/11/2025 - 07:31:42: [SM] Exception reported: Function signature "CItemDefibrillator::OnActionComplete" was not found.
L 09/11/2025 - 07:31:42: [SM] Blaming: Defib_Fix.smx
L 09/11/2025 - 07:31:42: [SM] Call stack trace:
L 09/11/2025 - 07:31:42: [SM]   [0] DHookCreateFromConf
L 09/11/2025 - 07:31:42: [SM]   [1] Line 70, D:\Github\Left-4-fix\left 4 fix\addons\sourcemod\scripting\Defib_Fix.sp::OnPluginStart
L 09/11/2025 - 07:31:42: [SM] Unable to load plugin "Defib_Fix.smx": Error detected in plugin startup (see error logs)
L 09/11/2025 - 07:31:42: [SM] Unable to load plugin "grenade_throwing_bots-l4d2.smx": Required extension "Left 4 Downtown" file("left4downtown.ext") not running
L 09/11/2025 - 07:31:42: [SM] Exception reported: 
==========
Missing required file: "addons\sourcemod\gamedata\l4d2_melee_range.txt".
Read installation instructions again.
==========
L 09/11/2025 - 07:31:42: [SM] Blaming: l4d2_melee_range.smx
L 09/11/2025 - 07:31:42: [SM] Call stack trace:
L 09/11/2025 - 07:31:42: [SM]   [0] SetFailState
L 09/11/2025 - 07:31:42: [SM]   [1] Line 125, /home/forums/content/files/8/5/7/7/8/177585.attach::OnPluginStart
L 09/11/2025 - 07:31:42: [SM] Unable to load plugin "l4d2_melee_range.smx": Error detected in plugin startup (see error logs)
L 09/11/2025 - 07:31:49: [SM] Exception reported: Do not modify "survivor_limit" valve above 4, unload l4dmultislots.smx now!
L 09/11/2025 - 07:31:49: [SM] Blaming: l4dmultislots.smx
L 09/11/2025 - 07:31:49: [SM] Call stack trace:
L 09/11/2025 - 07:31:49: [SM]   [0] SetFailState
L 09/11/2025 - 07:31:49: [SM]   [1] Line 342, d:\Github\Private-Work\L4D2-插件\scripting_1.11\l4dmultislots.sp::ConVarChanged_SurvivorCvars
L 09/11/2025 - 07:31:49: [SM]   [3] ConVar.IntValue.set
L 09/11/2025 - 07:31:49: [SM]   [4] Line 318, C:\Program Files (x86)\Steam\steamapps\common\Left 4 Dead 2\left4dead2\addons\sourcemod\scripting\l4d_superversus_latest.sp::OnSurvivorChanged
L 09/11/2025 - 07:34:35: SourceMod error session started
L 09/11/2025 - 07:34:35: Info (map "c1m1_hotel") (file "d:\steam\steamapps\common\left 4 dead 2\left4dead2\addons\sourcemod\logs\errors_20250911.log")
L 09/11/2025 - 07:34:35: [SM] Unable to load extension "left4downtown.ext": The specified module could not be found.

L 09/11/2025 - 07:34:35: [SM] Failed to load plugin "nextmap.smx": Nextmap is incompatible with this game.
L 09/11/2025 - 07:34:35: [SM] Failed to load plugin "[L4D2] Left4dhooks.smx": 
====================
This plugin replaces Left4Downtown. Delete the extension to run.
====================.
L 09/11/2025 - 07:34:35: [SM] Exception reported: Function signature "CItemDefibrillator::OnActionComplete" was not found.
L 09/11/2025 - 07:34:35: [SM] Blaming: Defib_Fix.smx
L 09/11/2025 - 07:34:35: [SM] Call stack trace:
L 09/11/2025 - 07:34:35: [SM]   [0] DHookCreateFromConf
L 09/11/2025 - 07:34:35: [SM]   [1] Line 70, D:\Github\Left-4-fix\left 4 fix\addons\sourcemod\scripting\Defib_Fix.sp::OnPluginStart
L 09/11/2025 - 07:34:35: [SM] Unable to load plugin "Defib_Fix.smx": Error detected in plugin startup (see error logs)
L 09/11/2025 - 07:34:35: [SM] Unable to load plugin "grenade_throwing_bots-l4d2.smx": Required extension "Left 4 Downtown" file("left4downtown.ext") not running
L 09/11/2025 - 07:34:35: [SM] Exception reported: 
==========
Missing required file: "addons\sourcemod\gamedata\l4d2_melee_range.txt".
Read installation instructions again.
==========
L 09/11/2025 - 07:34:35: [SM] Blaming: l4d2_melee_range.smx
L 09/11/2025 - 07:34:35: [SM] Call stack trace:
L 09/11/2025 - 07:34:35: [SM]   [0] SetFailState
L 09/11/2025 - 07:34:35: [SM]   [1] Line 125, /home/forums/content/files/8/5/7/7/8/177585.attach::OnPluginStart
L 09/11/2025 - 07:34:35: [SM] Unable to load plugin "l4d2_melee_range.smx": Error detected in plugin startup (see error logs)
L 09/11/2025 - 07:34:41: [SM] Exception reported: Do not modify "survivor_limit" valve above 4, unload l4dmultislots.smx now!
L 09/11/2025 - 07:34:41: [SM] Blaming: l4dmultislots.smx
L 09/11/2025 - 07:34:41: [SM] Call stack trace:
L 09/11/2025 - 07:34:41: [SM]   [0] SetFailState
L 09/11/2025 - 07:34:41: [SM]   [1] Line 342, d:\Github\Private-Work\L4D2-插件\scripting_1.11\l4dmultislots.sp::ConVarChanged_SurvivorCvars
L 09/11/2025 - 07:34:41: [SM]   [3] ConVar.IntValue.set
L 09/11/2025 - 07:34:41: [SM]   [4] Line 318, C:\Program Files (x86)\Steam\steamapps\common\Left 4 Dead 2\left4dead2\addons\sourcemod\scripting\l4d_superversus_latest.sp::OnSurvivorChanged
L 09/11/2025 - 07:48:20: SourceMod error session started
L 09/11/2025 - 07:48:20: Info (map "c1m1_hotel") (file "d:\steam\steamapps\common\left 4 dead 2\left4dead2\addons\sourcemod\logs\errors_20250911.log")
L 09/11/2025 - 07:48:20: [SM] Unable to load extension "left4downtown.ext": The specified module could not be found.

L 09/11/2025 - 07:48:20: [SM] Failed to load plugin "nextmap.smx": Nextmap is incompatible with this game.
L 09/11/2025 - 07:48:20: [SM] Failed to load plugin "[L4D2] Left4dhooks.smx": 
====================
This plugin replaces Left4Downtown. Delete the extension to run.
====================.
L 09/11/2025 - 07:48:20: [SM] Exception reported: Function signature "CItemDefibrillator::OnActionComplete" was not found.
L 09/11/2025 - 07:48:20: [SM] Blaming: Defib_Fix.smx
L 09/11/2025 - 07:48:20: [SM] Call stack trace:
L 09/11/2025 - 07:48:20: [SM]   [0] DHookCreateFromConf
L 09/11/2025 - 07:48:20: [SM]   [1] Line 70, D:\Github\Left-4-fix\left 4 fix\addons\sourcemod\scripting\Defib_Fix.sp::OnPluginStart
L 09/11/2025 - 07:48:20: [SM] Unable to load plugin "Defib_Fix.smx": Error detected in plugin startup (see error logs)
L 09/11/2025 - 07:48:20: [SM] Unable to load plugin "grenade_throwing_bots-l4d2.smx": Required extension "Left 4 Downtown" file("left4downtown.ext") not running
L 09/11/2025 - 07:48:20: [SM] Exception reported: 
==========
Missing required file: "addons\sourcemod\gamedata\l4d2_melee_range.txt".
Read installation instructions again.
==========
L 09/11/2025 - 07:48:20: [SM] Blaming: l4d2_melee_range.smx
L 09/11/2025 - 07:48:20: [SM] Call stack trace:
L 09/11/2025 - 07:48:20: [SM]   [0] SetFailState
L 09/11/2025 - 07:48:20: [SM]   [1] Line 125, /home/forums/content/files/8/5/7/7/8/177585.attach::OnPluginStart
L 09/11/2025 - 07:48:20: [SM] Unable to load plugin "l4d2_melee_range.smx": Error detected in plugin startup (see error logs)
L 09/11/2025 - 07:48:26: [SM] Exception reported: Do not modify "survivor_limit" valve above 4, unload l4dmultislots.smx now!
L 09/11/2025 - 07:48:26: [SM] Blaming: l4dmultislots.smx
L 09/11/2025 - 07:48:26: [SM] Call stack trace:
L 09/11/2025 - 07:48:26: [SM]   [0] SetFailState
L 09/11/2025 - 07:48:26: [SM]   [1] Line 342, d:\Github\Private-Work\L4D2-插件\scripting_1.11\l4dmultislots.sp::ConVarChanged_SurvivorCvars
L 09/11/2025 - 07:48:26: [SM]   [3] ConVar.IntValue.set
L 09/11/2025 - 07:48:26: [SM]   [4] Line 318, C:\Program Files (x86)\Steam\steamapps\common\Left 4 Dead 2\left4dead2\addons\sourcemod\scripting\l4d_superversus_latest.sp::OnSurvivorChanged
L 09/11/2025 - 07:52:23: SourceMod error session started
L 09/11/2025 - 07:52:23: Info (map "c1m1_hotel") (file "d:\steam\steamapps\common\left 4 dead 2\left4dead2\addons\sourcemod\logs\errors_20250911.log")
L 09/11/2025 - 07:52:23: [SM] Unable to load extension "left4downtown.ext": The specified module could not be found.

L 09/11/2025 - 07:52:23: [SM] Failed to load plugin "nextmap.smx": Nextmap is incompatible with this game.
L 09/11/2025 - 07:52:23: [SM] Failed to load plugin "[L4D2] Left4dhooks.smx": 
====================
This plugin replaces Left4Downtown. Delete the extension to run.
====================.
L 09/11/2025 - 07:52:24: [SM] Exception reported: Function signature "CItemDefibrillator::OnActionComplete" was not found.
L 09/11/2025 - 07:52:24: [SM] Blaming: Defib_Fix.smx
L 09/11/2025 - 07:52:24: [SM] Call stack trace:
L 09/11/2025 - 07:52:24: [SM]   [0] DHookCreateFromConf
L 09/11/2025 - 07:52:24: [SM]   [1] Line 70, D:\Github\Left-4-fix\left 4 fix\addons\sourcemod\scripting\Defib_Fix.sp::OnPluginStart
L 09/11/2025 - 07:52:24: [SM] Unable to load plugin "Defib_Fix.smx": Error detected in plugin startup (see error logs)
L 09/11/2025 - 07:52:24: [SM] Unable to load plugin "grenade_throwing_bots-l4d2.smx": Required extension "Left 4 Downtown" file("left4downtown.ext") not running
L 09/11/2025 - 07:52:24: [SM] Exception reported: 
==========
Missing required file: "addons\sourcemod\gamedata\l4d2_melee_range.txt".
Read installation instructions again.
==========
L 09/11/2025 - 07:52:24: [SM] Blaming: l4d2_melee_range.smx
L 09/11/2025 - 07:52:24: [SM] Call stack trace:
L 09/11/2025 - 07:52:24: [SM]   [0] SetFailState
L 09/11/2025 - 07:52:24: [SM]   [1] Line 125, /home/forums/content/files/8/5/7/7/8/177585.attach::OnPluginStart
L 09/11/2025 - 07:52:24: [SM] Unable to load plugin "l4d2_melee_range.smx": Error detected in plugin startup (see error logs)
L 09/11/2025 - 07:52:30: [SM] Exception reported: Do not modify "survivor_limit" valve above 4, unload l4dmultislots.smx now!
L 09/11/2025 - 07:52:30: [SM] Blaming: l4dmultislots.smx
L 09/11/2025 - 07:52:30: [SM] Call stack trace:
L 09/11/2025 - 07:52:30: [SM]   [0] SetFailState
L 09/11/2025 - 07:52:30: [SM]   [1] Line 342, d:\Github\Private-Work\L4D2-插件\scripting_1.11\l4dmultislots.sp::ConVarChanged_SurvivorCvars
L 09/11/2025 - 07:52:30: [SM]   [3] ConVar.IntValue.set
L 09/11/2025 - 07:52:30: [SM]   [4] Line 318, C:\Program Files (x86)\Steam\steamapps\common\Left 4 Dead 2\left4dead2\addons\sourcemod\scripting\l4d_superversus_latest.sp::OnSurvivorChanged
L 09/11/2025 - 08:00:30: SourceMod error session started
L 09/11/2025 - 08:00:30: Info (map "c1m1_hotel") (file "d:\steam\steamapps\common\left 4 dead 2\left4dead2\addons\sourcemod\logs\errors_20250911.log")
L 09/11/2025 - 08:00:30: [SM] Unable to load extension "left4downtown.ext": The specified module could not be found.

L 09/11/2025 - 08:00:30: [SM] Failed to load plugin "nextmap.smx": Nextmap is incompatible with this game.
L 09/11/2025 - 08:00:30: [SM] Failed to load plugin "[L4D2] Left4dhooks.smx": 
====================
This plugin replaces Left4Downtown. Delete the extension to run.
====================.
L 09/11/2025 - 08:00:31: [SM] Exception reported: Function signature "CItemDefibrillator::OnActionComplete" was not found.
L 09/11/2025 - 08:00:31: [SM] Blaming: Defib_Fix.smx
L 09/11/2025 - 08:00:31: [SM] Call stack trace:
L 09/11/2025 - 08:00:31: [SM]   [0] DHookCreateFromConf
L 09/11/2025 - 08:00:31: [SM]   [1] Line 70, D:\Github\Left-4-fix\left 4 fix\addons\sourcemod\scripting\Defib_Fix.sp::OnPluginStart
L 09/11/2025 - 08:00:31: [SM] Unable to load plugin "Defib_Fix.smx": Error detected in plugin startup (see error logs)
L 09/11/2025 - 08:00:31: [SM] Unable to load plugin "grenade_throwing_bots-l4d2.smx": Required extension "Left 4 Downtown" file("left4downtown.ext") not running
L 09/11/2025 - 08:00:31: [SM] Exception reported: 
==========
Missing required file: "addons\sourcemod\gamedata\l4d2_melee_range.txt".
Read installation instructions again.
==========
L 09/11/2025 - 08:00:31: [SM] Blaming: l4d2_melee_range.smx
L 09/11/2025 - 08:00:31: [SM] Call stack trace:
L 09/11/2025 - 08:00:31: [SM]   [0] SetFailState
L 09/11/2025 - 08:00:31: [SM]   [1] Line 125, /home/forums/content/files/8/5/7/7/8/177585.attach::OnPluginStart
L 09/11/2025 - 08:00:31: [SM] Unable to load plugin "l4d2_melee_range.smx": Error detected in plugin startup (see error logs)
L 09/11/2025 - 08:00:37: [SM] Exception reported: Do not modify "survivor_limit" valve above 4, unload l4dmultislots.smx now!
L 09/11/2025 - 08:00:37: [SM] Blaming: l4dmultislots.smx
L 09/11/2025 - 08:00:37: [SM] Call stack trace:
L 09/11/2025 - 08:00:37: [SM]   [0] SetFailState
L 09/11/2025 - 08:00:37: [SM]   [1] Line 342, d:\Github\Private-Work\L4D2-插件\scripting_1.11\l4dmultislots.sp::ConVarChanged_SurvivorCvars
L 09/11/2025 - 08:00:37: [SM]   [3] ConVar.IntValue.set
L 09/11/2025 - 08:00:37: [SM]   [4] Line 318, C:\Program Files (x86)\Steam\steamapps\common\Left 4 Dead 2\left4dead2\addons\sourcemod\scripting\l4d_superversus_latest.sp::OnSurvivorChanged
L 09/11/2025 - 08:30:34: SourceMod error session started
L 09/11/2025 - 08:30:34: Info (map "c1m1_hotel") (file "d:\steam\steamapps\common\left 4 dead 2\left4dead2\addons\sourcemod\logs\errors_20250911.log")
L 09/11/2025 - 08:30:34: [SM] Unable to load extension "left4downtown.ext": The specified module could not be found.

L 09/11/2025 - 08:30:34: [SM] Failed to load plugin "nextmap.smx": Nextmap is incompatible with this game.
L 09/11/2025 - 08:30:34: [SM] Failed to load plugin "[L4D2] Left4dhooks.smx": 
====================
This plugin replaces Left4Downtown. Delete the extension to run.
====================.
L 09/11/2025 - 08:30:34: [SM] Exception reported: Function signature "CItemDefibrillator::OnActionComplete" was not found.
L 09/11/2025 - 08:30:34: [SM] Blaming: Defib_Fix.smx
L 09/11/2025 - 08:30:34: [SM] Call stack trace:
L 09/11/2025 - 08:30:34: [SM]   [0] DHookCreateFromConf
L 09/11/2025 - 08:30:34: [SM]   [1] Line 70, D:\Github\Left-4-fix\left 4 fix\addons\sourcemod\scripting\Defib_Fix.sp::OnPluginStart
L 09/11/2025 - 08:30:34: [SM] Unable to load plugin "Defib_Fix.smx": Error detected in plugin startup (see error logs)
L 09/11/2025 - 08:30:34: [SM] Unable to load plugin "grenade_throwing_bots-l4d2.smx": Required extension "Left 4 Downtown" file("left4downtown.ext") not running
L 09/11/2025 - 08:30:34: [SM] Exception reported: 
==========
Missing required file: "addons\sourcemod\gamedata\l4d2_melee_range.txt".
Read installation instructions again.
==========
L 09/11/2025 - 08:30:34: [SM] Blaming: l4d2_melee_range.smx
L 09/11/2025 - 08:30:34: [SM] Call stack trace:
L 09/11/2025 - 08:30:34: [SM]   [0] SetFailState
L 09/11/2025 - 08:30:34: [SM]   [1] Line 125, /home/forums/content/files/8/5/7/7/8/177585.attach::OnPluginStart
L 09/11/2025 - 08:30:34: [SM] Unable to load plugin "l4d2_melee_range.smx": Error detected in plugin startup (see error logs)
L 09/11/2025 - 08:30:40: [SM] Exception reported: Do not modify "survivor_limit" valve above 4, unload l4dmultislots.smx now!
L 09/11/2025 - 08:30:40: [SM] Blaming: l4dmultislots.smx
L 09/11/2025 - 08:30:40: [SM] Call stack trace:
L 09/11/2025 - 08:30:40: [SM]   [0] SetFailState
L 09/11/2025 - 08:30:40: [SM]   [1] Line 342, d:\Github\Private-Work\L4D2-插件\scripting_1.11\l4dmultislots.sp::ConVarChanged_SurvivorCvars
L 09/11/2025 - 08:30:40: [SM]   [3] ConVar.IntValue.set
L 09/11/2025 - 08:30:40: [SM]   [4] Line 318, C:\Program Files (x86)\Steam\steamapps\common\Left 4 Dead 2\left4dead2\addons\sourcemod\scripting\l4d_superversus_latest.sp::OnSurvivorChanged
L 09/11/2025 - 08:34:32: SourceMod error session started
L 09/11/2025 - 08:34:32: Info (map "c1m1_hotel") (file "d:\steam\steamapps\common\left 4 dead 2\left4dead2\addons\sourcemod\logs\errors_20250911.log")
L 09/11/2025 - 08:34:32: [SM] Unable to load extension "left4downtown.ext": The specified module could not be found.

L 09/11/2025 - 08:34:32: [SM] Failed to load plugin "nextmap.smx": Nextmap is incompatible with this game.
L 09/11/2025 - 08:34:32: [SM] Failed to load plugin "[L4D2] Left4dhooks.smx": 
====================
This plugin replaces Left4Downtown. Delete the extension to run.
====================.
L 09/11/2025 - 08:34:32: [SM] Exception reported: Function signature "CItemDefibrillator::OnActionComplete" was not found.
L 09/11/2025 - 08:34:32: [SM] Blaming: Defib_Fix.smx
L 09/11/2025 - 08:34:32: [SM] Call stack trace:
L 09/11/2025 - 08:34:32: [SM]   [0] DHookCreateFromConf
L 09/11/2025 - 08:34:32: [SM]   [1] Line 70, D:\Github\Left-4-fix\left 4 fix\addons\sourcemod\scripting\Defib_Fix.sp::OnPluginStart
L 09/11/2025 - 08:34:32: [SM] Unable to load plugin "Defib_Fix.smx": Error detected in plugin startup (see error logs)
L 09/11/2025 - 08:34:32: [SM] Unable to load plugin "grenade_throwing_bots-l4d2.smx": Required extension "Left 4 Downtown" file("left4downtown.ext") not running
L 09/11/2025 - 08:34:32: [SM] Exception reported: 
==========
Missing required file: "addons\sourcemod\gamedata\l4d2_melee_range.txt".
Read installation instructions again.
==========
L 09/11/2025 - 08:34:32: [SM] Blaming: l4d2_melee_range.smx
L 09/11/2025 - 08:34:32: [SM] Call stack trace:
L 09/11/2025 - 08:34:32: [SM]   [0] SetFailState
L 09/11/2025 - 08:34:32: [SM]   [1] Line 125, /home/forums/content/files/8/5/7/7/8/177585.attach::OnPluginStart
L 09/11/2025 - 08:34:32: [SM] Unable to load plugin "l4d2_melee_range.smx": Error detected in plugin startup (see error logs)
L 09/11/2025 - 08:40:17: SourceMod error session started
L 09/11/2025 - 08:40:17: Info (map "c1m1_hotel") (file "d:\steam\steamapps\common\left 4 dead 2\left4dead2\addons\sourcemod\logs\errors_20250911.log")
L 09/11/2025 - 08:40:17: [SM] Unable to load extension "left4downtown.ext": The specified module could not be found.

L 09/11/2025 - 08:40:17: [SM] Failed to load plugin "nextmap.smx": Nextmap is incompatible with this game.
L 09/11/2025 - 08:40:17: [SM] Failed to load plugin "[L4D2] Left4dhooks.smx": 
====================
This plugin replaces Left4Downtown. Delete the extension to run.
====================.
L 09/11/2025 - 08:40:17: [SM] Exception reported: Function signature "CItemDefibrillator::OnActionComplete" was not found.
L 09/11/2025 - 08:40:17: [SM] Blaming: Defib_Fix.smx
L 09/11/2025 - 08:40:17: [SM] Call stack trace:
L 09/11/2025 - 08:40:17: [SM]   [0] DHookCreateFromConf
L 09/11/2025 - 08:40:17: [SM]   [1] Line 70, D:\Github\Left-4-fix\left 4 fix\addons\sourcemod\scripting\Defib_Fix.sp::OnPluginStart
L 09/11/2025 - 08:40:17: [SM] Unable to load plugin "Defib_Fix.smx": Error detected in plugin startup (see error logs)
L 09/11/2025 - 08:40:17: [SM] Unable to load plugin "grenade_throwing_bots-l4d2.smx": Required extension "Left 4 Downtown" file("left4downtown.ext") not running
L 09/11/2025 - 08:40:17: [SM] Exception reported: 
==========
Missing required file: "addons\sourcemod\gamedata\l4d2_melee_range.txt".
Read installation instructions again.
==========
L 09/11/2025 - 08:40:17: [SM] Blaming: l4d2_melee_range.smx
L 09/11/2025 - 08:40:17: [SM] Call stack trace:
L 09/11/2025 - 08:40:17: [SM]   [0] SetFailState
L 09/11/2025 - 08:40:17: [SM]   [1] Line 125, /home/forums/content/files/8/5/7/7/8/177585.attach::OnPluginStart
L 09/11/2025 - 08:40:17: [SM] Unable to load plugin "l4d2_melee_range.smx": Error detected in plugin startup (see error logs)
