L 01/21/2024 - 01:45:19: SourceMod error session started
L 01/21/2024 - 01:45:19: Info (map "tumtara") (file "e:\steam\steamapps\common\left 4 dead 2\left4dead2\addons\sourcemod\logs\errors_20240121.log")
L 01/21/2024 - 01:45:19: [SM] Unable to load extension "sourcescramble.ext": The specified module could not be found.

L 01/21/2024 - 01:45:19: [SM] Failed to load plugin "nextmap.smx": Unable to load plugin (unsupported feature set; code is too new).
L 01/21/2024 - 01:45:19: [SM] Failed to load plugin "[L4D2] Left4dhooks.smx": 
====================
This plugin replaces Left4Downtown. Delete the extension to run.
====================.
L 01/21/2024 - 01:45:20: [SM] Unable to load plugin "Charger_Collision_patch.smx": Required extension "Source Scramble" file("sourcescramble.ext") not running
L 01/21/2024 - 01:45:20: [SM] Exception reported: 
==========
Missing required file: "addons\sourcemod\gamedata\l4d2_melee_range.txt".
Read installation instructions again.
==========
L 01/21/2024 - 01:45:20: [SM] Blaming: l4d2_melee_range.smx
L 01/21/2024 - 01:45:20: [SM] Call stack trace:
L 01/21/2024 - 01:45:20: [SM]   [0] SetFailState
L 01/21/2024 - 01:45:20: [SM]   [1] Line 125, /home/forums/content/files/8/5/7/7/8/177585.attach::OnPluginStart
L 01/21/2024 - 01:45:20: [SM] Unable to load plugin "l4d2_melee_range.smx": Error detected in plugin startup (see error logs)
L 01/21/2024 - 01:45:26: [SM] Exception reported: Function signature "L4DD::CTerrorPlayer::OnIncapacitatedAsSurvivor" was not found.
L 01/21/2024 - 01:45:26: [SM] Blaming: left4dhooks.smx
L 01/21/2024 - 01:45:26: [SM] Call stack trace:
L 01/21/2024 - 01:45:26: [SM]   [0] DynamicDetour.FromConf
L 01/21/2024 - 01:45:26: [SM]   [1] Line 595, l4dd\l4dd_forwards.sp::CreateDetour
L 01/21/2024 - 01:45:26: [SM]   [2] Line 405, l4dd\l4dd_forwards.sp::SetupDetours
L 01/21/2024 - 01:45:26: [SM]   [3] Line 1438, C:\Servers\L4D2\left4dead2\addons\sourcemod\scripting\left4dhooks.sp::OnMapStart
L 01/21/2024 - 01:45:38: [SM] Exception reported: 
==========
Native 'L4D2_IsRealismMode' should not be used before OnMapStart, please report to 3rd party plugin author.
==========
L 01/21/2024 - 01:45:38: [SM] Blaming: left4dhooks.smx
L 01/21/2024 - 01:45:38: [SM] Call stack trace:
L 01/21/2024 - 01:45:38: [SM]   [0] ThrowNativeError
L 01/21/2024 - 01:45:38: [SM]   [1] Line 900, C:\Servers\L4D2\left4dead2\addons\sourcemod\scripting\left4dhooks.sp::Native_Internal_IsRealismMode
L 01/21/2024 - 01:45:38: [SM]   [3] L4D2_IsRealismMode
L 01/21/2024 - 01:45:38: [SM]   [4] Line 889, d:\Github\Private-Work\L4D2-插件\scripting_1.11\l4dmultislots.sp::Timer_PluginStart
L 01/21/2024 - 01:49:13: Error log file session closed.
L 01/21/2024 - 01:52:57: SourceMod error session started
L 01/21/2024 - 01:52:57: Info (map "tumtara") (file "e:\steam\steamapps\common\left 4 dead 2\left4dead2\addons\sourcemod\logs\errors_20240121.log")
L 01/21/2024 - 01:52:57: [SM] Unable to load extension "sourcescramble.ext": The specified module could not be found.

L 01/21/2024 - 01:52:57: [SM] Failed to load plugin "nextmap.smx": Unable to load plugin (unsupported feature set; code is too new).
L 01/21/2024 - 01:52:57: [SM] Failed to load plugin "[L4D2] Left4dhooks.smx": 
====================
This plugin replaces Left4Downtown. Delete the extension to run.
====================.
L 01/21/2024 - 01:52:57: [SM] Unable to load plugin "Charger_Collision_patch.smx": Required extension "Source Scramble" file("sourcescramble.ext") not running
L 01/21/2024 - 01:52:57: [SM] Exception reported: 
==========
Missing required file: "addons\sourcemod\gamedata\l4d2_melee_range.txt".
Read installation instructions again.
==========
L 01/21/2024 - 01:52:57: [SM] Blaming: l4d2_melee_range.smx
L 01/21/2024 - 01:52:57: [SM] Call stack trace:
L 01/21/2024 - 01:52:57: [SM]   [0] SetFailState
L 01/21/2024 - 01:52:57: [SM]   [1] Line 125, /home/forums/content/files/8/5/7/7/8/177585.attach::OnPluginStart
L 01/21/2024 - 01:52:57: [SM] Unable to load plugin "l4d2_melee_range.smx": Error detected in plugin startup (see error logs)
L 01/21/2024 - 01:53:02: [SM] Exception reported: Function signature "L4DD::CTerrorPlayer::OnIncapacitatedAsSurvivor" was not found.
L 01/21/2024 - 01:53:02: [SM] Blaming: left4dhooks.smx
L 01/21/2024 - 01:53:02: [SM] Call stack trace:
L 01/21/2024 - 01:53:02: [SM]   [0] DynamicDetour.FromConf
L 01/21/2024 - 01:53:02: [SM]   [1] Line 595, l4dd\l4dd_forwards.sp::CreateDetour
L 01/21/2024 - 01:53:02: [SM]   [2] Line 405, l4dd\l4dd_forwards.sp::SetupDetours
L 01/21/2024 - 01:53:02: [SM]   [3] Line 1438, C:\Servers\L4D2\left4dead2\addons\sourcemod\scripting\left4dhooks.sp::OnMapStart
L 01/21/2024 - 01:53:12: [SM] Exception reported: 
==========
Native 'L4D2_IsRealismMode' should not be used before OnMapStart, please report to 3rd party plugin author.
==========
L 01/21/2024 - 01:53:12: [SM] Blaming: left4dhooks.smx
L 01/21/2024 - 01:53:12: [SM] Call stack trace:
L 01/21/2024 - 01:53:12: [SM]   [0] ThrowNativeError
L 01/21/2024 - 01:53:12: [SM]   [1] Line 900, C:\Servers\L4D2\left4dead2\addons\sourcemod\scripting\left4dhooks.sp::Native_Internal_IsRealismMode
L 01/21/2024 - 01:53:12: [SM]   [3] L4D2_IsRealismMode
L 01/21/2024 - 01:53:12: [SM]   [4] Line 889, d:\Github\Private-Work\L4D2-插件\scripting_1.11\l4dmultislots.sp::Timer_PluginStart
L 01/21/2024 - 02:00:22: Error log file session closed.
L 01/21/2024 - 02:23:30: SourceMod error session started
L 01/21/2024 - 02:23:30: Info (map "tumtara") (file "e:\steam\steamapps\common\left 4 dead 2\left4dead2\addons\sourcemod\logs\errors_20240121.log")
L 01/21/2024 - 02:23:30: [SM] Unable to load extension "sourcescramble.ext": The specified module could not be found.

L 01/21/2024 - 02:23:30: [SM] Failed to load plugin "nextmap.smx": Unable to load plugin (unsupported feature set; code is too new).
L 01/21/2024 - 02:23:30: [SM] Failed to load plugin "[L4D2] Left4dhooks.smx": 
====================
This plugin replaces Left4Downtown. Delete the extension to run.
====================.
L 01/21/2024 - 02:23:31: [SM] Unable to load plugin "Charger_Collision_patch.smx": Required extension "Source Scramble" file("sourcescramble.ext") not running
L 01/21/2024 - 02:23:31: [SM] Exception reported: 
==========
Missing required file: "addons\sourcemod\gamedata\l4d2_melee_range.txt".
Read installation instructions again.
==========
L 01/21/2024 - 02:23:31: [SM] Blaming: l4d2_melee_range.smx
L 01/21/2024 - 02:23:31: [SM] Call stack trace:
L 01/21/2024 - 02:23:31: [SM]   [0] SetFailState
L 01/21/2024 - 02:23:31: [SM]   [1] Line 125, /home/forums/content/files/8/5/7/7/8/177585.attach::OnPluginStart
L 01/21/2024 - 02:23:31: [SM] Unable to load plugin "l4d2_melee_range.smx": Error detected in plugin startup (see error logs)
L 01/21/2024 - 02:23:36: [SM] Exception reported: Function signature "L4DD::CTerrorPlayer::OnIncapacitatedAsSurvivor" was not found.
L 01/21/2024 - 02:23:36: [SM] Blaming: left4dhooks.smx
L 01/21/2024 - 02:23:36: [SM] Call stack trace:
L 01/21/2024 - 02:23:37: [SM]   [0] DynamicDetour.FromConf
L 01/21/2024 - 02:23:37: [SM]   [1] Line 595, l4dd\l4dd_forwards.sp::CreateDetour
L 01/21/2024 - 02:23:37: [SM]   [2] Line 405, l4dd\l4dd_forwards.sp::SetupDetours
L 01/21/2024 - 02:23:37: [SM]   [3] Line 1438, C:\Servers\L4D2\left4dead2\addons\sourcemod\scripting\left4dhooks.sp::OnMapStart
L 01/21/2024 - 02:23:47: [SM] Exception reported: 
==========
Native 'L4D2_IsRealismMode' should not be used before OnMapStart, please report to 3rd party plugin author.
==========
L 01/21/2024 - 02:23:47: [SM] Blaming: left4dhooks.smx
L 01/21/2024 - 02:23:47: [SM] Call stack trace:
L 01/21/2024 - 02:23:47: [SM]   [0] ThrowNativeError
L 01/21/2024 - 02:23:47: [SM]   [1] Line 900, C:\Servers\L4D2\left4dead2\addons\sourcemod\scripting\left4dhooks.sp::Native_Internal_IsRealismMode
L 01/21/2024 - 02:23:47: [SM]   [3] L4D2_IsRealismMode
L 01/21/2024 - 02:23:47: [SM]   [4] Line 889, d:\Github\Private-Work\L4D2-插件\scripting_1.11\l4dmultislots.sp::Timer_PluginStart
L 01/21/2024 - 02:26:16: Error log file session closed.
L 01/21/2024 - 02:30:47: SourceMod error session started
L 01/21/2024 - 02:30:47: Info (map "tumtara") (file "e:\steam\steamapps\common\left 4 dead 2\left4dead2\addons\sourcemod\logs\errors_20240121.log")
L 01/21/2024 - 02:30:47: [SM] Unable to load extension "sourcescramble.ext": The specified module could not be found.

L 01/21/2024 - 02:30:47: [SM] Failed to load plugin "nextmap.smx": Unable to load plugin (unsupported feature set; code is too new).
L 01/21/2024 - 02:30:47: [SM] Failed to load plugin "[L4D2] Left4dhooks.smx": 
====================
This plugin replaces Left4Downtown. Delete the extension to run.
====================.
L 01/21/2024 - 02:30:47: [SM] Unable to load plugin "Charger_Collision_patch.smx": Required extension "Source Scramble" file("sourcescramble.ext") not running
L 01/21/2024 - 02:30:47: [SM] Exception reported: 
==========
Missing required file: "addons\sourcemod\gamedata\l4d2_melee_range.txt".
Read installation instructions again.
==========
L 01/21/2024 - 02:30:47: [SM] Blaming: l4d2_melee_range.smx
L 01/21/2024 - 02:30:47: [SM] Call stack trace:
L 01/21/2024 - 02:30:47: [SM]   [0] SetFailState
L 01/21/2024 - 02:30:47: [SM]   [1] Line 125, /home/forums/content/files/8/5/7/7/8/177585.attach::OnPluginStart
L 01/21/2024 - 02:30:47: [SM] Unable to load plugin "l4d2_melee_range.smx": Error detected in plugin startup (see error logs)
L 01/21/2024 - 02:30:52: [SM] Exception reported: Function signature "L4DD::CTerrorPlayer::OnIncapacitatedAsSurvivor" was not found.
L 01/21/2024 - 02:30:52: [SM] Blaming: left4dhooks.smx
L 01/21/2024 - 02:30:52: [SM] Call stack trace:
L 01/21/2024 - 02:30:52: [SM]   [0] DynamicDetour.FromConf
L 01/21/2024 - 02:30:52: [SM]   [1] Line 595, l4dd\l4dd_forwards.sp::CreateDetour
L 01/21/2024 - 02:30:52: [SM]   [2] Line 405, l4dd\l4dd_forwards.sp::SetupDetours
L 01/21/2024 - 02:30:52: [SM]   [3] Line 1438, C:\Servers\L4D2\left4dead2\addons\sourcemod\scripting\left4dhooks.sp::OnMapStart
L 01/21/2024 - 02:31:02: [SM] Exception reported: 
==========
Native 'L4D2_IsRealismMode' should not be used before OnMapStart, please report to 3rd party plugin author.
==========
L 01/21/2024 - 02:31:02: [SM] Blaming: left4dhooks.smx
L 01/21/2024 - 02:31:02: [SM] Call stack trace:
L 01/21/2024 - 02:31:02: [SM]   [0] ThrowNativeError
L 01/21/2024 - 02:31:02: [SM]   [1] Line 900, C:\Servers\L4D2\left4dead2\addons\sourcemod\scripting\left4dhooks.sp::Native_Internal_IsRealismMode
L 01/21/2024 - 02:31:02: [SM]   [3] L4D2_IsRealismMode
L 01/21/2024 - 02:31:02: [SM]   [4] Line 889, d:\Github\Private-Work\L4D2-插件\scripting_1.11\l4dmultislots.sp::Timer_PluginStart
L 01/21/2024 - 02:37:13: SourceMod error session started
L 01/21/2024 - 02:37:13: Info (map "tumtara") (file "e:\steam\steamapps\common\left 4 dead 2\left4dead2\addons\sourcemod\logs\errors_20240121.log")
L 01/21/2024 - 02:37:13: [SM] Unable to load extension "sourcescramble.ext": The specified module could not be found.

L 01/21/2024 - 02:37:13: [SM] Failed to load plugin "nextmap.smx": Unable to load plugin (unsupported feature set; code is too new).
L 01/21/2024 - 02:37:13: [SM] Failed to load plugin "[L4D2] Left4dhooks.smx": 
====================
This plugin replaces Left4Downtown. Delete the extension to run.
====================.
L 01/21/2024 - 02:37:13: [SM] Unable to load plugin "Charger_Collision_patch.smx": Required extension "Source Scramble" file("sourcescramble.ext") not running
L 01/21/2024 - 02:37:13: [SM] Exception reported: 
==========
Missing required file: "addons\sourcemod\gamedata\l4d2_melee_range.txt".
Read installation instructions again.
==========
L 01/21/2024 - 02:37:13: [SM] Blaming: l4d2_melee_range.smx
L 01/21/2024 - 02:37:13: [SM] Call stack trace:
L 01/21/2024 - 02:37:13: [SM]   [0] SetFailState
L 01/21/2024 - 02:37:13: [SM]   [1] Line 125, /home/forums/content/files/8/5/7/7/8/177585.attach::OnPluginStart
L 01/21/2024 - 02:37:13: [SM] Unable to load plugin "l4d2_melee_range.smx": Error detected in plugin startup (see error logs)
L 01/21/2024 - 02:37:18: [SM] Exception reported: Function signature "L4DD::CTerrorPlayer::OnIncapacitatedAsSurvivor" was not found.
L 01/21/2024 - 02:37:18: [SM] Blaming: left4dhooks.smx
L 01/21/2024 - 02:37:18: [SM] Call stack trace:
L 01/21/2024 - 02:37:18: [SM]   [0] DynamicDetour.FromConf
L 01/21/2024 - 02:37:18: [SM]   [1] Line 595, l4dd\l4dd_forwards.sp::CreateDetour
L 01/21/2024 - 02:37:18: [SM]   [2] Line 405, l4dd\l4dd_forwards.sp::SetupDetours
L 01/21/2024 - 02:37:18: [SM]   [3] Line 1438, C:\Servers\L4D2\left4dead2\addons\sourcemod\scripting\left4dhooks.sp::OnMapStart
L 01/21/2024 - 02:37:28: [SM] Exception reported: 
==========
Native 'L4D2_IsRealismMode' should not be used before OnMapStart, please report to 3rd party plugin author.
==========
L 01/21/2024 - 02:37:28: [SM] Blaming: left4dhooks.smx
L 01/21/2024 - 02:37:28: [SM] Call stack trace:
L 01/21/2024 - 02:37:28: [SM]   [0] ThrowNativeError
L 01/21/2024 - 02:37:28: [SM]   [1] Line 900, C:\Servers\L4D2\left4dead2\addons\sourcemod\scripting\left4dhooks.sp::Native_Internal_IsRealismMode
L 01/21/2024 - 02:37:28: [SM]   [3] L4D2_IsRealismMode
L 01/21/2024 - 02:37:28: [SM]   [4] Line 889, d:\Github\Private-Work\L4D2-插件\scripting_1.11\l4dmultislots.sp::Timer_PluginStart
L 01/21/2024 - 02:45:52: Error log file session closed.
