L 02/04/2024 - 00:43:20: SourceMod log file session started (file "e:\steam\steamapps\common\left 4 dead 2\left4dead2\addons\sourcemod\logs\L20240204.log") (Version "1.11.0.6911")
L 02/04/2024 - 00:43:20: [basecommands.smx] "Console<0><Console><Console>" changed cvar (cvar "precache_all_survivors") (value "1")
L 02/04/2024 - 00:43:20: [basecommands.smx] "Console<0><Console><Console>" changed cvar (cvar "survivor_friendly_fire_factor_normal") (value "0.01")
L 02/04/2024 - 00:43:20: [basecommands.smx] "Console<0><Console><Console>" changed cvar (cvar "survivor_friendly_fire_factor_hard") (value "0.01")
L 02/04/2024 - 00:43:20: [basecommands.smx] "Console<0><Console><Console>" changed cvar (cvar "survivor_friendly_fire_factor_expert") (value "0.01")
L 02/04/2024 - 00:43:20: [basecommands.smx] "Console<0><Console><Console>" changed cvar (cvar "sv_consistency") (value "0")
L 02/04/2024 - 00:43:20: [basecommands.smx] "Console<0><Console><Console>" changed cvar (cvar "sv_allow_lobby_connect_only") (value "0")
L 02/04/2024 - 00:43:20: [basecommands.smx] "Console<0><Console><Console>" changed cvar (cvar "sv_maxplayers") (value "8")
L 02/04/2024 - 00:43:20: [basecommands.smx] "Console<0><Console><Console>" changed cvar (cvar "sv_visiblemaxplayers") (value "-1")
L 02/04/2024 - 00:43:35: [L4D2 HP Regeneration.smx] [HpRegeneration] - Loaded
L 02/04/2024 - 00:54:18: SourceMod log file session started (file "e:\steam\steamapps\common\left 4 dead 2\left4dead2\addons\sourcemod\logs\L20240204.log") (Version "1.11.0.6911")
L 02/04/2024 - 00:54:18: [basecommands.smx] "Console<0><Console><Console>" changed cvar (cvar "precache_all_survivors") (value "1")
L 02/04/2024 - 00:54:18: [basecommands.smx] "Console<0><Console><Console>" changed cvar (cvar "survivor_friendly_fire_factor_normal") (value "0.01")
L 02/04/2024 - 00:54:18: [basecommands.smx] "Console<0><Console><Console>" changed cvar (cvar "survivor_friendly_fire_factor_hard") (value "0.01")
L 02/04/2024 - 00:54:18: [basecommands.smx] "Console<0><Console><Console>" changed cvar (cvar "survivor_friendly_fire_factor_expert") (value "0.01")
L 02/04/2024 - 00:54:18: [basecommands.smx] "Console<0><Console><Console>" changed cvar (cvar "sv_consistency") (value "0")
L 02/04/2024 - 00:54:18: [basecommands.smx] "Console<0><Console><Console>" changed cvar (cvar "sv_allow_lobby_connect_only") (value "0")
L 02/04/2024 - 00:54:18: [basecommands.smx] "Console<0><Console><Console>" changed cvar (cvar "sv_maxplayers") (value "8")
L 02/04/2024 - 00:54:18: [basecommands.smx] "Console<0><Console><Console>" changed cvar (cvar "sv_visiblemaxplayers") (value "-1")
L 02/04/2024 - 00:54:30: [L4D2 HP Regeneration.smx] [HpRegeneration] - Loaded
L 02/04/2024 - 01:01:39: SourceMod log file session started (file "e:\steam\steamapps\common\left 4 dead 2\left4dead2\addons\sourcemod\logs\L20240204.log") (Version "1.11.0.6911")
L 02/04/2024 - 01:01:39: [basecommands.smx] "Console<0><Console><Console>" changed cvar (cvar "precache_all_survivors") (value "1")
L 02/04/2024 - 01:01:39: [basecommands.smx] "Console<0><Console><Console>" changed cvar (cvar "survivor_friendly_fire_factor_normal") (value "0.01")
L 02/04/2024 - 01:01:39: [basecommands.smx] "Console<0><Console><Console>" changed cvar (cvar "survivor_friendly_fire_factor_hard") (value "0.01")
L 02/04/2024 - 01:01:39: [basecommands.smx] "Console<0><Console><Console>" changed cvar (cvar "survivor_friendly_fire_factor_expert") (value "0.01")
L 02/04/2024 - 01:01:39: [basecommands.smx] "Console<0><Console><Console>" changed cvar (cvar "sv_consistency") (value "0")
L 02/04/2024 - 01:01:39: [basecommands.smx] "Console<0><Console><Console>" changed cvar (cvar "sv_allow_lobby_connect_only") (value "0")
L 02/04/2024 - 01:01:39: [basecommands.smx] "Console<0><Console><Console>" changed cvar (cvar "sv_maxplayers") (value "8")
L 02/04/2024 - 01:01:39: [basecommands.smx] "Console<0><Console><Console>" changed cvar (cvar "sv_visiblemaxplayers") (value "-1")
L 02/04/2024 - 01:01:40: [UPDATER] Successfully updated gamedata file "sdktools.games/engine.l4d2.txt"
L 02/04/2024 - 01:01:40: [UPDATER] Successfully updated gamedata file "core.games/engine.l4d2.txt"
L 02/04/2024 - 01:01:40: [UPDATER] SourceMod has been updated, please reload it or restart your server.
L 02/04/2024 - 01:01:52: [L4D2 HP Regeneration.smx] [HpRegeneration] - Loaded
L 02/04/2024 - 01:08:44: Log file closed.
L 02/04/2024 - 01:15:03: SourceMod log file session started (file "e:\steam\steamapps\common\left 4 dead 2\left4dead2\addons\sourcemod\logs\L20240204.log") (Version "1.11.0.6911")
L 02/04/2024 - 01:15:03: [basecommands.smx] "Console<0><Console><Console>" changed cvar (cvar "precache_all_survivors") (value "1")
L 02/04/2024 - 01:15:03: [basecommands.smx] "Console<0><Console><Console>" changed cvar (cvar "survivor_friendly_fire_factor_normal") (value "0.01")
L 02/04/2024 - 01:15:03: [basecommands.smx] "Console<0><Console><Console>" changed cvar (cvar "survivor_friendly_fire_factor_hard") (value "0.01")
L 02/04/2024 - 01:15:03: [basecommands.smx] "Console<0><Console><Console>" changed cvar (cvar "survivor_friendly_fire_factor_expert") (value "0.01")
L 02/04/2024 - 01:15:03: [basecommands.smx] "Console<0><Console><Console>" changed cvar (cvar "sv_consistency") (value "0")
L 02/04/2024 - 01:15:03: [basecommands.smx] "Console<0><Console><Console>" changed cvar (cvar "sv_allow_lobby_connect_only") (value "0")
L 02/04/2024 - 01:15:03: [basecommands.smx] "Console<0><Console><Console>" changed cvar (cvar "sv_maxplayers") (value "8")
L 02/04/2024 - 01:15:03: [basecommands.smx] "Console<0><Console><Console>" changed cvar (cvar "sv_visiblemaxplayers") (value "-1")
L 02/04/2024 - 01:15:14: [L4D2 HP Regeneration.smx] [HpRegeneration] - Loaded
L 02/04/2024 - 01:22:19: SourceMod log file session started (file "e:\steam\steamapps\common\left 4 dead 2\left4dead2\addons\sourcemod\logs\L20240204.log") (Version "1.11.0.6911")
L 02/04/2024 - 01:22:19: [basecommands.smx] "Console<0><Console><Console>" changed cvar (cvar "precache_all_survivors") (value "1")
L 02/04/2024 - 01:22:19: [basecommands.smx] "Console<0><Console><Console>" changed cvar (cvar "survivor_friendly_fire_factor_normal") (value "0.01")
L 02/04/2024 - 01:22:19: [basecommands.smx] "Console<0><Console><Console>" changed cvar (cvar "survivor_friendly_fire_factor_hard") (value "0.01")
L 02/04/2024 - 01:22:19: [basecommands.smx] "Console<0><Console><Console>" changed cvar (cvar "survivor_friendly_fire_factor_expert") (value "0.01")
L 02/04/2024 - 01:22:19: [basecommands.smx] "Console<0><Console><Console>" changed cvar (cvar "sv_consistency") (value "0")
L 02/04/2024 - 01:22:20: [basecommands.smx] "Console<0><Console><Console>" changed cvar (cvar "sv_allow_lobby_connect_only") (value "0")
L 02/04/2024 - 01:22:20: [basecommands.smx] "Console<0><Console><Console>" changed cvar (cvar "sv_maxplayers") (value "8")
L 02/04/2024 - 01:22:20: [basecommands.smx] "Console<0><Console><Console>" changed cvar (cvar "sv_visiblemaxplayers") (value "-1")
L 02/04/2024 - 01:22:30: [L4D2 HP Regeneration.smx] [HpRegeneration] - Loaded
L 02/04/2024 - 01:35:31: SourceMod log file session started (file "e:\steam\steamapps\common\left 4 dead 2\left4dead2\addons\sourcemod\logs\L20240204.log") (Version "1.11.0.6911")
L 02/04/2024 - 01:35:31: [basecommands.smx] "Console<0><Console><Console>" changed cvar (cvar "precache_all_survivors") (value "1")
L 02/04/2024 - 01:35:31: [basecommands.smx] "Console<0><Console><Console>" changed cvar (cvar "survivor_friendly_fire_factor_normal") (value "0.01")
L 02/04/2024 - 01:35:31: [basecommands.smx] "Console<0><Console><Console>" changed cvar (cvar "survivor_friendly_fire_factor_hard") (value "0.01")
L 02/04/2024 - 01:35:31: [basecommands.smx] "Console<0><Console><Console>" changed cvar (cvar "survivor_friendly_fire_factor_expert") (value "0.01")
L 02/04/2024 - 01:35:31: [basecommands.smx] "Console<0><Console><Console>" changed cvar (cvar "sv_consistency") (value "0")
L 02/04/2024 - 01:35:31: [basecommands.smx] "Console<0><Console><Console>" changed cvar (cvar "sv_allow_lobby_connect_only") (value "0")
L 02/04/2024 - 01:35:31: [basecommands.smx] "Console<0><Console><Console>" changed cvar (cvar "sv_maxplayers") (value "8")
L 02/04/2024 - 01:35:31: [basecommands.smx] "Console<0><Console><Console>" changed cvar (cvar "sv_visiblemaxplayers") (value "-1")
L 02/04/2024 - 01:35:42: [L4D2 HP Regeneration.smx] [HpRegeneration] - Loaded
L 02/04/2024 - 01:41:25: SourceMod log file session started (file "e:\steam\steamapps\common\left 4 dead 2\left4dead2\addons\sourcemod\logs\L20240204.log") (Version "1.11.0.6911")
L 02/04/2024 - 01:41:25: [basecommands.smx] "Console<0><Console><Console>" changed cvar (cvar "precache_all_survivors") (value "1")
L 02/04/2024 - 01:41:25: [basecommands.smx] "Console<0><Console><Console>" changed cvar (cvar "survivor_friendly_fire_factor_normal") (value "0.01")
L 02/04/2024 - 01:41:25: [basecommands.smx] "Console<0><Console><Console>" changed cvar (cvar "survivor_friendly_fire_factor_hard") (value "0.01")
L 02/04/2024 - 01:41:25: [basecommands.smx] "Console<0><Console><Console>" changed cvar (cvar "survivor_friendly_fire_factor_expert") (value "0.01")
L 02/04/2024 - 01:41:25: [basecommands.smx] "Console<0><Console><Console>" changed cvar (cvar "sv_consistency") (value "0")
L 02/04/2024 - 01:41:25: [basecommands.smx] "Console<0><Console><Console>" changed cvar (cvar "sv_allow_lobby_connect_only") (value "0")
L 02/04/2024 - 01:41:25: [basecommands.smx] "Console<0><Console><Console>" changed cvar (cvar "sv_maxplayers") (value "8")
L 02/04/2024 - 01:41:25: [basecommands.smx] "Console<0><Console><Console>" changed cvar (cvar "sv_visiblemaxplayers") (value "-1")
L 02/04/2024 - 01:41:36: [L4D2 HP Regeneration.smx] [HpRegeneration] - Loaded
L 02/04/2024 - 01:49:37: SourceMod log file session started (file "e:\steam\steamapps\common\left 4 dead 2\left4dead2\addons\sourcemod\logs\L20240204.log") (Version "1.11.0.6911")
L 02/04/2024 - 01:49:37: [basecommands.smx] "Console<0><Console><Console>" changed cvar (cvar "precache_all_survivors") (value "1")
L 02/04/2024 - 01:49:37: [basecommands.smx] "Console<0><Console><Console>" changed cvar (cvar "survivor_friendly_fire_factor_normal") (value "0.01")
L 02/04/2024 - 01:49:37: [basecommands.smx] "Console<0><Console><Console>" changed cvar (cvar "survivor_friendly_fire_factor_hard") (value "0.01")
L 02/04/2024 - 01:49:37: [basecommands.smx] "Console<0><Console><Console>" changed cvar (cvar "survivor_friendly_fire_factor_expert") (value "0.01")
L 02/04/2024 - 01:49:37: [basecommands.smx] "Console<0><Console><Console>" changed cvar (cvar "sv_consistency") (value "0")
L 02/04/2024 - 01:49:37: [basecommands.smx] "Console<0><Console><Console>" changed cvar (cvar "sv_allow_lobby_connect_only") (value "0")
L 02/04/2024 - 01:49:37: [basecommands.smx] "Console<0><Console><Console>" changed cvar (cvar "sv_maxplayers") (value "8")
L 02/04/2024 - 01:49:37: [basecommands.smx] "Console<0><Console><Console>" changed cvar (cvar "sv_visiblemaxplayers") (value "-1")
L 02/04/2024 - 01:49:48: [L4D2 HP Regeneration.smx] [HpRegeneration] - Loaded
L 02/04/2024 - 01:58:51: SourceMod log file session started (file "e:\steam\steamapps\common\left 4 dead 2\left4dead2\addons\sourcemod\logs\L20240204.log") (Version "1.11.0.6911")
L 02/04/2024 - 01:58:51: [basecommands.smx] "Console<0><Console><Console>" changed cvar (cvar "precache_all_survivors") (value "1")
L 02/04/2024 - 01:58:51: [basecommands.smx] "Console<0><Console><Console>" changed cvar (cvar "survivor_friendly_fire_factor_normal") (value "0.01")
L 02/04/2024 - 01:58:51: [basecommands.smx] "Console<0><Console><Console>" changed cvar (cvar "survivor_friendly_fire_factor_hard") (value "0.01")
L 02/04/2024 - 01:58:51: [basecommands.smx] "Console<0><Console><Console>" changed cvar (cvar "survivor_friendly_fire_factor_expert") (value "0.01")
L 02/04/2024 - 01:58:51: [basecommands.smx] "Console<0><Console><Console>" changed cvar (cvar "sv_consistency") (value "0")
L 02/04/2024 - 01:58:51: [basecommands.smx] "Console<0><Console><Console>" changed cvar (cvar "sv_allow_lobby_connect_only") (value "0")
L 02/04/2024 - 01:58:51: [basecommands.smx] "Console<0><Console><Console>" changed cvar (cvar "sv_maxplayers") (value "8")
L 02/04/2024 - 01:58:51: [basecommands.smx] "Console<0><Console><Console>" changed cvar (cvar "sv_visiblemaxplayers") (value "-1")
L 02/04/2024 - 01:59:01: [L4D2 HP Regeneration.smx] [HpRegeneration] - Loaded
L 02/04/2024 - 02:07:39: SourceMod log file session started (file "e:\steam\steamapps\common\left 4 dead 2\left4dead2\addons\sourcemod\logs\L20240204.log") (Version "1.11.0.6911")
L 02/04/2024 - 02:07:39: [basecommands.smx] "Console<0><Console><Console>" changed cvar (cvar "precache_all_survivors") (value "1")
L 02/04/2024 - 02:07:39: [basecommands.smx] "Console<0><Console><Console>" changed cvar (cvar "survivor_friendly_fire_factor_normal") (value "0.01")
L 02/04/2024 - 02:07:39: [basecommands.smx] "Console<0><Console><Console>" changed cvar (cvar "survivor_friendly_fire_factor_hard") (value "0.01")
L 02/04/2024 - 02:07:39: [basecommands.smx] "Console<0><Console><Console>" changed cvar (cvar "survivor_friendly_fire_factor_expert") (value "0.01")
L 02/04/2024 - 02:07:39: [basecommands.smx] "Console<0><Console><Console>" changed cvar (cvar "sv_consistency") (value "0")
L 02/04/2024 - 02:07:39: [basecommands.smx] "Console<0><Console><Console>" changed cvar (cvar "sv_allow_lobby_connect_only") (value "0")
L 02/04/2024 - 02:07:39: [basecommands.smx] "Console<0><Console><Console>" changed cvar (cvar "sv_maxplayers") (value "8")
L 02/04/2024 - 02:07:39: [basecommands.smx] "Console<0><Console><Console>" changed cvar (cvar "sv_visiblemaxplayers") (value "-1")
L 02/04/2024 - 02:07:39: [UPDATER] Successfully updated gamedata file "sdktools.games/engine.l4d2.txt"
L 02/04/2024 - 02:07:39: [UPDATER] Successfully updated gamedata file "core.games/engine.l4d2.txt"
L 02/04/2024 - 02:07:39: [UPDATER] SourceMod has been updated, please reload it or restart your server.
L 02/04/2024 - 02:07:42: [L4D2 HP Regeneration.smx] [HpRegeneration] - Loaded
L 02/04/2024 - 02:09:15: [basecommands.smx] "[CZ].HellSpectral<2><STEAM_1:1:226145726><>" executed config (file "sourcemod/sm_warmode_on.cfg")
L 02/04/2024 - 02:09:47: [basecommands.smx] "[CZ].HellSpectral<2><STEAM_1:1:226145726><>" executed config (file "server.cfg")
L 02/04/2024 - 02:09:47: [basecommands.smx] "[CZ].HellSpectral<2><STEAM_1:1:226145726><>" changed cvar (cvar "sv_consistency") (value "0")
L 02/04/2024 - 02:09:47: [basecommands.smx] "[CZ].HellSpectral<2><STEAM_1:1:226145726><>" changed cvar (cvar "sv_allow_lobby_connect_only") (value "0")
L 02/04/2024 - 02:09:47: [basecommands.smx] "[CZ].HellSpectral<2><STEAM_1:1:226145726><>" changed cvar (cvar "sv_maxplayers") (value "32")
L 02/04/2024 - 02:09:47: [basecommands.smx] "[CZ].HellSpectral<2><STEAM_1:1:226145726><>" changed cvar (cvar "sv_visiblemaxplayers") (value "-1")
L 02/04/2024 - 02:10:43: -------- Mapchange to tumtara --------
L 02/04/2024 - 02:10:48: [basecommands.smx] "Console<0><Console><Console>" changed cvar (cvar "precache_all_survivors") (value "1")
L 02/04/2024 - 02:10:48: [basecommands.smx] "Console<0><Console><Console>" changed cvar (cvar "survivor_friendly_fire_factor_normal") (value "0.01")
L 02/04/2024 - 02:10:48: [basecommands.smx] "Console<0><Console><Console>" changed cvar (cvar "survivor_friendly_fire_factor_hard") (value "0.01")
L 02/04/2024 - 02:10:48: [basecommands.smx] "Console<0><Console><Console>" changed cvar (cvar "survivor_friendly_fire_factor_expert") (value "0.01")
L 02/04/2024 - 02:10:48: [basecommands.smx] "Console<0><Console><Console>" changed cvar (cvar "sv_consistency") (value "0")
L 02/04/2024 - 02:10:48: [basecommands.smx] "Console<0><Console><Console>" changed cvar (cvar "sv_allow_lobby_connect_only") (value "0")
L 02/04/2024 - 02:10:48: [basecommands.smx] "Console<0><Console><Console>" changed cvar (cvar "sv_maxplayers") (value "8")
L 02/04/2024 - 02:10:48: [basecommands.smx] "Console<0><Console><Console>" changed cvar (cvar "sv_visiblemaxplayers") (value "-1")
L 02/04/2024 - 02:11:37: Log file closed.
L 02/04/2024 - 02:14:36: SourceMod log file session started (file "e:\steam\steamapps\common\left 4 dead 2\left4dead2\addons\sourcemod\logs\L20240204.log") (Version "1.11.0.6911")
L 02/04/2024 - 02:14:36: [basecommands.smx] "Console<0><Console><Console>" changed cvar (cvar "precache_all_survivors") (value "1")
L 02/04/2024 - 02:14:36: [basecommands.smx] "Console<0><Console><Console>" changed cvar (cvar "survivor_friendly_fire_factor_normal") (value "0.01")
L 02/04/2024 - 02:14:36: [basecommands.smx] "Console<0><Console><Console>" changed cvar (cvar "survivor_friendly_fire_factor_hard") (value "0.01")
L 02/04/2024 - 02:14:36: [basecommands.smx] "Console<0><Console><Console>" changed cvar (cvar "survivor_friendly_fire_factor_expert") (value "0.01")
L 02/04/2024 - 02:14:36: [basecommands.smx] "Console<0><Console><Console>" changed cvar (cvar "sv_consistency") (value "0")
L 02/04/2024 - 02:14:36: [basecommands.smx] "Console<0><Console><Console>" changed cvar (cvar "sv_allow_lobby_connect_only") (value "0")
L 02/04/2024 - 02:14:36: [basecommands.smx] "Console<0><Console><Console>" changed cvar (cvar "sv_maxplayers") (value "8")
L 02/04/2024 - 02:14:36: [basecommands.smx] "Console<0><Console><Console>" changed cvar (cvar "sv_visiblemaxplayers") (value "-1")
L 02/04/2024 - 02:14:46: [L4D2 HP Regeneration.smx] [HpRegeneration] - Loaded
L 02/04/2024 - 02:16:55: SourceMod log file session started (file "e:\steam\steamapps\common\left 4 dead 2\left4dead2\addons\sourcemod\logs\L20240204.log") (Version "1.11.0.6911")
L 02/04/2024 - 02:16:55: [basecommands.smx] "Console<0><Console><Console>" changed cvar (cvar "precache_all_survivors") (value "1")
L 02/04/2024 - 02:16:55: [basecommands.smx] "Console<0><Console><Console>" changed cvar (cvar "survivor_friendly_fire_factor_normal") (value "0.01")
L 02/04/2024 - 02:16:55: [basecommands.smx] "Console<0><Console><Console>" changed cvar (cvar "survivor_friendly_fire_factor_hard") (value "0.01")
L 02/04/2024 - 02:16:55: [basecommands.smx] "Console<0><Console><Console>" changed cvar (cvar "survivor_friendly_fire_factor_expert") (value "0.01")
L 02/04/2024 - 02:16:55: [basecommands.smx] "Console<0><Console><Console>" changed cvar (cvar "sv_consistency") (value "0")
L 02/04/2024 - 02:16:55: [basecommands.smx] "Console<0><Console><Console>" changed cvar (cvar "sv_allow_lobby_connect_only") (value "0")
L 02/04/2024 - 02:16:55: [basecommands.smx] "Console<0><Console><Console>" changed cvar (cvar "sv_maxplayers") (value "8")
L 02/04/2024 - 02:16:55: [basecommands.smx] "Console<0><Console><Console>" changed cvar (cvar "sv_visiblemaxplayers") (value "-1")
L 02/04/2024 - 02:17:05: [L4D2 HP Regeneration.smx] [HpRegeneration] - Loaded
L 02/04/2024 - 02:19:50: SourceMod log file session started (file "e:\steam\steamapps\common\left 4 dead 2\left4dead2\addons\sourcemod\logs\L20240204.log") (Version "1.11.0.6911")
L 02/04/2024 - 02:19:50: [basecommands.smx] "Console<0><Console><Console>" changed cvar (cvar "precache_all_survivors") (value "1")
L 02/04/2024 - 02:19:50: [basecommands.smx] "Console<0><Console><Console>" changed cvar (cvar "survivor_friendly_fire_factor_normal") (value "0.01")
L 02/04/2024 - 02:19:50: [basecommands.smx] "Console<0><Console><Console>" changed cvar (cvar "survivor_friendly_fire_factor_hard") (value "0.01")
L 02/04/2024 - 02:19:50: [basecommands.smx] "Console<0><Console><Console>" changed cvar (cvar "survivor_friendly_fire_factor_expert") (value "0.01")
L 02/04/2024 - 02:19:50: [basecommands.smx] "Console<0><Console><Console>" changed cvar (cvar "sv_consistency") (value "0")
L 02/04/2024 - 02:19:50: [basecommands.smx] "Console<0><Console><Console>" changed cvar (cvar "sv_allow_lobby_connect_only") (value "0")
L 02/04/2024 - 02:19:50: [basecommands.smx] "Console<0><Console><Console>" changed cvar (cvar "sv_maxplayers") (value "8")
L 02/04/2024 - 02:19:50: [basecommands.smx] "Console<0><Console><Console>" changed cvar (cvar "sv_visiblemaxplayers") (value "-1")
L 02/04/2024 - 02:20:01: [L4D2 HP Regeneration.smx] [HpRegeneration] - Loaded
L 02/04/2024 - 02:21:32: SourceMod log file session started (file "e:\steam\steamapps\common\left 4 dead 2\left4dead2\addons\sourcemod\logs\L20240204.log") (Version "1.11.0.6911")
L 02/04/2024 - 02:21:32: [basecommands.smx] "Console<0><Console><Console>" changed cvar (cvar "precache_all_survivors") (value "1")
L 02/04/2024 - 02:21:32: [basecommands.smx] "Console<0><Console><Console>" changed cvar (cvar "survivor_friendly_fire_factor_normal") (value "0.01")
L 02/04/2024 - 02:21:32: [basecommands.smx] "Console<0><Console><Console>" changed cvar (cvar "survivor_friendly_fire_factor_hard") (value "0.01")
L 02/04/2024 - 02:21:32: [basecommands.smx] "Console<0><Console><Console>" changed cvar (cvar "survivor_friendly_fire_factor_expert") (value "0.01")
L 02/04/2024 - 02:21:32: [basecommands.smx] "Console<0><Console><Console>" changed cvar (cvar "sv_consistency") (value "0")
L 02/04/2024 - 02:21:32: [basecommands.smx] "Console<0><Console><Console>" changed cvar (cvar "sv_allow_lobby_connect_only") (value "0")
L 02/04/2024 - 02:21:32: [basecommands.smx] "Console<0><Console><Console>" changed cvar (cvar "sv_maxplayers") (value "8")
L 02/04/2024 - 02:21:32: [basecommands.smx] "Console<0><Console><Console>" changed cvar (cvar "sv_visiblemaxplayers") (value "-1")
L 02/04/2024 - 02:21:35: [L4D2 HP Regeneration.smx] [HpRegeneration] - Loaded
L 02/04/2024 - 02:29:24: SourceMod log file session started (file "e:\steam\steamapps\common\left 4 dead 2\left4dead2\addons\sourcemod\logs\L20240204.log") (Version "1.11.0.6911")
L 02/04/2024 - 02:29:24: [basecommands.smx] "Console<0><Console><Console>" changed cvar (cvar "precache_all_survivors") (value "1")
L 02/04/2024 - 02:29:24: [basecommands.smx] "Console<0><Console><Console>" changed cvar (cvar "survivor_friendly_fire_factor_normal") (value "0.01")
L 02/04/2024 - 02:29:24: [basecommands.smx] "Console<0><Console><Console>" changed cvar (cvar "survivor_friendly_fire_factor_hard") (value "0.01")
L 02/04/2024 - 02:29:24: [basecommands.smx] "Console<0><Console><Console>" changed cvar (cvar "survivor_friendly_fire_factor_expert") (value "0.01")
L 02/04/2024 - 02:29:24: [basecommands.smx] "Console<0><Console><Console>" changed cvar (cvar "sv_consistency") (value "0")
L 02/04/2024 - 02:29:24: [basecommands.smx] "Console<0><Console><Console>" changed cvar (cvar "sv_allow_lobby_connect_only") (value "0")
L 02/04/2024 - 02:29:24: [basecommands.smx] "Console<0><Console><Console>" changed cvar (cvar "sv_maxplayers") (value "8")
L 02/04/2024 - 02:29:24: [basecommands.smx] "Console<0><Console><Console>" changed cvar (cvar "sv_visiblemaxplayers") (value "-1")
L 02/04/2024 - 02:29:28: [L4D2 HP Regeneration.smx] [HpRegeneration] - Loaded
L 02/04/2024 - 02:33:37: SourceMod log file session started (file "e:\steam\steamapps\common\left 4 dead 2\left4dead2\addons\sourcemod\logs\L20240204.log") (Version "1.11.0.6911")
L 02/04/2024 - 02:33:37: [basecommands.smx] "Console<0><Console><Console>" changed cvar (cvar "precache_all_survivors") (value "1")
L 02/04/2024 - 02:33:37: [basecommands.smx] "Console<0><Console><Console>" changed cvar (cvar "survivor_friendly_fire_factor_normal") (value "0.01")
L 02/04/2024 - 02:33:37: [basecommands.smx] "Console<0><Console><Console>" changed cvar (cvar "survivor_friendly_fire_factor_hard") (value "0.01")
L 02/04/2024 - 02:33:37: [basecommands.smx] "Console<0><Console><Console>" changed cvar (cvar "survivor_friendly_fire_factor_expert") (value "0.01")
L 02/04/2024 - 02:33:37: [basecommands.smx] "Console<0><Console><Console>" changed cvar (cvar "sv_consistency") (value "0")
L 02/04/2024 - 02:33:37: [basecommands.smx] "Console<0><Console><Console>" changed cvar (cvar "sv_allow_lobby_connect_only") (value "0")
L 02/04/2024 - 02:33:37: [basecommands.smx] "Console<0><Console><Console>" changed cvar (cvar "sv_maxplayers") (value "8")
L 02/04/2024 - 02:33:37: [basecommands.smx] "Console<0><Console><Console>" changed cvar (cvar "sv_visiblemaxplayers") (value "-1")
L 02/04/2024 - 02:33:37: [UPDATER] Successfully updated gamedata file "sdktools.games/engine.l4d2.txt"
L 02/04/2024 - 02:33:37: [UPDATER] Successfully updated gamedata file "core.games/engine.l4d2.txt"
L 02/04/2024 - 02:33:37: [UPDATER] SourceMod has been updated, please reload it or restart your server.
L 02/04/2024 - 02:33:40: [L4D2 HP Regeneration.smx] [HpRegeneration] - Loaded
L 02/04/2024 - 02:35:02: -------- Mapchange to tumtara --------
L 02/04/2024 - 02:35:06: [basecommands.smx] "Console<0><Console><Console>" changed cvar (cvar "precache_all_survivors") (value "1")
L 02/04/2024 - 02:35:06: [basecommands.smx] "Console<0><Console><Console>" changed cvar (cvar "survivor_friendly_fire_factor_normal") (value "0.01")
L 02/04/2024 - 02:35:06: [basecommands.smx] "Console<0><Console><Console>" changed cvar (cvar "survivor_friendly_fire_factor_hard") (value "0.01")
L 02/04/2024 - 02:35:06: [basecommands.smx] "Console<0><Console><Console>" changed cvar (cvar "survivor_friendly_fire_factor_expert") (value "0.01")
L 02/04/2024 - 02:35:06: [basecommands.smx] "Console<0><Console><Console>" changed cvar (cvar "sv_consistency") (value "0")
L 02/04/2024 - 02:35:06: [basecommands.smx] "Console<0><Console><Console>" changed cvar (cvar "sv_allow_lobby_connect_only") (value "0")
L 02/04/2024 - 02:35:06: [basecommands.smx] "Console<0><Console><Console>" changed cvar (cvar "sv_maxplayers") (value "8")
L 02/04/2024 - 02:35:06: [basecommands.smx] "Console<0><Console><Console>" changed cvar (cvar "sv_visiblemaxplayers") (value "-1")
L 02/04/2024 - 02:35:40: [BugFixes] WitchAttack created for client [CZ].HellSpectral.
L 02/04/2024 - 02:35:40: [BugFixes] WitchAttack char=1.
L 02/04/2024 - 02:35:40: [BugFixes] WitchAttack created for client [CZ].HellSpectral.
L 02/04/2024 - 02:35:40: [BugFixes] WitchAttack char=1.
L 02/04/2024 - 02:35:41: [BugFixes] WitchAttack created for client [CZ].HellSpectral.
L 02/04/2024 - 02:35:41: [BugFixes] WitchAttack char=1.
L 02/04/2024 - 02:35:41: [BugFixes] WitchAttack created for client [CZ].HellSpectral.
L 02/04/2024 - 02:35:41: [BugFixes] WitchAttack char=1.
L 02/04/2024 - 02:35:42: [BugFixes] WitchAttack created for client [CZ].HellSpectral.
L 02/04/2024 - 02:35:42: [BugFixes] WitchAttack char=1.
L 02/04/2024 - 02:37:28: [BugFixes] WitchAttack created for client [CZ].HellSpectral.
L 02/04/2024 - 02:37:28: [BugFixes] WitchAttack char=1.
L 02/04/2024 - 02:38:38: [BugFixes] WitchAttack created for client [CZ].HellSpectral.
L 02/04/2024 - 02:38:38: [BugFixes] WitchAttack char=1.
L 02/04/2024 - 02:38:39: [BugFixes] WitchAttack created for client [CZ].HellSpectral.
L 02/04/2024 - 02:38:39: [BugFixes] WitchAttack char=1.
L 02/04/2024 - 02:38:39: [BugFixes] WitchAttack created for client [CZ].HellSpectral.
L 02/04/2024 - 02:38:39: [BugFixes] WitchAttack char=1.
L 02/04/2024 - 02:39:21: [BugFixes] WitchAttack created for client [CZ].HellSpectral.
L 02/04/2024 - 02:39:21: [BugFixes] WitchAttack char=1.
L 02/04/2024 - 02:42:27: [BugFixes] WitchAttack created for client [CZ].HellSpectral.
L 02/04/2024 - 02:42:27: [BugFixes] WitchAttack char=2.
L 02/04/2024 - 02:42:27: [BugFixes] WitchAttack created for client [CZ].HellSpectral.
L 02/04/2024 - 02:42:27: [BugFixes] WitchAttack char=2.
L 02/04/2024 - 02:43:38: Log file closed.
L 02/04/2024 - 02:46:21: SourceMod log file session started (file "e:\steam\steamapps\common\left 4 dead 2\left4dead2\addons\sourcemod\logs\L20240204.log") (Version "1.11.0.6911")
L 02/04/2024 - 02:46:21: [basecommands.smx] "Console<0><Console><Console>" changed cvar (cvar "precache_all_survivors") (value "1")
L 02/04/2024 - 02:46:21: [basecommands.smx] "Console<0><Console><Console>" changed cvar (cvar "survivor_friendly_fire_factor_normal") (value "0.01")
L 02/04/2024 - 02:46:21: [basecommands.smx] "Console<0><Console><Console>" changed cvar (cvar "survivor_friendly_fire_factor_hard") (value "0.01")
L 02/04/2024 - 02:46:21: [basecommands.smx] "Console<0><Console><Console>" changed cvar (cvar "survivor_friendly_fire_factor_expert") (value "0.01")
L 02/04/2024 - 02:46:21: [basecommands.smx] "Console<0><Console><Console>" changed cvar (cvar "sv_consistency") (value "0")
L 02/04/2024 - 02:46:21: [basecommands.smx] "Console<0><Console><Console>" changed cvar (cvar "sv_allow_lobby_connect_only") (value "0")
L 02/04/2024 - 02:46:21: [basecommands.smx] "Console<0><Console><Console>" changed cvar (cvar "sv_maxplayers") (value "8")
L 02/04/2024 - 02:46:21: [basecommands.smx] "Console<0><Console><Console>" changed cvar (cvar "sv_visiblemaxplayers") (value "-1")
L 02/04/2024 - 02:46:32: [L4D2 HP Regeneration.smx] [HpRegeneration] - Loaded
L 02/04/2024 - 02:50:23: SourceMod log file session started (file "e:\steam\steamapps\common\left 4 dead 2\left4dead2\addons\sourcemod\logs\L20240204.log") (Version "1.11.0.6911")
L 02/04/2024 - 02:50:23: [basecommands.smx] "Console<0><Console><Console>" changed cvar (cvar "precache_all_survivors") (value "1")
L 02/04/2024 - 02:50:23: [basecommands.smx] "Console<0><Console><Console>" changed cvar (cvar "survivor_friendly_fire_factor_normal") (value "0.01")
L 02/04/2024 - 02:50:23: [basecommands.smx] "Console<0><Console><Console>" changed cvar (cvar "survivor_friendly_fire_factor_hard") (value "0.01")
L 02/04/2024 - 02:50:23: [basecommands.smx] "Console<0><Console><Console>" changed cvar (cvar "survivor_friendly_fire_factor_expert") (value "0.01")
L 02/04/2024 - 02:50:23: [basecommands.smx] "Console<0><Console><Console>" changed cvar (cvar "sv_consistency") (value "0")
L 02/04/2024 - 02:50:23: [basecommands.smx] "Console<0><Console><Console>" changed cvar (cvar "sv_allow_lobby_connect_only") (value "0")
L 02/04/2024 - 02:50:23: [basecommands.smx] "Console<0><Console><Console>" changed cvar (cvar "sv_maxplayers") (value "8")
L 02/04/2024 - 02:50:23: [basecommands.smx] "Console<0><Console><Console>" changed cvar (cvar "sv_visiblemaxplayers") (value "-1")
L 02/04/2024 - 02:50:33: [L4D2 HP Regeneration.smx] [HpRegeneration] - Loaded
L 02/04/2024 - 02:53:08: SourceMod log file session started (file "e:\steam\steamapps\common\left 4 dead 2\left4dead2\addons\sourcemod\logs\L20240204.log") (Version "1.11.0.6911")
L 02/04/2024 - 02:53:08: [basecommands.smx] "Console<0><Console><Console>" changed cvar (cvar "precache_all_survivors") (value "1")
L 02/04/2024 - 02:53:08: [basecommands.smx] "Console<0><Console><Console>" changed cvar (cvar "survivor_friendly_fire_factor_normal") (value "0.01")
L 02/04/2024 - 02:53:08: [basecommands.smx] "Console<0><Console><Console>" changed cvar (cvar "survivor_friendly_fire_factor_hard") (value "0.01")
L 02/04/2024 - 02:53:08: [basecommands.smx] "Console<0><Console><Console>" changed cvar (cvar "survivor_friendly_fire_factor_expert") (value "0.01")
L 02/04/2024 - 02:53:08: [basecommands.smx] "Console<0><Console><Console>" changed cvar (cvar "sv_consistency") (value "0")
L 02/04/2024 - 02:53:08: [basecommands.smx] "Console<0><Console><Console>" changed cvar (cvar "sv_allow_lobby_connect_only") (value "0")
L 02/04/2024 - 02:53:08: [basecommands.smx] "Console<0><Console><Console>" changed cvar (cvar "sv_maxplayers") (value "8")
L 02/04/2024 - 02:53:08: [basecommands.smx] "Console<0><Console><Console>" changed cvar (cvar "sv_visiblemaxplayers") (value "-1")
L 02/04/2024 - 02:53:19: [L4D2 HP Regeneration.smx] [HpRegeneration] - Loaded
L 02/04/2024 - 02:58:44: SourceMod log file session started (file "e:\steam\steamapps\common\left 4 dead 2\left4dead2\addons\sourcemod\logs\L20240204.log") (Version "1.11.0.6911")
L 02/04/2024 - 02:58:44: [basecommands.smx] "Console<0><Console><Console>" changed cvar (cvar "precache_all_survivors") (value "1")
L 02/04/2024 - 02:58:44: [basecommands.smx] "Console<0><Console><Console>" changed cvar (cvar "survivor_friendly_fire_factor_normal") (value "0.01")
L 02/04/2024 - 02:58:44: [basecommands.smx] "Console<0><Console><Console>" changed cvar (cvar "survivor_friendly_fire_factor_hard") (value "0.01")
L 02/04/2024 - 02:58:44: [basecommands.smx] "Console<0><Console><Console>" changed cvar (cvar "survivor_friendly_fire_factor_expert") (value "0.01")
L 02/04/2024 - 02:58:44: [basecommands.smx] "Console<0><Console><Console>" changed cvar (cvar "sv_consistency") (value "0")
L 02/04/2024 - 02:58:44: [basecommands.smx] "Console<0><Console><Console>" changed cvar (cvar "sv_allow_lobby_connect_only") (value "0")
L 02/04/2024 - 02:58:44: [basecommands.smx] "Console<0><Console><Console>" changed cvar (cvar "sv_maxplayers") (value "8")
L 02/04/2024 - 02:58:44: [basecommands.smx] "Console<0><Console><Console>" changed cvar (cvar "sv_visiblemaxplayers") (value "-1")
L 02/04/2024 - 02:58:55: [L4D2 HP Regeneration.smx] [HpRegeneration] - Loaded
L 02/04/2024 - 03:02:06: SourceMod log file session started (file "e:\steam\steamapps\common\left 4 dead 2\left4dead2\addons\sourcemod\logs\L20240204.log") (Version "1.11.0.6911")
L 02/04/2024 - 03:02:06: [basecommands.smx] "Console<0><Console><Console>" changed cvar (cvar "precache_all_survivors") (value "1")
L 02/04/2024 - 03:02:06: [basecommands.smx] "Console<0><Console><Console>" changed cvar (cvar "survivor_friendly_fire_factor_normal") (value "0.01")
L 02/04/2024 - 03:02:06: [basecommands.smx] "Console<0><Console><Console>" changed cvar (cvar "survivor_friendly_fire_factor_hard") (value "0.01")
L 02/04/2024 - 03:02:06: [basecommands.smx] "Console<0><Console><Console>" changed cvar (cvar "survivor_friendly_fire_factor_expert") (value "0.01")
L 02/04/2024 - 03:02:06: [basecommands.smx] "Console<0><Console><Console>" changed cvar (cvar "sv_consistency") (value "0")
L 02/04/2024 - 03:02:06: [basecommands.smx] "Console<0><Console><Console>" changed cvar (cvar "sv_allow_lobby_connect_only") (value "0")
L 02/04/2024 - 03:02:06: [basecommands.smx] "Console<0><Console><Console>" changed cvar (cvar "sv_maxplayers") (value "8")
L 02/04/2024 - 03:02:06: [basecommands.smx] "Console<0><Console><Console>" changed cvar (cvar "sv_visiblemaxplayers") (value "-1")
L 02/04/2024 - 03:02:17: [L4D2 HP Regeneration.smx] [HpRegeneration] - Loaded
L 02/04/2024 - 03:06:52: SourceMod log file session started (file "e:\steam\steamapps\common\left 4 dead 2\left4dead2\addons\sourcemod\logs\L20240204.log") (Version "1.11.0.6911")
L 02/04/2024 - 03:06:52: [basecommands.smx] "Console<0><Console><Console>" changed cvar (cvar "precache_all_survivors") (value "1")
L 02/04/2024 - 03:06:52: [basecommands.smx] "Console<0><Console><Console>" changed cvar (cvar "survivor_friendly_fire_factor_normal") (value "0.01")
L 02/04/2024 - 03:06:52: [basecommands.smx] "Console<0><Console><Console>" changed cvar (cvar "survivor_friendly_fire_factor_hard") (value "0.01")
L 02/04/2024 - 03:06:52: [basecommands.smx] "Console<0><Console><Console>" changed cvar (cvar "survivor_friendly_fire_factor_expert") (value "0.01")
L 02/04/2024 - 03:06:52: [basecommands.smx] "Console<0><Console><Console>" changed cvar (cvar "sv_consistency") (value "0")
L 02/04/2024 - 03:06:52: [basecommands.smx] "Console<0><Console><Console>" changed cvar (cvar "sv_allow_lobby_connect_only") (value "0")
L 02/04/2024 - 03:06:52: [basecommands.smx] "Console<0><Console><Console>" changed cvar (cvar "sv_maxplayers") (value "8")
L 02/04/2024 - 03:06:52: [basecommands.smx] "Console<0><Console><Console>" changed cvar (cvar "sv_visiblemaxplayers") (value "-1")
L 02/04/2024 - 03:07:03: [L4D2 HP Regeneration.smx] [HpRegeneration] - Loaded
L 02/04/2024 - 18:31:23: SourceMod log file session started (file "e:\steam\steamapps\common\left 4 dead 2\left4dead2\addons\sourcemod\logs\L20240204.log") (Version "1.11.0.6911")
L 02/04/2024 - 18:31:23: [basecommands.smx] "Console<0><Console><Console>" changed cvar (cvar "precache_all_survivors") (value "1")
L 02/04/2024 - 18:31:23: [basecommands.smx] "Console<0><Console><Console>" changed cvar (cvar "survivor_friendly_fire_factor_normal") (value "0.01")
L 02/04/2024 - 18:31:23: [basecommands.smx] "Console<0><Console><Console>" changed cvar (cvar "survivor_friendly_fire_factor_hard") (value "0.01")
L 02/04/2024 - 18:31:24: [basecommands.smx] "Console<0><Console><Console>" changed cvar (cvar "survivor_friendly_fire_factor_expert") (value "0.01")
L 02/04/2024 - 18:31:24: [basecommands.smx] "Console<0><Console><Console>" changed cvar (cvar "sv_consistency") (value "0")
L 02/04/2024 - 18:31:24: [basecommands.smx] "Console<0><Console><Console>" changed cvar (cvar "sv_allow_lobby_connect_only") (value "0")
L 02/04/2024 - 18:31:24: [basecommands.smx] "Console<0><Console><Console>" changed cvar (cvar "sv_maxplayers") (value "8")
L 02/04/2024 - 18:31:24: [basecommands.smx] "Console<0><Console><Console>" changed cvar (cvar "sv_visiblemaxplayers") (value "-1")
L 02/04/2024 - 18:31:24: [UPDATER] Successfully updated gamedata file "sdktools.games/engine.l4d2.txt"
L 02/04/2024 - 18:31:24: [UPDATER] Successfully updated gamedata file "core.games/engine.l4d2.txt"
L 02/04/2024 - 18:31:24: [UPDATER] SourceMod has been updated, please reload it or restart your server.
L 02/04/2024 - 18:31:36: [L4D2 HP Regeneration.smx] [HpRegeneration] - Loaded
L 02/04/2024 - 18:36:33: [BugFixes] WitchAttack created for client [CZ].HellSpectral.
L 02/04/2024 - 18:36:33: [BugFixes] WitchAttack char=0.
L 02/04/2024 - 18:38:05: Log file closed.
L 02/04/2024 - 18:46:54: SourceMod log file session started (file "e:\steam\steamapps\common\left 4 dead 2\left4dead2\addons\sourcemod\logs\L20240204.log") (Version "1.11.0.6911")
L 02/04/2024 - 18:46:54: [basecommands.smx] "Console<0><Console><Console>" changed cvar (cvar "precache_all_survivors") (value "1")
L 02/04/2024 - 18:46:54: [basecommands.smx] "Console<0><Console><Console>" changed cvar (cvar "survivor_friendly_fire_factor_normal") (value "0.01")
L 02/04/2024 - 18:46:54: [basecommands.smx] "Console<0><Console><Console>" changed cvar (cvar "survivor_friendly_fire_factor_hard") (value "0.01")
L 02/04/2024 - 18:46:54: [basecommands.smx] "Console<0><Console><Console>" changed cvar (cvar "survivor_friendly_fire_factor_expert") (value "0.01")
L 02/04/2024 - 18:46:54: [basecommands.smx] "Console<0><Console><Console>" changed cvar (cvar "sv_consistency") (value "0")
L 02/04/2024 - 18:46:54: [basecommands.smx] "Console<0><Console><Console>" changed cvar (cvar "sv_allow_lobby_connect_only") (value "0")
L 02/04/2024 - 18:46:54: [basecommands.smx] "Console<0><Console><Console>" changed cvar (cvar "sv_maxplayers") (value "8")
L 02/04/2024 - 18:46:54: [basecommands.smx] "Console<0><Console><Console>" changed cvar (cvar "sv_visiblemaxplayers") (value "-1")
L 02/04/2024 - 18:46:54: [UPDATER] Successfully updated gamedata file "sdktools.games/engine.l4d2.txt"
L 02/04/2024 - 18:46:54: [UPDATER] Successfully updated gamedata file "core.games/engine.l4d2.txt"
L 02/04/2024 - 18:46:54: [UPDATER] SourceMod has been updated, please reload it or restart your server.
L 02/04/2024 - 18:47:05: [L4D2 HP Regeneration.smx] [HpRegeneration] - Loaded
L 02/04/2024 - 18:47:40: [BugFixes] WitchAttack created for client [CZ].HellSpectral.
L 02/04/2024 - 18:47:40: [BugFixes] WitchAttack char=0.
L 02/04/2024 - 18:47:40: [BugFixes] WitchAttack created for client [CZ].HellSpectral.
L 02/04/2024 - 18:47:40: [BugFixes] WitchAttack char=0.
L 02/04/2024 - 18:47:41: [BugFixes] WitchAttack created for client [CZ].HellSpectral.
L 02/04/2024 - 18:47:41: [BugFixes] WitchAttack char=0.
L 02/04/2024 - 18:47:56: [BugFixes] WitchAttack created for client [CZ].HellSpectral.
L 02/04/2024 - 18:47:56: [BugFixes] WitchAttack char=0.
L 02/04/2024 - 18:47:56: [BugFixes] WitchAttack created for client [CZ].HellSpectral.
L 02/04/2024 - 18:47:56: [BugFixes] WitchAttack char=0.
L 02/04/2024 - 18:48:23: [BugFixes] WitchAttack created for client [CZ].HellSpectral.
L 02/04/2024 - 18:48:23: [BugFixes] WitchAttack char=0.
L 02/04/2024 - 18:51:49: [BugFixes] WitchAttack created for client [CZ].HellSpectral.
L 02/04/2024 - 18:51:49: [BugFixes] WitchAttack char=0.
L 02/04/2024 - 18:52:26: [BugFixes] WitchAttack created for client [CZ].HellSpectral.
L 02/04/2024 - 18:52:26: [BugFixes] WitchAttack char=0.
L 02/04/2024 - 18:52:39: Log file closed.
