L 01/30/2024 - 00:32:33: SourceMod log file session started (file "e:\steam\steamapps\common\left 4 dead 2\left4dead2\addons\sourcemod\logs\L20240130.log") (Version "1.11.0.6911")
L 01/30/2024 - 00:32:33: [basecommands.smx] "Console<0><Console><Console>" changed cvar (cvar "sv_consistency") (value "0")
L 01/30/2024 - 00:32:33: [basecommands.smx] "Console<0><Console><Console>" changed cvar (cvar "sv_allow_lobby_connect_only") (value "0")
L 01/30/2024 - 00:32:33: [basecommands.smx] "Console<0><Console><Console>" changed cvar (cvar "sv_maxplayers") (value "8")
L 01/30/2024 - 00:32:33: [basecommands.smx] "Console<0><Console><Console>" changed cvar (cvar "sv_visiblemaxplayers") (value "-1")
L 01/30/2024 - 00:32:48: [L4D2 HP Regeneration.smx] [HpRegeneration] - Loaded
L 01/30/2024 - 00:35:29: [BugFixes] WitchAttack created for client [CZ].HellSpectral.
L 01/30/2024 - 00:35:29: [BugFixes] WitchAttack char=0.
L 01/30/2024 - 00:35:29: [BugFixes] WitchAttack created for client [CZ].HellSpectral.
L 01/30/2024 - 00:35:29: [BugFixes] WitchAttack char=0.
L 01/30/2024 - 00:35:30: [BugFixes] WitchAttack created for client [CZ].HellSpectral.
L 01/30/2024 - 00:35:30: [BugFixes] WitchAttack char=0.
L 01/30/2024 - 00:35:31: [BugFixes] WitchAttack created for client [CZ].HellSpectral.
L 01/30/2024 - 00:35:31: [BugFixes] WitchAttack char=0.
L 01/30/2024 - 00:35:31: [BugFixes] WitchAttack created for client [CZ].HellSpectral.
L 01/30/2024 - 00:35:31: [BugFixes] WitchAttack char=0.
L 01/30/2024 - 00:35:32: [BugFixes] WitchAttack created for client [CZ].HellSpectral.
L 01/30/2024 - 00:35:32: [BugFixes] WitchAttack char=0.
L 01/30/2024 - 00:35:32: [BugFixes] WitchAttack created for client [CZ].HellSpectral.
L 01/30/2024 - 00:35:32: [BugFixes] WitchAttack char=0.
L 01/30/2024 - 00:35:33: [BugFixes] WitchAttack created for client [CZ].HellSpectral.
L 01/30/2024 - 00:35:33: [BugFixes] WitchAttack char=0.
L 01/30/2024 - 00:35:35: [BugFixes] WitchAttack created for client [CZ].HellSpectral.
L 01/30/2024 - 00:35:35: [BugFixes] WitchAttack char=0.
L 01/30/2024 - 00:35:36: [BugFixes] WitchAttack created for client [CZ].HellSpectral.
L 01/30/2024 - 00:35:36: [BugFixes] WitchAttack char=0.
L 01/30/2024 - 00:35:56: [basechat.smx] "[CZ].HellSpectral<2><STEAM_1:1:226145726><>" triggered sm_say (text c)
L 01/30/2024 - 00:40:17: [BugFixes] WitchAttack created for client [CZ].HellSpectral.
L 01/30/2024 - 00:40:17: [BugFixes] WitchAttack char=5.
L 01/30/2024 - 00:40:17: [BugFixes] WitchAttack created for client [CZ].HellSpectral.
L 01/30/2024 - 00:40:17: [BugFixes] WitchAttack char=5.
L 01/30/2024 - 00:40:19: [BugFixes] WitchAttack created for client [CZ].HellSpectral.
L 01/30/2024 - 00:40:19: [BugFixes] WitchAttack char=5.
L 01/30/2024 - 00:40:19: [BugFixes] WitchAttack created for client [CZ].HellSpectral.
L 01/30/2024 - 00:40:19: [BugFixes] WitchAttack char=5.
L 01/30/2024 - 00:40:20: [BugFixes] WitchAttack created for client [CZ].HellSpectral.
L 01/30/2024 - 00:40:20: [BugFixes] WitchAttack char=5.
L 01/30/2024 - 00:40:20: [BugFixes] WitchAttack created for client [CZ].HellSpectral.
L 01/30/2024 - 00:40:20: [BugFixes] WitchAttack char=5.
L 01/30/2024 - 00:40:21: [BugFixes] WitchAttack created for client [CZ].HellSpectral.
L 01/30/2024 - 00:40:21: [BugFixes] WitchAttack char=5.
L 01/30/2024 - 00:40:21: [BugFixes] WitchAttack created for client [CZ].HellSpectral.
L 01/30/2024 - 00:40:21: [BugFixes] WitchAttack char=5.
L 01/30/2024 - 00:40:23: [BugFixes] WitchAttack created for client [CZ].HellSpectral.
L 01/30/2024 - 00:40:23: [BugFixes] WitchAttack char=5.
L 01/30/2024 - 00:40:23: [BugFixes] WitchAttack created for client [CZ].HellSpectral.
L 01/30/2024 - 00:40:23: [BugFixes] WitchAttack char=5.
L 01/30/2024 - 00:40:23: [BugFixes] WitchAttack created for client [CZ].HellSpectral.
L 01/30/2024 - 00:40:23: [BugFixes] WitchAttack char=5.
L 01/30/2024 - 00:40:23: [BugFixes] WitchAttack created for client [CZ].HellSpectral.
L 01/30/2024 - 00:40:23: [BugFixes] WitchAttack char=5.
L 01/30/2024 - 00:40:25: [BugFixes] WitchAttack created for client [CZ].HellSpectral.
L 01/30/2024 - 00:40:25: [BugFixes] WitchAttack char=5.
L 01/30/2024 - 00:40:25: [BugFixes] WitchAttack created for client [CZ].HellSpectral.
L 01/30/2024 - 00:40:25: [BugFixes] WitchAttack char=5.
L 01/30/2024 - 00:42:38: [BugFixes] WitchAttack created for client [CZ].HellSpectral.
L 01/30/2024 - 00:42:38: [BugFixes] WitchAttack char=5.
L 01/30/2024 - 00:42:40: [BugFixes] WitchAttack created for client [CZ].HellSpectral.
L 01/30/2024 - 00:42:40: [BugFixes] WitchAttack char=5.
L 01/30/2024 - 00:42:55: [BugFixes] WitchAttack created for client [CZ].HellSpectral.
L 01/30/2024 - 00:42:55: [BugFixes] WitchAttack char=5.
L 01/30/2024 - 00:42:56: [BugFixes] WitchAttack created for client [CZ].HellSpectral.
L 01/30/2024 - 00:42:56: [BugFixes] WitchAttack char=5.
L 01/30/2024 - 22:10:56: SourceMod log file session started (file "e:\steam\steamapps\common\left 4 dead 2\left4dead2\addons\sourcemod\logs\L20240130.log") (Version "1.11.0.6911")
L 01/30/2024 - 22:10:56: [basecommands.smx] "Console<0><Console><Console>" changed cvar (cvar "precache_all_survivors") (value "1")
L 01/30/2024 - 22:10:56: [basecommands.smx] "Console<0><Console><Console>" changed cvar (cvar "survivor_friendly_fire_factor_normal") (value "0.01")
L 01/30/2024 - 22:10:56: [basecommands.smx] "Console<0><Console><Console>" changed cvar (cvar "survivor_friendly_fire_factor_hard") (value "0.01")
L 01/30/2024 - 22:10:56: [basecommands.smx] "Console<0><Console><Console>" changed cvar (cvar "survivor_friendly_fire_factor_expert") (value "0.01")
L 01/30/2024 - 22:10:56: [basecommands.smx] "Console<0><Console><Console>" changed cvar (cvar "sv_consistency") (value "0")
L 01/30/2024 - 22:10:56: [basecommands.smx] "Console<0><Console><Console>" changed cvar (cvar "sv_allow_lobby_connect_only") (value "0")
L 01/30/2024 - 22:10:56: [basecommands.smx] "Console<0><Console><Console>" changed cvar (cvar "sv_maxplayers") (value "8")
L 01/30/2024 - 22:10:56: [basecommands.smx] "Console<0><Console><Console>" changed cvar (cvar "sv_visiblemaxplayers") (value "-1")
L 01/30/2024 - 22:11:09: [L4D2 HP Regeneration.smx] [HpRegeneration] - Loaded
L 01/30/2024 - 22:12:01: [BugFixes] WitchAttack created for client [CZ].HellSpectral.
L 01/30/2024 - 22:12:01: [BugFixes] WitchAttack char=0.
L 01/30/2024 - 22:12:01: [BugFixes] WitchAttack created for client [CZ].HellSpectral.
L 01/30/2024 - 22:12:01: [BugFixes] WitchAttack char=0.
L 01/30/2024 - 22:12:03: [BugFixes] WitchAttack created for client [CZ].HellSpectral.
L 01/30/2024 - 22:12:03: [BugFixes] WitchAttack char=0.
L 01/30/2024 - 22:12:03: [BugFixes] WitchAttack created for client [CZ].HellSpectral.
L 01/30/2024 - 22:12:03: [BugFixes] WitchAttack char=0.
L 01/30/2024 - 22:12:03: [BugFixes] WitchAttack created for client [CZ].HellSpectral.
L 01/30/2024 - 22:12:03: [BugFixes] WitchAttack char=0.
L 01/30/2024 - 22:12:03: [BugFixes] WitchAttack created for client [CZ].HellSpectral.
L 01/30/2024 - 22:12:03: [BugFixes] WitchAttack char=0.
L 01/30/2024 - 22:12:05: [BugFixes] WitchAttack created for client [CZ].HellSpectral.
L 01/30/2024 - 22:12:05: [BugFixes] WitchAttack char=0.
L 01/30/2024 - 22:12:05: [BugFixes] WitchAttack created for client [CZ].HellSpectral.
L 01/30/2024 - 22:12:05: [BugFixes] WitchAttack char=0.
L 01/30/2024 - 22:12:06: [BugFixes] WitchAttack created for client [CZ].HellSpectral.
L 01/30/2024 - 22:12:06: [BugFixes] WitchAttack char=0.
L 01/30/2024 - 22:12:06: [BugFixes] WitchAttack created for client [CZ].HellSpectral.
L 01/30/2024 - 22:12:06: [BugFixes] WitchAttack char=0.
L 01/30/2024 - 22:12:07: [BugFixes] WitchAttack created for client [CZ].HellSpectral.
L 01/30/2024 - 22:12:07: [BugFixes] WitchAttack char=0.
L 01/30/2024 - 22:18:07: SourceMod log file session started (file "e:\steam\steamapps\common\left 4 dead 2\left4dead2\addons\sourcemod\logs\L20240130.log") (Version "1.11.0.6911")
L 01/30/2024 - 22:18:07: [basecommands.smx] "Console<0><Console><Console>" changed cvar (cvar "precache_all_survivors") (value "1")
L 01/30/2024 - 22:18:07: [basecommands.smx] "Console<0><Console><Console>" changed cvar (cvar "survivor_friendly_fire_factor_normal") (value "0.01")
L 01/30/2024 - 22:18:07: [basecommands.smx] "Console<0><Console><Console>" changed cvar (cvar "survivor_friendly_fire_factor_hard") (value "0.01")
L 01/30/2024 - 22:18:07: [basecommands.smx] "Console<0><Console><Console>" changed cvar (cvar "survivor_friendly_fire_factor_expert") (value "0.01")
L 01/30/2024 - 22:18:07: [basecommands.smx] "Console<0><Console><Console>" changed cvar (cvar "sv_consistency") (value "0")
L 01/30/2024 - 22:18:07: [basecommands.smx] "Console<0><Console><Console>" changed cvar (cvar "sv_allow_lobby_connect_only") (value "0")
L 01/30/2024 - 22:18:07: [basecommands.smx] "Console<0><Console><Console>" changed cvar (cvar "sv_maxplayers") (value "8")
L 01/30/2024 - 22:18:07: [basecommands.smx] "Console<0><Console><Console>" changed cvar (cvar "sv_visiblemaxplayers") (value "-1")
L 01/30/2024 - 22:18:19: [L4D2 HP Regeneration.smx] [HpRegeneration] - Loaded
L 01/30/2024 - 22:19:26: Log file closed.
L 01/30/2024 - 22:24:52: SourceMod log file session started (file "e:\steam\steamapps\common\left 4 dead 2\left4dead2\addons\sourcemod\logs\L20240130.log") (Version "1.11.0.6911")
L 01/30/2024 - 22:24:52: [basecommands.smx] "Console<0><Console><Console>" changed cvar (cvar "precache_all_survivors") (value "1")
L 01/30/2024 - 22:24:52: [basecommands.smx] "Console<0><Console><Console>" changed cvar (cvar "survivor_friendly_fire_factor_normal") (value "0.01")
L 01/30/2024 - 22:24:52: [basecommands.smx] "Console<0><Console><Console>" changed cvar (cvar "survivor_friendly_fire_factor_hard") (value "0.01")
L 01/30/2024 - 22:24:52: [basecommands.smx] "Console<0><Console><Console>" changed cvar (cvar "survivor_friendly_fire_factor_expert") (value "0.01")
L 01/30/2024 - 22:24:52: [basecommands.smx] "Console<0><Console><Console>" changed cvar (cvar "sv_consistency") (value "0")
L 01/30/2024 - 22:24:52: [basecommands.smx] "Console<0><Console><Console>" changed cvar (cvar "sv_allow_lobby_connect_only") (value "0")
L 01/30/2024 - 22:24:52: [basecommands.smx] "Console<0><Console><Console>" changed cvar (cvar "sv_maxplayers") (value "8")
L 01/30/2024 - 22:24:52: [basecommands.smx] "Console<0><Console><Console>" changed cvar (cvar "sv_visiblemaxplayers") (value "-1")
L 01/30/2024 - 22:25:04: [L4D2 HP Regeneration.smx] [HpRegeneration] - Loaded
L 01/30/2024 - 22:25:56: [BugFixes] WitchAttack created for client [CZ].HellSpectral.
L 01/30/2024 - 22:25:56: [BugFixes] WitchAttack char=0.
L 01/30/2024 - 22:25:56: [BugFixes] WitchAttack created for client [CZ].HellSpectral.
L 01/30/2024 - 22:25:56: [BugFixes] WitchAttack char=0.
L 01/30/2024 - 22:25:57: [BugFixes] WitchAttack created for client [CZ].HellSpectral.
L 01/30/2024 - 22:25:57: [BugFixes] WitchAttack char=0.
L 01/30/2024 - 22:25:57: [BugFixes] WitchAttack created for client [CZ].HellSpectral.
L 01/30/2024 - 22:25:57: [BugFixes] WitchAttack char=0.
L 01/30/2024 - 22:25:58: [BugFixes] WitchAttack created for client [CZ].HellSpectral.
L 01/30/2024 - 22:25:58: [BugFixes] WitchAttack char=0.
L 01/30/2024 - 22:25:58: [BugFixes] WitchAttack created for client [CZ].HellSpectral.
L 01/30/2024 - 22:25:58: [BugFixes] WitchAttack char=0.
L 01/30/2024 - 22:26:09: Log file closed.
L 01/30/2024 - 22:32:13: SourceMod log file session started (file "e:\steam\steamapps\common\left 4 dead 2\left4dead2\addons\sourcemod\logs\L20240130.log") (Version "1.11.0.6911")
L 01/30/2024 - 22:32:13: [basecommands.smx] "Console<0><Console><Console>" changed cvar (cvar "precache_all_survivors") (value "1")
L 01/30/2024 - 22:32:13: [basecommands.smx] "Console<0><Console><Console>" changed cvar (cvar "survivor_friendly_fire_factor_normal") (value "0.01")
L 01/30/2024 - 22:32:13: [basecommands.smx] "Console<0><Console><Console>" changed cvar (cvar "survivor_friendly_fire_factor_hard") (value "0.01")
L 01/30/2024 - 22:32:13: [basecommands.smx] "Console<0><Console><Console>" changed cvar (cvar "survivor_friendly_fire_factor_expert") (value "0.01")
L 01/30/2024 - 22:32:13: [basecommands.smx] "Console<0><Console><Console>" changed cvar (cvar "sv_consistency") (value "0")
L 01/30/2024 - 22:32:13: [basecommands.smx] "Console<0><Console><Console>" changed cvar (cvar "sv_allow_lobby_connect_only") (value "0")
L 01/30/2024 - 22:32:13: [basecommands.smx] "Console<0><Console><Console>" changed cvar (cvar "sv_maxplayers") (value "8")
L 01/30/2024 - 22:32:13: [basecommands.smx] "Console<0><Console><Console>" changed cvar (cvar "sv_visiblemaxplayers") (value "-1")
L 01/30/2024 - 22:32:26: [L4D2 HP Regeneration.smx] [HpRegeneration] - Loaded
L 01/30/2024 - 22:33:58: Log file closed.
L 01/30/2024 - 22:36:08: SourceMod log file session started (file "e:\steam\steamapps\common\left 4 dead 2\left4dead2\addons\sourcemod\logs\L20240130.log") (Version "1.11.0.6911")
L 01/30/2024 - 22:36:08: [basecommands.smx] "Console<0><Console><Console>" changed cvar (cvar "precache_all_survivors") (value "1")
L 01/30/2024 - 22:36:08: [basecommands.smx] "Console<0><Console><Console>" changed cvar (cvar "survivor_friendly_fire_factor_normal") (value "0.01")
L 01/30/2024 - 22:36:08: [basecommands.smx] "Console<0><Console><Console>" changed cvar (cvar "survivor_friendly_fire_factor_hard") (value "0.01")
L 01/30/2024 - 22:36:08: [basecommands.smx] "Console<0><Console><Console>" changed cvar (cvar "survivor_friendly_fire_factor_expert") (value "0.01")
L 01/30/2024 - 22:36:08: [basecommands.smx] "Console<0><Console><Console>" changed cvar (cvar "sv_consistency") (value "0")
L 01/30/2024 - 22:36:08: [basecommands.smx] "Console<0><Console><Console>" changed cvar (cvar "sv_allow_lobby_connect_only") (value "0")
L 01/30/2024 - 22:36:08: [basecommands.smx] "Console<0><Console><Console>" changed cvar (cvar "sv_maxplayers") (value "8")
L 01/30/2024 - 22:36:08: [basecommands.smx] "Console<0><Console><Console>" changed cvar (cvar "sv_visiblemaxplayers") (value "-1")
L 01/30/2024 - 22:36:20: [L4D2 HP Regeneration.smx] [HpRegeneration] - Loaded
L 01/30/2024 - 22:38:52: [BugFixes] WitchAttack created for client [CZ].HellSpectral.
L 01/30/2024 - 22:38:52: [BugFixes] WitchAttack char=1.
L 01/30/2024 - 22:38:53: [BugFixes] WitchAttack created for client [CZ].HellSpectral.
L 01/30/2024 - 22:38:53: [BugFixes] WitchAttack char=1.
L 01/30/2024 - 22:38:54: [BugFixes] WitchAttack created for client [CZ].HellSpectral.
L 01/30/2024 - 22:38:54: [BugFixes] WitchAttack char=1.
L 01/30/2024 - 22:38:54: [BugFixes] WitchAttack created for client [CZ].HellSpectral.
L 01/30/2024 - 22:38:54: [BugFixes] WitchAttack char=1.
L 01/30/2024 - 22:38:54: [BugFixes] WitchAttack created for client [CZ].HellSpectral.
L 01/30/2024 - 22:38:54: [BugFixes] WitchAttack char=1.
L 01/30/2024 - 22:38:54: [BugFixes] WitchAttack created for client [CZ].HellSpectral.
L 01/30/2024 - 22:38:54: [BugFixes] WitchAttack char=1.
L 01/30/2024 - 22:38:56: [BugFixes] WitchAttack created for client [CZ].HellSpectral.
L 01/30/2024 - 22:38:56: [BugFixes] WitchAttack char=1.
L 01/30/2024 - 22:38:56: [BugFixes] WitchAttack created for client [CZ].HellSpectral.
L 01/30/2024 - 22:38:56: [BugFixes] WitchAttack char=1.
L 01/30/2024 - 22:38:58: [BugFixes] WitchAttack created for client [CZ].HellSpectral.
L 01/30/2024 - 22:38:58: [BugFixes] WitchAttack char=1.
L 01/30/2024 - 22:38:58: [BugFixes] WitchAttack created for client [CZ].HellSpectral.
L 01/30/2024 - 22:38:58: [BugFixes] WitchAttack char=1.
L 01/30/2024 - 22:38:59: [BugFixes] WitchAttack created for client [CZ].HellSpectral.
L 01/30/2024 - 22:38:59: [BugFixes] WitchAttack char=1.
L 01/30/2024 - 22:39:00: [BugFixes] WitchAttack created for client [CZ].HellSpectral.
L 01/30/2024 - 22:39:00: [BugFixes] WitchAttack char=1.
L 01/30/2024 - 22:39:01: [BugFixes] WitchAttack created for client [CZ].HellSpectral.
L 01/30/2024 - 22:39:01: [BugFixes] WitchAttack char=1.
L 01/30/2024 - 22:39:01: [BugFixes] WitchAttack created for client [CZ].HellSpectral.
L 01/30/2024 - 22:39:01: [BugFixes] WitchAttack char=1.
L 01/30/2024 - 22:45:14: [BugFixes] WitchAttack created for client [CZ].HellSpectral.
L 01/30/2024 - 22:45:14: [BugFixes] WitchAttack char=2.
L 01/30/2024 - 22:45:14: [BugFixes] WitchAttack created for client [CZ].HellSpectral.
L 01/30/2024 - 22:45:14: [BugFixes] WitchAttack char=2.
L 01/30/2024 - 22:45:16: [BugFixes] WitchAttack created for client [CZ].HellSpectral.
L 01/30/2024 - 22:45:16: [BugFixes] WitchAttack char=2.
L 01/30/2024 - 22:45:17: [BugFixes] WitchAttack created for client [CZ].HellSpectral.
L 01/30/2024 - 22:45:17: [BugFixes] WitchAttack char=2.
L 01/30/2024 - 22:45:18: [BugFixes] WitchAttack created for client [CZ].HellSpectral.
L 01/30/2024 - 22:45:18: [BugFixes] WitchAttack char=2.
L 01/30/2024 - 22:53:24: [BugFixes] WitchAttack created for client [CZ].HellSpectral.
L 01/30/2024 - 22:53:25: [BugFixes] WitchAttack char=2.
L 01/30/2024 - 22:53:25: [BugFixes] WitchAttack created for client [CZ].HellSpectral.
L 01/30/2024 - 22:53:25: [BugFixes] WitchAttack char=2.
L 01/30/2024 - 22:53:26: [BugFixes] WitchAttack created for client [CZ].HellSpectral.
L 01/30/2024 - 22:53:26: [BugFixes] WitchAttack char=2.
L 01/30/2024 - 22:53:26: [BugFixes] WitchAttack created for client [CZ].HellSpectral.
L 01/30/2024 - 22:53:26: [BugFixes] WitchAttack char=2.
L 01/30/2024 - 22:53:26: [BugFixes] WitchAttack created for client [CZ].HellSpectral.
L 01/30/2024 - 22:53:26: [BugFixes] WitchAttack char=2.
L 01/30/2024 - 22:53:27: [BugFixes] WitchAttack created for client [CZ].HellSpectral.
L 01/30/2024 - 22:53:27: [BugFixes] WitchAttack char=2.
L 01/30/2024 - 22:53:28: [BugFixes] WitchAttack created for client [CZ].HellSpectral.
L 01/30/2024 - 22:53:28: [BugFixes] WitchAttack char=2.
L 01/30/2024 - 22:53:28: [BugFixes] WitchAttack created for client [CZ].HellSpectral.
L 01/30/2024 - 22:53:28: [BugFixes] WitchAttack char=2.
L 01/30/2024 - 22:53:29: [BugFixes] WitchAttack created for client [CZ].HellSpectral.
L 01/30/2024 - 22:53:29: [BugFixes] WitchAttack char=2.
L 01/30/2024 - 22:53:29: [BugFixes] WitchAttack created for client [CZ].HellSpectral.
L 01/30/2024 - 22:53:29: [BugFixes] WitchAttack char=2.
L 01/30/2024 - 22:53:30: [BugFixes] WitchAttack created for client [CZ].HellSpectral.
L 01/30/2024 - 22:53:31: [BugFixes] WitchAttack char=2.
L 01/30/2024 - 22:53:31: [BugFixes] WitchAttack created for client [CZ].HellSpectral.
L 01/30/2024 - 22:53:31: [BugFixes] WitchAttack char=2.
L 01/30/2024 - 22:53:32: [BugFixes] WitchAttack created for client [CZ].HellSpectral.
L 01/30/2024 - 22:53:32: [BugFixes] WitchAttack char=2.
L 01/30/2024 - 22:53:32: [BugFixes] WitchAttack created for client [CZ].HellSpectral.
L 01/30/2024 - 22:53:32: [BugFixes] WitchAttack char=2.
L 01/30/2024 - 22:53:33: [BugFixes] WitchAttack created for client [CZ].HellSpectral.
L 01/30/2024 - 22:53:33: [BugFixes] WitchAttack char=2.
L 01/30/2024 - 22:53:33: [BugFixes] WitchAttack created for client [CZ].HellSpectral.
L 01/30/2024 - 22:53:33: [BugFixes] WitchAttack char=2.
L 01/30/2024 - 22:53:34: [BugFixes] WitchAttack created for client [CZ].HellSpectral.
L 01/30/2024 - 22:53:34: [BugFixes] WitchAttack char=2.
L 01/30/2024 - 22:53:35: [BugFixes] WitchAttack created for client [CZ].HellSpectral.
L 01/30/2024 - 22:53:35: [BugFixes] WitchAttack char=2.
L 01/30/2024 - 22:53:36: [BugFixes] WitchAttack created for client [CZ].HellSpectral.
L 01/30/2024 - 22:53:36: [BugFixes] WitchAttack char=2.
L 01/30/2024 - 22:53:37: [BugFixes] WitchAttack created for client [CZ].HellSpectral.
L 01/30/2024 - 22:53:37: [BugFixes] WitchAttack char=2.
L 01/30/2024 - 22:53:39: [BugFixes] WitchAttack created for client [CZ].HellSpectral.
L 01/30/2024 - 22:53:39: [BugFixes] WitchAttack char=2.
L 01/30/2024 - 22:53:58: [BugFixes] WitchAttack created for client [CZ].HellSpectral.
L 01/30/2024 - 22:53:58: [BugFixes] WitchAttack char=2.
L 01/30/2024 - 22:53:58: [BugFixes] WitchAttack created for client [CZ].HellSpectral.
L 01/30/2024 - 22:53:58: [BugFixes] WitchAttack char=2.
L 01/30/2024 - 22:53:59: [BugFixes] WitchAttack created for client [CZ].HellSpectral.
L 01/30/2024 - 22:53:59: [BugFixes] WitchAttack char=2.
L 01/30/2024 - 22:53:59: [BugFixes] WitchAttack created for client [CZ].HellSpectral.
L 01/30/2024 - 22:53:59: [BugFixes] WitchAttack char=2.
L 01/30/2024 - 22:54:00: [BugFixes] WitchAttack created for client [CZ].HellSpectral.
L 01/30/2024 - 22:54:00: [BugFixes] WitchAttack char=2.
L 01/30/2024 - 22:54:00: [BugFixes] WitchAttack created for client [CZ].HellSpectral.
L 01/30/2024 - 22:54:00: [BugFixes] WitchAttack char=2.
L 01/30/2024 - 22:54:01: [BugFixes] WitchAttack created for client [CZ].HellSpectral.
L 01/30/2024 - 22:54:01: [BugFixes] WitchAttack char=2.
L 01/30/2024 - 22:54:01: [BugFixes] WitchAttack created for client [CZ].HellSpectral.
L 01/30/2024 - 22:54:01: [BugFixes] WitchAttack char=2.
L 01/30/2024 - 22:54:02: [BugFixes] WitchAttack created for client [CZ].HellSpectral.
L 01/30/2024 - 22:54:02: [BugFixes] WitchAttack char=2.
L 01/30/2024 - 22:54:02: [BugFixes] WitchAttack created for client [CZ].HellSpectral.
L 01/30/2024 - 22:54:02: [BugFixes] WitchAttack char=2.
L 01/30/2024 - 22:56:13: [BugFixes] WitchAttack created for client [CZ].HellSpectral.
L 01/30/2024 - 22:56:13: [BugFixes] WitchAttack char=2.
L 01/30/2024 - 22:56:14: [BugFixes] WitchAttack created for client [CZ].HellSpectral.
L 01/30/2024 - 22:56:14: [BugFixes] WitchAttack char=2.
L 01/30/2024 - 22:58:22: [BugFixes] WitchAttack created for client [CZ].HellSpectral.
L 01/30/2024 - 22:58:22: [BugFixes] WitchAttack char=2.
L 01/30/2024 - 22:58:23: [BugFixes] WitchAttack created for client [CZ].HellSpectral.
L 01/30/2024 - 22:58:23: [BugFixes] WitchAttack char=2.
L 01/30/2024 - 22:58:24: [BugFixes] WitchAttack created for client [CZ].HellSpectral.
L 01/30/2024 - 22:58:24: [BugFixes] WitchAttack char=2.
L 01/30/2024 - 22:58:24: [BugFixes] WitchAttack created for client [CZ].HellSpectral.
L 01/30/2024 - 22:58:24: [BugFixes] WitchAttack char=2.
L 01/30/2024 - 22:58:25: [BugFixes] WitchAttack created for client [CZ].HellSpectral.
L 01/30/2024 - 22:58:25: [BugFixes] WitchAttack char=2.
L 01/30/2024 - 22:58:26: [BugFixes] WitchAttack created for client [CZ].HellSpectral.
L 01/30/2024 - 22:58:26: [BugFixes] WitchAttack char=2.
L 01/30/2024 - 22:58:27: [BugFixes] WitchAttack created for client [CZ].HellSpectral.
L 01/30/2024 - 22:58:27: [BugFixes] WitchAttack char=2.
L 01/30/2024 - 22:58:51: [BugFixes] WitchAttack created for client [CZ].HellSpectral.
L 01/30/2024 - 22:58:51: [BugFixes] WitchAttack char=2.
L 01/30/2024 - 22:58:51: [BugFixes] WitchAttack created for client [CZ].HellSpectral.
L 01/30/2024 - 22:58:51: [BugFixes] WitchAttack char=2.
L 01/30/2024 - 22:58:52: [BugFixes] WitchAttack created for client [CZ].HellSpectral.
L 01/30/2024 - 22:58:52: [BugFixes] WitchAttack char=2.
L 01/30/2024 - 22:58:52: [BugFixes] WitchAttack created for client [CZ].HellSpectral.
L 01/30/2024 - 22:58:52: [BugFixes] WitchAttack char=2.
L 01/30/2024 - 22:58:53: [BugFixes] WitchAttack created for client [CZ].HellSpectral.
L 01/30/2024 - 22:58:53: [BugFixes] WitchAttack char=2.
L 01/30/2024 - 22:58:53: [BugFixes] WitchAttack created for client [CZ].HellSpectral.
L 01/30/2024 - 22:58:53: [BugFixes] WitchAttack char=2.
L 01/30/2024 - 22:58:54: [BugFixes] WitchAttack created for client [CZ].HellSpectral.
L 01/30/2024 - 22:58:54: [BugFixes] WitchAttack char=2.
L 01/30/2024 - 22:58:54: [BugFixes] WitchAttack created for client [CZ].HellSpectral.
L 01/30/2024 - 22:58:54: [BugFixes] WitchAttack char=2.
L 01/30/2024 - 22:58:56: [BugFixes] WitchAttack created for client [CZ].HellSpectral.
L 01/30/2024 - 22:58:56: [BugFixes] WitchAttack char=2.
L 01/30/2024 - 22:58:56: [BugFixes] WitchAttack created for client [CZ].HellSpectral.
L 01/30/2024 - 22:58:56: [BugFixes] WitchAttack char=2.
L 01/30/2024 - 22:58:56: [BugFixes] WitchAttack created for client [CZ].HellSpectral.
L 01/30/2024 - 22:58:56: [BugFixes] WitchAttack char=2.
L 01/30/2024 - 22:58:56: [BugFixes] WitchAttack created for client [CZ].HellSpectral.
L 01/30/2024 - 22:58:56: [BugFixes] WitchAttack char=2.
L 01/30/2024 - 22:58:57: [BugFixes] WitchAttack created for client [CZ].HellSpectral.
L 01/30/2024 - 22:58:57: [BugFixes] WitchAttack char=2.
L 01/30/2024 - 22:58:58: [BugFixes] WitchAttack created for client [CZ].HellSpectral.
L 01/30/2024 - 22:58:58: [BugFixes] WitchAttack char=2.
L 01/30/2024 - 22:59:30: Log file closed.
