L 01/07/2024 - 01:40:21: SourceMod log file session started (file "e:\steam\steamapps\common\left 4 dead 2\left4dead2\addons\sourcemod\logs\L20240107.log") (Version "1.12.0.7101")
L 01/07/2024 - 01:40:21: [L4D2 HP Regeneration.smx] [HpRegeneration] - Loaded
L 01/07/2024 - 01:43:04: Log file closed.
L 01/07/2024 - 01:52:55: SourceMod log file session started (file "e:\steam\steamapps\common\left 4 dead 2\left4dead2\addons\sourcemod\logs\L20240107.log") (Version "1.12.0.7101")
L 01/07/2024 - 01:52:55: [L4D2 HP Regeneration.smx] [HpRegeneration] - Loaded
L 01/07/2024 - 01:54:12: Log file closed.
L 01/07/2024 - 02:01:06: SourceMod log file session started (file "e:\steam\steamapps\common\left 4 dead 2\left4dead2\addons\sourcemod\logs\L20240107.log") (Version "1.12.0.7101")
L 01/07/2024 - 02:01:06: [L4D2 HP Regeneration.smx] [HpRegeneration] - Loaded
L 01/07/2024 - 02:02:44: Log file closed.
L 01/07/2024 - 02:57:32: SourceMod log file session started (file "e:\steam\steamapps\common\left 4 dead 2\left4dead2\addons\sourcemod\logs\L20240107.log") (Version "1.12.0.7101")
L 01/07/2024 - 02:57:32: [L4D2 HP Regeneration.smx] [HpRegeneration] - Loaded
L 01/07/2024 - 03:00:57: Log file closed.
L 01/07/2024 - 03:12:37: SourceMod log file session started (file "e:\steam\steamapps\common\left 4 dead 2\left4dead2\addons\sourcemod\logs\L20240107.log") (Version "1.12.0.7101")
L 01/07/2024 - 03:12:37: [L4D2 HP Regeneration.smx] [HpRegeneration] - Loaded
L 01/07/2024 - 03:20:46: Log file closed.
L 01/07/2024 - 03:27:17: SourceMod log file session started (file "e:\steam\steamapps\common\left 4 dead 2\left4dead2\addons\sourcemod\logs\L20240107.log") (Version "1.12.0.7101")
L 01/07/2024 - 03:27:17: [L4D2 HP Regeneration.smx] [HpRegeneration] - Loaded
L 01/07/2024 - 03:35:19: Log file closed.
L 01/07/2024 - 03:41:51: SourceMod log file session started (file "e:\steam\steamapps\common\left 4 dead 2\left4dead2\addons\sourcemod\logs\L20240107.log") (Version "1.12.0.7101")
L 01/07/2024 - 03:41:51: [L4D2 HP Regeneration.smx] [HpRegeneration] - Loaded
L 01/07/2024 - 03:44:31: Log file closed.
L 01/07/2024 - 03:56:10: SourceMod log file session started (file "e:\steam\steamapps\common\left 4 dead 2\left4dead2\addons\sourcemod\logs\L20240107.log") (Version "1.12.0.7101")
L 01/07/2024 - 03:56:10: [L4D2 HP Regeneration.smx] [HpRegeneration] - Loaded
L 01/07/2024 - 03:58:44: [l4d_sm_respawn.smx] "[CZ].Spector<2><STEAM_1:1:226145726><>" teleported "Ellis<4><BOT><>" after respawning him
L 01/07/2024 - 03:59:08: [l4d_sm_respawn.smx] "Ellis<4><BOT><>" teleported "Coach<3><BOT><>" after respawning him
L 01/07/2024 - 03:59:12: [l4d_sm_respawn.smx] "Coach<3><BOT><>" teleported "Rochelle<5><BOT><>" after respawning him
L 01/07/2024 - 03:59:33: Log file closed.
