L 02/03/2024 - 19:38:18: SourceMod log file session started (file "e:\steam\steamapps\common\left 4 dead 2\left4dead2\addons\sourcemod\logs\L20240203.log") (Version "1.11.0.6911")
L 02/03/2024 - 19:38:18: [basecommands.smx] "Console<0><Console><Console>" changed cvar (cvar "precache_all_survivors") (value "1")
L 02/03/2024 - 19:38:18: [basecommands.smx] "Console<0><Console><Console>" changed cvar (cvar "survivor_friendly_fire_factor_normal") (value "0.01")
L 02/03/2024 - 19:38:18: [basecommands.smx] "Console<0><Console><Console>" changed cvar (cvar "survivor_friendly_fire_factor_hard") (value "0.01")
L 02/03/2024 - 19:38:18: [basecommands.smx] "Console<0><Console><Console>" changed cvar (cvar "survivor_friendly_fire_factor_expert") (value "0.01")
L 02/03/2024 - 19:38:18: [basecommands.smx] "Console<0><Console><Console>" changed cvar (cvar "sv_consistency") (value "0")
L 02/03/2024 - 19:38:18: [basecommands.smx] "Console<0><Console><Console>" changed cvar (cvar "sv_allow_lobby_connect_only") (value "0")
L 02/03/2024 - 19:38:18: [basecommands.smx] "Console<0><Console><Console>" changed cvar (cvar "sv_maxplayers") (value "8")
L 02/03/2024 - 19:38:18: [basecommands.smx] "Console<0><Console><Console>" changed cvar (cvar "sv_visiblemaxplayers") (value "-1")
L 02/03/2024 - 19:38:18: [UPDATER] Successfully updated gamedata file "sdktools.games/engine.l4d2.txt"
L 02/03/2024 - 19:38:18: [UPDATER] Successfully updated gamedata file "core.games/engine.l4d2.txt"
L 02/03/2024 - 19:38:18: [UPDATER] SourceMod has been updated, please reload it or restart your server.
L 02/03/2024 - 19:38:31: [L4D2 HP Regeneration.smx] [HpRegeneration] - Loaded
L 02/03/2024 - 19:39:06: [BugFixes] WitchAttack created for client [CZ].HellSpectral.
L 02/03/2024 - 19:39:06: [BugFixes] WitchAttack char=0.
L 02/03/2024 - 19:39:06: [BugFixes] WitchAttack created for client [CZ].HellSpectral.
L 02/03/2024 - 19:39:06: [BugFixes] WitchAttack char=0.
L 02/03/2024 - 19:39:08: [BugFixes] WitchAttack created for client [CZ].HellSpectral.
L 02/03/2024 - 19:39:08: [BugFixes] WitchAttack char=0.
L 02/03/2024 - 19:39:08: [BugFixes] WitchAttack created for client [CZ].HellSpectral.
L 02/03/2024 - 19:39:08: [BugFixes] WitchAttack char=0.
L 02/03/2024 - 19:39:09: [BugFixes] WitchAttack created for client [CZ].HellSpectral.
L 02/03/2024 - 19:39:09: [BugFixes] WitchAttack char=0.
L 02/03/2024 - 19:39:11: [BugFixes] WitchAttack created for client [CZ].HellSpectral.
L 02/03/2024 - 19:39:11: [BugFixes] WitchAttack char=0.
L 02/03/2024 - 19:40:14: [BugFixes] WitchAttack created for client [CZ].HellSpectral.
L 02/03/2024 - 19:40:14: [BugFixes] WitchAttack char=0.
L 02/03/2024 - 19:40:15: [BugFixes] WitchAttack created for client [CZ].HellSpectral.
L 02/03/2024 - 19:40:15: [BugFixes] WitchAttack char=0.
L 02/03/2024 - 19:40:15: [BugFixes] WitchAttack created for client [CZ].HellSpectral.
L 02/03/2024 - 19:40:15: [BugFixes] WitchAttack char=0.
L 02/03/2024 - 19:40:17: [BugFixes] WitchAttack created for client [CZ].HellSpectral.
L 02/03/2024 - 19:40:17: [BugFixes] WitchAttack char=0.
L 02/03/2024 - 19:40:18: [BugFixes] WitchAttack created for client [CZ].HellSpectral.
L 02/03/2024 - 19:40:18: [BugFixes] WitchAttack char=0.
L 02/03/2024 - 19:40:19: [BugFixes] WitchAttack created for client [CZ].HellSpectral.
L 02/03/2024 - 19:40:19: [BugFixes] WitchAttack char=0.
L 02/03/2024 - 19:42:07: [BugFixes] WitchAttack created for client [CZ].HellSpectral.
L 02/03/2024 - 19:42:07: [BugFixes] WitchAttack char=0.
L 02/03/2024 - 19:42:07: [BugFixes] WitchAttack created for client [CZ].HellSpectral.
L 02/03/2024 - 19:42:07: [BugFixes] WitchAttack char=0.
L 02/03/2024 - 19:42:08: [BugFixes] WitchAttack created for client [CZ].HellSpectral.
L 02/03/2024 - 19:42:08: [BugFixes] WitchAttack char=0.
L 02/03/2024 - 19:42:08: [BugFixes] WitchAttack created for client [CZ].HellSpectral.
L 02/03/2024 - 19:42:08: [BugFixes] WitchAttack char=0.
L 02/03/2024 - 19:42:08: [BugFixes] WitchAttack created for client [CZ].HellSpectral.
L 02/03/2024 - 19:42:08: [BugFixes] WitchAttack char=0.
L 02/03/2024 - 19:42:09: [BugFixes] WitchAttack created for client [CZ].HellSpectral.
L 02/03/2024 - 19:42:09: [BugFixes] WitchAttack char=0.
L 02/03/2024 - 19:42:10: [BugFixes] WitchAttack created for client [CZ].HellSpectral.
L 02/03/2024 - 19:42:10: [BugFixes] WitchAttack char=0.
L 02/03/2024 - 19:42:54: [BugFixes] WitchAttack created for client [CZ].HellSpectral.
L 02/03/2024 - 19:42:54: [BugFixes] WitchAttack char=0.
L 02/03/2024 - 19:42:54: [BugFixes] WitchAttack created for client [CZ].HellSpectral.
L 02/03/2024 - 19:42:54: [BugFixes] WitchAttack char=0.
L 02/03/2024 - 19:42:55: [BugFixes] WitchAttack created for client [CZ].HellSpectral.
L 02/03/2024 - 19:42:55: [BugFixes] WitchAttack char=0.
L 02/03/2024 - 19:42:55: [BugFixes] WitchAttack created for client [CZ].HellSpectral.
L 02/03/2024 - 19:42:55: [BugFixes] WitchAttack char=0.
L 02/03/2024 - 19:42:55: [BugFixes] WitchAttack created for client [CZ].HellSpectral.
L 02/03/2024 - 19:42:56: [BugFixes] WitchAttack char=0.
L 02/03/2024 - 19:42:56: [BugFixes] WitchAttack created for client [CZ].HellSpectral.
L 02/03/2024 - 19:42:56: [BugFixes] WitchAttack char=0.
L 02/03/2024 - 19:42:57: [BugFixes] WitchAttack created for client [CZ].HellSpectral.
L 02/03/2024 - 19:42:57: [BugFixes] WitchAttack char=0.
L 02/03/2024 - 19:44:17: Log file closed.
L 02/03/2024 - 20:06:21: SourceMod log file session started (file "e:\steam\steamapps\common\left 4 dead 2\left4dead2\addons\sourcemod\logs\L20240203.log") (Version "1.11.0.6911")
L 02/03/2024 - 20:06:21: [basecommands.smx] "Console<0><Console><Console>" changed cvar (cvar "precache_all_survivors") (value "1")
L 02/03/2024 - 20:06:21: [basecommands.smx] "Console<0><Console><Console>" changed cvar (cvar "survivor_friendly_fire_factor_normal") (value "0.01")
L 02/03/2024 - 20:06:21: [basecommands.smx] "Console<0><Console><Console>" changed cvar (cvar "survivor_friendly_fire_factor_hard") (value "0.01")
L 02/03/2024 - 20:06:21: [basecommands.smx] "Console<0><Console><Console>" changed cvar (cvar "survivor_friendly_fire_factor_expert") (value "0.01")
L 02/03/2024 - 20:06:21: [basecommands.smx] "Console<0><Console><Console>" changed cvar (cvar "sv_consistency") (value "0")
L 02/03/2024 - 20:06:21: [basecommands.smx] "Console<0><Console><Console>" changed cvar (cvar "sv_allow_lobby_connect_only") (value "0")
L 02/03/2024 - 20:06:21: [basecommands.smx] "Console<0><Console><Console>" changed cvar (cvar "sv_maxplayers") (value "8")
L 02/03/2024 - 20:06:21: [basecommands.smx] "Console<0><Console><Console>" changed cvar (cvar "sv_visiblemaxplayers") (value "-1")
L 02/03/2024 - 20:06:22: [UPDATER] Successfully updated gamedata file "sdktools.games/engine.l4d2.txt"
L 02/03/2024 - 20:06:22: [UPDATER] Successfully updated gamedata file "core.games/engine.l4d2.txt"
L 02/03/2024 - 20:06:22: [UPDATER] SourceMod has been updated, please reload it or restart your server.
L 02/03/2024 - 20:06:33: [L4D2 HP Regeneration.smx] [HpRegeneration] - Loaded
L 02/03/2024 - 20:07:19: [BugFixes] WitchAttack created for client [CZ].HellSpectral.
L 02/03/2024 - 20:07:19: [BugFixes] WitchAttack char=0.
L 02/03/2024 - 20:07:19: [BugFixes] WitchAttack created for client [CZ].HellSpectral.
L 02/03/2024 - 20:07:19: [BugFixes] WitchAttack char=0.
L 02/03/2024 - 20:07:21: [BugFixes] WitchAttack created for client [CZ].HellSpectral.
L 02/03/2024 - 20:07:21: [BugFixes] WitchAttack char=0.
L 02/03/2024 - 20:07:40: [BugFixes] WitchAttack created for client [CZ].HellSpectral.
L 02/03/2024 - 20:07:40: [BugFixes] WitchAttack char=0.
L 02/03/2024 - 20:07:40: [BugFixes] WitchAttack created for client [CZ].HellSpectral.
L 02/03/2024 - 20:07:40: [BugFixes] WitchAttack char=0.
L 02/03/2024 - 20:07:41: [BugFixes] WitchAttack created for client [CZ].HellSpectral.
L 02/03/2024 - 20:07:41: [BugFixes] WitchAttack char=0.
L 02/03/2024 - 20:07:41: [BugFixes] WitchAttack created for client [CZ].HellSpectral.
L 02/03/2024 - 20:07:41: [BugFixes] WitchAttack char=0.
L 02/03/2024 - 20:07:42: [BugFixes] WitchAttack created for client [CZ].HellSpectral.
L 02/03/2024 - 20:07:42: [BugFixes] WitchAttack char=0.
L 02/03/2024 - 20:07:42: [BugFixes] WitchAttack created for client [CZ].HellSpectral.
L 02/03/2024 - 20:07:42: [BugFixes] WitchAttack char=0.
L 02/03/2024 - 20:07:43: [BugFixes] WitchAttack created for client [CZ].HellSpectral.
L 02/03/2024 - 20:07:43: [BugFixes] WitchAttack char=0.
L 02/03/2024 - 20:07:43: [BugFixes] WitchAttack created for client [CZ].HellSpectral.
L 02/03/2024 - 20:07:43: [BugFixes] WitchAttack char=0.
L 02/03/2024 - 20:07:44: [BugFixes] WitchAttack created for client [CZ].HellSpectral.
L 02/03/2024 - 20:07:44: [BugFixes] WitchAttack char=0.
L 02/03/2024 - 20:08:25: Log file closed.
L 02/03/2024 - 20:12:53: SourceMod log file session started (file "e:\steam\steamapps\common\left 4 dead 2\left4dead2\addons\sourcemod\logs\L20240203.log") (Version "1.11.0.6911")
L 02/03/2024 - 20:12:53: [basecommands.smx] "Console<0><Console><Console>" changed cvar (cvar "precache_all_survivors") (value "1")
L 02/03/2024 - 20:12:53: [basecommands.smx] "Console<0><Console><Console>" changed cvar (cvar "survivor_friendly_fire_factor_normal") (value "0.01")
L 02/03/2024 - 20:12:53: [basecommands.smx] "Console<0><Console><Console>" changed cvar (cvar "survivor_friendly_fire_factor_hard") (value "0.01")
L 02/03/2024 - 20:12:53: [basecommands.smx] "Console<0><Console><Console>" changed cvar (cvar "survivor_friendly_fire_factor_expert") (value "0.01")
L 02/03/2024 - 20:12:53: [basecommands.smx] "Console<0><Console><Console>" changed cvar (cvar "sv_consistency") (value "0")
L 02/03/2024 - 20:12:53: [basecommands.smx] "Console<0><Console><Console>" changed cvar (cvar "sv_allow_lobby_connect_only") (value "0")
L 02/03/2024 - 20:12:53: [basecommands.smx] "Console<0><Console><Console>" changed cvar (cvar "sv_maxplayers") (value "8")
L 02/03/2024 - 20:12:53: [basecommands.smx] "Console<0><Console><Console>" changed cvar (cvar "sv_visiblemaxplayers") (value "-1")
L 02/03/2024 - 20:13:04: [L4D2 HP Regeneration.smx] [HpRegeneration] - Loaded
L 02/03/2024 - 20:15:37: SourceMod log file session started (file "e:\steam\steamapps\common\left 4 dead 2\left4dead2\addons\sourcemod\logs\L20240203.log") (Version "1.11.0.6911")
L 02/03/2024 - 20:15:37: [basecommands.smx] "Console<0><Console><Console>" changed cvar (cvar "precache_all_survivors") (value "1")
L 02/03/2024 - 20:15:37: [basecommands.smx] "Console<0><Console><Console>" changed cvar (cvar "survivor_friendly_fire_factor_normal") (value "0.01")
L 02/03/2024 - 20:15:37: [basecommands.smx] "Console<0><Console><Console>" changed cvar (cvar "survivor_friendly_fire_factor_hard") (value "0.01")
L 02/03/2024 - 20:15:37: [basecommands.smx] "Console<0><Console><Console>" changed cvar (cvar "survivor_friendly_fire_factor_expert") (value "0.01")
L 02/03/2024 - 20:15:37: [basecommands.smx] "Console<0><Console><Console>" changed cvar (cvar "sv_consistency") (value "0")
L 02/03/2024 - 20:15:37: [basecommands.smx] "Console<0><Console><Console>" changed cvar (cvar "sv_allow_lobby_connect_only") (value "0")
L 02/03/2024 - 20:15:37: [basecommands.smx] "Console<0><Console><Console>" changed cvar (cvar "sv_maxplayers") (value "8")
L 02/03/2024 - 20:15:37: [basecommands.smx] "Console<0><Console><Console>" changed cvar (cvar "sv_visiblemaxplayers") (value "-1")
L 02/03/2024 - 20:15:49: [L4D2 HP Regeneration.smx] [HpRegeneration] - Loaded
L 02/03/2024 - 20:19:13: SourceMod log file session started (file "e:\steam\steamapps\common\left 4 dead 2\left4dead2\addons\sourcemod\logs\L20240203.log") (Version "1.11.0.6911")
L 02/03/2024 - 20:19:13: [basecommands.smx] "Console<0><Console><Console>" changed cvar (cvar "precache_all_survivors") (value "1")
L 02/03/2024 - 20:19:13: [basecommands.smx] "Console<0><Console><Console>" changed cvar (cvar "survivor_friendly_fire_factor_normal") (value "0.01")
L 02/03/2024 - 20:19:13: [basecommands.smx] "Console<0><Console><Console>" changed cvar (cvar "survivor_friendly_fire_factor_hard") (value "0.01")
L 02/03/2024 - 20:19:13: [basecommands.smx] "Console<0><Console><Console>" changed cvar (cvar "survivor_friendly_fire_factor_expert") (value "0.01")
L 02/03/2024 - 20:19:13: [basecommands.smx] "Console<0><Console><Console>" changed cvar (cvar "sv_consistency") (value "0")
L 02/03/2024 - 20:19:13: [basecommands.smx] "Console<0><Console><Console>" changed cvar (cvar "sv_allow_lobby_connect_only") (value "0")
L 02/03/2024 - 20:19:13: [basecommands.smx] "Console<0><Console><Console>" changed cvar (cvar "sv_maxplayers") (value "8")
L 02/03/2024 - 20:19:13: [basecommands.smx] "Console<0><Console><Console>" changed cvar (cvar "sv_visiblemaxplayers") (value "-1")
L 02/03/2024 - 20:19:25: [L4D2 HP Regeneration.smx] [HpRegeneration] - Loaded
L 02/03/2024 - 20:21:06: SourceMod log file session started (file "e:\steam\steamapps\common\left 4 dead 2\left4dead2\addons\sourcemod\logs\L20240203.log") (Version "1.11.0.6911")
L 02/03/2024 - 20:21:06: [basecommands.smx] "Console<0><Console><Console>" changed cvar (cvar "precache_all_survivors") (value "1")
L 02/03/2024 - 20:21:06: [basecommands.smx] "Console<0><Console><Console>" changed cvar (cvar "survivor_friendly_fire_factor_normal") (value "0.01")
L 02/03/2024 - 20:21:06: [basecommands.smx] "Console<0><Console><Console>" changed cvar (cvar "survivor_friendly_fire_factor_hard") (value "0.01")
L 02/03/2024 - 20:21:06: [basecommands.smx] "Console<0><Console><Console>" changed cvar (cvar "survivor_friendly_fire_factor_expert") (value "0.01")
L 02/03/2024 - 20:21:06: [basecommands.smx] "Console<0><Console><Console>" changed cvar (cvar "sv_consistency") (value "0")
L 02/03/2024 - 20:21:06: [basecommands.smx] "Console<0><Console><Console>" changed cvar (cvar "sv_allow_lobby_connect_only") (value "0")
L 02/03/2024 - 20:21:06: [basecommands.smx] "Console<0><Console><Console>" changed cvar (cvar "sv_maxplayers") (value "8")
L 02/03/2024 - 20:21:06: [basecommands.smx] "Console<0><Console><Console>" changed cvar (cvar "sv_visiblemaxplayers") (value "-1")
L 02/03/2024 - 20:21:09: [L4D2 HP Regeneration.smx] [HpRegeneration] - Loaded
L 02/03/2024 - 20:24:04: SourceMod log file session started (file "e:\steam\steamapps\common\left 4 dead 2\left4dead2\addons\sourcemod\logs\L20240203.log") (Version "1.11.0.6911")
L 02/03/2024 - 20:24:04: [basecommands.smx] "Console<0><Console><Console>" changed cvar (cvar "precache_all_survivors") (value "1")
L 02/03/2024 - 20:24:04: [basecommands.smx] "Console<0><Console><Console>" changed cvar (cvar "survivor_friendly_fire_factor_normal") (value "0.01")
L 02/03/2024 - 20:24:04: [basecommands.smx] "Console<0><Console><Console>" changed cvar (cvar "survivor_friendly_fire_factor_hard") (value "0.01")
L 02/03/2024 - 20:24:04: [basecommands.smx] "Console<0><Console><Console>" changed cvar (cvar "survivor_friendly_fire_factor_expert") (value "0.01")
L 02/03/2024 - 20:24:04: [basecommands.smx] "Console<0><Console><Console>" changed cvar (cvar "sv_consistency") (value "0")
L 02/03/2024 - 20:24:04: [basecommands.smx] "Console<0><Console><Console>" changed cvar (cvar "sv_allow_lobby_connect_only") (value "0")
L 02/03/2024 - 20:24:04: [basecommands.smx] "Console<0><Console><Console>" changed cvar (cvar "sv_maxplayers") (value "8")
L 02/03/2024 - 20:24:04: [basecommands.smx] "Console<0><Console><Console>" changed cvar (cvar "sv_visiblemaxplayers") (value "-1")
L 02/03/2024 - 20:24:15: [L4D2 HP Regeneration.smx] [HpRegeneration] - Loaded
L 02/03/2024 - 20:34:44: SourceMod log file session started (file "e:\steam\steamapps\common\left 4 dead 2\left4dead2\addons\sourcemod\logs\L20240203.log") (Version "1.11.0.6911")
L 02/03/2024 - 20:34:44: [basecommands.smx] "Console<0><Console><Console>" changed cvar (cvar "precache_all_survivors") (value "1")
L 02/03/2024 - 20:34:44: [basecommands.smx] "Console<0><Console><Console>" changed cvar (cvar "survivor_friendly_fire_factor_normal") (value "0.01")
L 02/03/2024 - 20:34:44: [basecommands.smx] "Console<0><Console><Console>" changed cvar (cvar "survivor_friendly_fire_factor_hard") (value "0.01")
L 02/03/2024 - 20:34:44: [basecommands.smx] "Console<0><Console><Console>" changed cvar (cvar "survivor_friendly_fire_factor_expert") (value "0.01")
L 02/03/2024 - 20:34:44: [basecommands.smx] "Console<0><Console><Console>" changed cvar (cvar "sv_consistency") (value "0")
L 02/03/2024 - 20:34:44: [basecommands.smx] "Console<0><Console><Console>" changed cvar (cvar "sv_allow_lobby_connect_only") (value "0")
L 02/03/2024 - 20:34:44: [basecommands.smx] "Console<0><Console><Console>" changed cvar (cvar "sv_maxplayers") (value "8")
L 02/03/2024 - 20:34:44: [basecommands.smx] "Console<0><Console><Console>" changed cvar (cvar "sv_visiblemaxplayers") (value "-1")
L 02/03/2024 - 20:34:56: [L4D2 HP Regeneration.smx] [HpRegeneration] - Loaded
L 02/03/2024 - 20:39:08: SourceMod log file session started (file "e:\steam\steamapps\common\left 4 dead 2\left4dead2\addons\sourcemod\logs\L20240203.log") (Version "1.11.0.6911")
L 02/03/2024 - 20:39:08: [basecommands.smx] "Console<0><Console><Console>" changed cvar (cvar "precache_all_survivors") (value "1")
L 02/03/2024 - 20:39:08: [basecommands.smx] "Console<0><Console><Console>" changed cvar (cvar "survivor_friendly_fire_factor_normal") (value "0.01")
L 02/03/2024 - 20:39:08: [basecommands.smx] "Console<0><Console><Console>" changed cvar (cvar "survivor_friendly_fire_factor_hard") (value "0.01")
L 02/03/2024 - 20:39:08: [basecommands.smx] "Console<0><Console><Console>" changed cvar (cvar "survivor_friendly_fire_factor_expert") (value "0.01")
L 02/03/2024 - 20:39:08: [basecommands.smx] "Console<0><Console><Console>" changed cvar (cvar "sv_consistency") (value "0")
L 02/03/2024 - 20:39:08: [basecommands.smx] "Console<0><Console><Console>" changed cvar (cvar "sv_allow_lobby_connect_only") (value "0")
L 02/03/2024 - 20:39:08: [basecommands.smx] "Console<0><Console><Console>" changed cvar (cvar "sv_maxplayers") (value "8")
L 02/03/2024 - 20:39:08: [basecommands.smx] "Console<0><Console><Console>" changed cvar (cvar "sv_visiblemaxplayers") (value "-1")
L 02/03/2024 - 20:39:20: [L4D2 HP Regeneration.smx] [HpRegeneration] - Loaded
L 02/03/2024 - 20:43:29: SourceMod log file session started (file "e:\steam\steamapps\common\left 4 dead 2\left4dead2\addons\sourcemod\logs\L20240203.log") (Version "1.11.0.6911")
L 02/03/2024 - 20:43:29: [basecommands.smx] "Console<0><Console><Console>" changed cvar (cvar "precache_all_survivors") (value "1")
L 02/03/2024 - 20:43:29: [basecommands.smx] "Console<0><Console><Console>" changed cvar (cvar "survivor_friendly_fire_factor_normal") (value "0.01")
L 02/03/2024 - 20:43:29: [basecommands.smx] "Console<0><Console><Console>" changed cvar (cvar "survivor_friendly_fire_factor_hard") (value "0.01")
L 02/03/2024 - 20:43:29: [basecommands.smx] "Console<0><Console><Console>" changed cvar (cvar "survivor_friendly_fire_factor_expert") (value "0.01")
L 02/03/2024 - 20:43:29: [basecommands.smx] "Console<0><Console><Console>" changed cvar (cvar "sv_consistency") (value "0")
L 02/03/2024 - 20:43:29: [basecommands.smx] "Console<0><Console><Console>" changed cvar (cvar "sv_allow_lobby_connect_only") (value "0")
L 02/03/2024 - 20:43:29: [basecommands.smx] "Console<0><Console><Console>" changed cvar (cvar "sv_maxplayers") (value "8")
L 02/03/2024 - 20:43:29: [basecommands.smx] "Console<0><Console><Console>" changed cvar (cvar "sv_visiblemaxplayers") (value "-1")
L 02/03/2024 - 20:43:40: [L4D2 HP Regeneration.smx] [HpRegeneration] - Loaded
L 02/03/2024 - 20:48:08: SourceMod log file session started (file "e:\steam\steamapps\common\left 4 dead 2\left4dead2\addons\sourcemod\logs\L20240203.log") (Version "1.11.0.6911")
L 02/03/2024 - 20:48:08: [basecommands.smx] "Console<0><Console><Console>" changed cvar (cvar "precache_all_survivors") (value "1")
L 02/03/2024 - 20:48:08: [basecommands.smx] "Console<0><Console><Console>" changed cvar (cvar "survivor_friendly_fire_factor_normal") (value "0.01")
L 02/03/2024 - 20:48:08: [basecommands.smx] "Console<0><Console><Console>" changed cvar (cvar "survivor_friendly_fire_factor_hard") (value "0.01")
L 02/03/2024 - 20:48:08: [basecommands.smx] "Console<0><Console><Console>" changed cvar (cvar "survivor_friendly_fire_factor_expert") (value "0.01")
L 02/03/2024 - 20:48:08: [basecommands.smx] "Console<0><Console><Console>" changed cvar (cvar "sv_consistency") (value "0")
L 02/03/2024 - 20:48:08: [basecommands.smx] "Console<0><Console><Console>" changed cvar (cvar "sv_allow_lobby_connect_only") (value "0")
L 02/03/2024 - 20:48:08: [basecommands.smx] "Console<0><Console><Console>" changed cvar (cvar "sv_maxplayers") (value "8")
L 02/03/2024 - 20:48:08: [basecommands.smx] "Console<0><Console><Console>" changed cvar (cvar "sv_visiblemaxplayers") (value "-1")
L 02/03/2024 - 20:48:19: [L4D2 HP Regeneration.smx] [HpRegeneration] - Loaded
L 02/03/2024 - 20:53:05: SourceMod log file session started (file "e:\steam\steamapps\common\left 4 dead 2\left4dead2\addons\sourcemod\logs\L20240203.log") (Version "1.11.0.6911")
L 02/03/2024 - 20:53:05: [basecommands.smx] "Console<0><Console><Console>" changed cvar (cvar "precache_all_survivors") (value "1")
L 02/03/2024 - 20:53:05: [basecommands.smx] "Console<0><Console><Console>" changed cvar (cvar "survivor_friendly_fire_factor_normal") (value "0.01")
L 02/03/2024 - 20:53:05: [basecommands.smx] "Console<0><Console><Console>" changed cvar (cvar "survivor_friendly_fire_factor_hard") (value "0.01")
L 02/03/2024 - 20:53:05: [basecommands.smx] "Console<0><Console><Console>" changed cvar (cvar "survivor_friendly_fire_factor_expert") (value "0.01")
L 02/03/2024 - 20:53:05: [basecommands.smx] "Console<0><Console><Console>" changed cvar (cvar "sv_consistency") (value "0")
L 02/03/2024 - 20:53:05: [basecommands.smx] "Console<0><Console><Console>" changed cvar (cvar "sv_allow_lobby_connect_only") (value "0")
L 02/03/2024 - 20:53:05: [basecommands.smx] "Console<0><Console><Console>" changed cvar (cvar "sv_maxplayers") (value "8")
L 02/03/2024 - 20:53:05: [basecommands.smx] "Console<0><Console><Console>" changed cvar (cvar "sv_visiblemaxplayers") (value "-1")
L 02/03/2024 - 20:53:05: [UPDATER] Successfully updated gamedata file "sdktools.games/engine.l4d2.txt"
L 02/03/2024 - 20:53:05: [UPDATER] Successfully updated gamedata file "core.games/engine.l4d2.txt"
L 02/03/2024 - 20:53:05: [UPDATER] SourceMod has been updated, please reload it or restart your server.
L 02/03/2024 - 20:53:17: [L4D2 HP Regeneration.smx] [HpRegeneration] - Loaded
L 02/03/2024 - 20:55:11: Log file closed.
L 02/03/2024 - 21:01:45: SourceMod log file session started (file "e:\steam\steamapps\common\left 4 dead 2\left4dead2\addons\sourcemod\logs\L20240203.log") (Version "1.11.0.6911")
L 02/03/2024 - 21:01:45: [basecommands.smx] "Console<0><Console><Console>" changed cvar (cvar "precache_all_survivors") (value "1")
L 02/03/2024 - 21:01:45: [basecommands.smx] "Console<0><Console><Console>" changed cvar (cvar "survivor_friendly_fire_factor_normal") (value "0.01")
L 02/03/2024 - 21:01:45: [basecommands.smx] "Console<0><Console><Console>" changed cvar (cvar "survivor_friendly_fire_factor_hard") (value "0.01")
L 02/03/2024 - 21:01:45: [basecommands.smx] "Console<0><Console><Console>" changed cvar (cvar "survivor_friendly_fire_factor_expert") (value "0.01")
L 02/03/2024 - 21:01:46: [basecommands.smx] "Console<0><Console><Console>" changed cvar (cvar "sv_consistency") (value "0")
L 02/03/2024 - 21:01:46: [basecommands.smx] "Console<0><Console><Console>" changed cvar (cvar "sv_allow_lobby_connect_only") (value "0")
L 02/03/2024 - 21:01:46: [basecommands.smx] "Console<0><Console><Console>" changed cvar (cvar "sv_maxplayers") (value "8")
L 02/03/2024 - 21:01:46: [basecommands.smx] "Console<0><Console><Console>" changed cvar (cvar "sv_visiblemaxplayers") (value "-1")
L 02/03/2024 - 21:01:46: [UPDATER] Successfully updated gamedata file "sdktools.games/engine.l4d2.txt"
L 02/03/2024 - 21:01:46: [UPDATER] Successfully updated gamedata file "core.games/engine.l4d2.txt"
L 02/03/2024 - 21:01:46: [UPDATER] SourceMod has been updated, please reload it or restart your server.
L 02/03/2024 - 21:01:57: [L4D2 HP Regeneration.smx] [HpRegeneration] - Loaded
L 02/03/2024 - 21:02:43: [BugFixes] WitchAttack created for client [CZ].HellSpectral.
L 02/03/2024 - 21:02:43: [BugFixes] WitchAttack char=0.
L 02/03/2024 - 21:04:34: -------- Mapchange to tumtara --------
L 02/03/2024 - 21:04:39: [basecommands.smx] "Console<0><Console><Console>" changed cvar (cvar "precache_all_survivors") (value "1")
L 02/03/2024 - 21:04:39: [basecommands.smx] "Console<0><Console><Console>" changed cvar (cvar "survivor_friendly_fire_factor_normal") (value "0.01")
L 02/03/2024 - 21:04:39: [basecommands.smx] "Console<0><Console><Console>" changed cvar (cvar "survivor_friendly_fire_factor_hard") (value "0.01")
L 02/03/2024 - 21:04:39: [basecommands.smx] "Console<0><Console><Console>" changed cvar (cvar "survivor_friendly_fire_factor_expert") (value "0.01")
L 02/03/2024 - 21:04:39: [basecommands.smx] "Console<0><Console><Console>" changed cvar (cvar "sv_consistency") (value "0")
L 02/03/2024 - 21:04:39: [basecommands.smx] "Console<0><Console><Console>" changed cvar (cvar "sv_allow_lobby_connect_only") (value "0")
L 02/03/2024 - 21:04:39: [basecommands.smx] "Console<0><Console><Console>" changed cvar (cvar "sv_maxplayers") (value "8")
L 02/03/2024 - 21:04:39: [basecommands.smx] "Console<0><Console><Console>" changed cvar (cvar "sv_visiblemaxplayers") (value "-1")
L 02/03/2024 - 21:06:52: [BugFixes] WitchAttack created for client [CZ].HellSpectral.
L 02/03/2024 - 21:06:52: [BugFixes] WitchAttack char=0.
L 02/03/2024 - 21:07:52: [BugFixes] WitchAttack created for client [CZ].HellSpectral.
L 02/03/2024 - 21:07:52: [BugFixes] WitchAttack char=0.
L 02/03/2024 - 21:07:52: [BugFixes] WitchAttack created for client [CZ].HellSpectral.
L 02/03/2024 - 21:07:52: [BugFixes] WitchAttack char=0.
L 02/03/2024 - 21:07:53: [BugFixes] WitchAttack created for client [CZ].HellSpectral.
L 02/03/2024 - 21:07:53: [BugFixes] WitchAttack char=0.
L 02/03/2024 - 21:07:54: [BugFixes] WitchAttack created for client [CZ].HellSpectral.
L 02/03/2024 - 21:07:54: [BugFixes] WitchAttack char=0.
L 02/03/2024 - 21:08:22: [BugFixes] WitchAttack created for client [CZ].HellSpectral.
L 02/03/2024 - 21:08:22: [BugFixes] WitchAttack char=0.
L 02/03/2024 - 21:08:22: [BugFixes] WitchAttack created for client [CZ].HellSpectral.
L 02/03/2024 - 21:08:22: [BugFixes] WitchAttack char=0.
L 02/03/2024 - 21:08:23: [BugFixes] WitchAttack created for client [CZ].HellSpectral.
L 02/03/2024 - 21:08:23: [BugFixes] WitchAttack char=0.
L 02/03/2024 - 21:08:23: [BugFixes] WitchAttack created for client [CZ].HellSpectral.
L 02/03/2024 - 21:08:23: [BugFixes] WitchAttack char=0.
L 02/03/2024 - 21:08:24: [BugFixes] WitchAttack created for client [CZ].HellSpectral.
L 02/03/2024 - 21:08:24: [BugFixes] WitchAttack char=0.
L 02/03/2024 - 21:08:24: [BugFixes] WitchAttack created for client [CZ].HellSpectral.
L 02/03/2024 - 21:08:24: [BugFixes] WitchAttack char=0.
L 02/03/2024 - 21:08:25: [BugFixes] WitchAttack created for client [CZ].HellSpectral.
L 02/03/2024 - 21:08:25: [BugFixes] WitchAttack char=0.
L 02/03/2024 - 21:09:27: [BugFixes] WitchAttack created for client [CZ].HellSpectral.
L 02/03/2024 - 21:09:27: [BugFixes] WitchAttack char=0.
L 02/03/2024 - 21:09:27: [BugFixes] WitchAttack created for client [CZ].HellSpectral.
L 02/03/2024 - 21:09:27: [BugFixes] WitchAttack char=0.
L 02/03/2024 - 21:09:28: [BugFixes] WitchAttack created for client [CZ].HellSpectral.
L 02/03/2024 - 21:09:28: [BugFixes] WitchAttack char=0.
L 02/03/2024 - 21:09:57: Log file closed.
